2019-07-23 15:50:23,303 INFO 2093 [egg-schedule]: register schedule /Users/arraybuffer/my_project/kyzb-egg/node_modules/_egg-multipart@2.7.1@egg-multipart/app/schedule/clean_tmpdir.js
2019-07-23 15:50:23,303 INFO 2093 [egg-schedule]: register schedule /Users/arraybuffer/my_project/kyzb-egg/node_modules/_egg-logrotator@3.1.0@egg-logrotator/app/schedule/clean_log.js
2019-07-23 15:50:23,303 INFO 2093 [egg-schedule]: register schedule /Users/arraybuffer/my_project/kyzb-egg/node_modules/_egg-logrotator@3.1.0@egg-logrotator/app/schedule/rotate_by_file.js
2019-07-23 15:50:24,499 INFO 2092 [Timer] /Users/arraybuffer/my_project/kyzb-egg/node_modules/_egg-multipart@2.7.1@egg-multipart/app/schedule/clean_tmpdir.js next time will execute after 45575504ms at 2019-07-24 04:30:00.003
2019-07-23 15:50:24,499 INFO 2092 [Timer] /Users/arraybuffer/my_project/kyzb-egg/node_modules/_egg-logrotator@3.1.0@egg-logrotator/app/schedule/clean_log.js next time will execute after 29375501ms at 2019-07-24 00:00:00.000
2019-07-23 15:50:24,500 INFO 2092 [Timer] /Users/arraybuffer/my_project/kyzb-egg/node_modules/_egg-logrotator@3.1.0@egg-logrotator/app/schedule/rotate_by_file.js next time will execute after 29376501ms at 2019-07-24 00:00:01.001
2019-07-23 16:06:54,196 INFO 2470 [egg-schedule]: register schedule /Users/arraybuffer/my_project/kyzb-egg/node_modules/_egg-multipart@2.7.1@egg-multipart/app/schedule/clean_tmpdir.js
2019-07-23 16:06:54,196 INFO 2470 [egg-schedule]: register schedule /Users/arraybuffer/my_project/kyzb-egg/node_modules/_egg-logrotator@3.1.0@egg-logrotator/app/schedule/clean_log.js
2019-07-23 16:06:54,196 INFO 2470 [egg-schedule]: register schedule /Users/arraybuffer/my_project/kyzb-egg/node_modules/_egg-logrotator@3.1.0@egg-logrotator/app/schedule/rotate_by_file.js
2019-07-23 16:08:24,213 INFO 2496 [egg-schedule]: register schedule /Users/arraybuffer/my_project/kyzb-egg/node_modules/_egg-multipart@2.7.1@egg-multipart/app/schedule/clean_tmpdir.js
2019-07-23 16:08:24,213 INFO 2496 [egg-schedule]: register schedule /Users/arraybuffer/my_project/kyzb-egg/node_modules/_egg-logrotator@3.1.0@egg-logrotator/app/schedule/clean_log.js
2019-07-23 16:08:24,213 INFO 2496 [egg-schedule]: register schedule /Users/arraybuffer/my_project/kyzb-egg/node_modules/_egg-logrotator@3.1.0@egg-logrotator/app/schedule/rotate_by_file.js
2019-07-23 16:10:16,724 INFO 2516 [egg-schedule]: register schedule /Users/arraybuffer/my_project/kyzb-egg/node_modules/_egg-multipart@2.7.1@egg-multipart/app/schedule/clean_tmpdir.js
2019-07-23 16:10:16,725 INFO 2516 [egg-schedule]: register schedule /Users/arraybuffer/my_project/kyzb-egg/node_modules/_egg-logrotator@3.1.0@egg-logrotator/app/schedule/clean_log.js
2019-07-23 16:10:16,725 INFO 2516 [egg-schedule]: register schedule /Users/arraybuffer/my_project/kyzb-egg/node_modules/_egg-logrotator@3.1.0@egg-logrotator/app/schedule/rotate_by_file.js
2019-07-23 16:18:02,729 INFO 4141 [egg-schedule]: register schedule /Users/arraybuffer/my_project/kyzb-egg/node_modules/_egg-multipart@2.7.1@egg-multipart/app/schedule/clean_tmpdir.js
2019-07-23 16:18:02,730 INFO 4141 [egg-schedule]: register schedule /Users/arraybuffer/my_project/kyzb-egg/node_modules/_egg-logrotator@3.1.0@egg-logrotator/app/schedule/clean_log.js
2019-07-23 16:18:02,730 INFO 4141 [egg-schedule]: register schedule /Users/arraybuffer/my_project/kyzb-egg/node_modules/_egg-logrotator@3.1.0@egg-logrotator/app/schedule/rotate_by_file.js
2019-07-23 16:20:08,203 INFO 4160 [egg-schedule]: register schedule /Users/arraybuffer/my_project/kyzb-egg/node_modules/_egg-multipart@2.7.1@egg-multipart/app/schedule/clean_tmpdir.js
2019-07-23 16:20:08,203 INFO 4160 [egg-schedule]: register schedule /Users/arraybuffer/my_project/kyzb-egg/node_modules/_egg-logrotator@3.1.0@egg-logrotator/app/schedule/clean_log.js
2019-07-23 16:20:08,203 INFO 4160 [egg-schedule]: register schedule /Users/arraybuffer/my_project/kyzb-egg/node_modules/_egg-logrotator@3.1.0@egg-logrotator/app/schedule/rotate_by_file.js
2019-07-23 16:21:16,372 INFO 4168 [egg-schedule]: register schedule /Users/arraybuffer/my_project/kyzb-egg/node_modules/_egg-multipart@2.7.1@egg-multipart/app/schedule/clean_tmpdir.js
2019-07-23 16:21:16,373 INFO 4168 [egg-schedule]: register schedule /Users/arraybuffer/my_project/kyzb-egg/node_modules/_egg-logrotator@3.1.0@egg-logrotator/app/schedule/clean_log.js
2019-07-23 16:21:16,373 INFO 4168 [egg-schedule]: register schedule /Users/arraybuffer/my_project/kyzb-egg/node_modules/_egg-logrotator@3.1.0@egg-logrotator/app/schedule/rotate_by_file.js
2019-07-23 16:25:22,177 INFO 4182 [egg-schedule]: register schedule /Users/arraybuffer/my_project/kyzb-egg/node_modules/_egg-multipart@2.7.1@egg-multipart/app/schedule/clean_tmpdir.js
2019-07-23 16:25:22,177 INFO 4182 [egg-schedule]: register schedule /Users/arraybuffer/my_project/kyzb-egg/node_modules/_egg-logrotator@3.1.0@egg-logrotator/app/schedule/clean_log.js
2019-07-23 16:25:22,177 INFO 4182 [egg-schedule]: register schedule /Users/arraybuffer/my_project/kyzb-egg/node_modules/_egg-logrotator@3.1.0@egg-logrotator/app/schedule/rotate_by_file.js
2019-07-23 16:25:28,201 INFO 4193 [egg-schedule]: register schedule /Users/arraybuffer/my_project/kyzb-egg/node_modules/_egg-multipart@2.7.1@egg-multipart/app/schedule/clean_tmpdir.js
2019-07-23 16:25:28,201 INFO 4193 [egg-schedule]: register schedule /Users/arraybuffer/my_project/kyzb-egg/node_modules/_egg-logrotator@3.1.0@egg-logrotator/app/schedule/clean_log.js
2019-07-23 16:25:28,201 INFO 4193 [egg-schedule]: register schedule /Users/arraybuffer/my_project/kyzb-egg/node_modules/_egg-logrotator@3.1.0@egg-logrotator/app/schedule/rotate_by_file.js
2019-07-23 16:29:38,676 INFO 4207 [egg-schedule]: register schedule /Users/arraybuffer/my_project/kyzb-egg/node_modules/_egg-multipart@2.7.1@egg-multipart/app/schedule/clean_tmpdir.js
2019-07-23 16:29:38,676 INFO 4207 [egg-schedule]: register schedule /Users/arraybuffer/my_project/kyzb-egg/node_modules/_egg-logrotator@3.1.0@egg-logrotator/app/schedule/clean_log.js
2019-07-23 16:29:38,676 INFO 4207 [egg-schedule]: register schedule /Users/arraybuffer/my_project/kyzb-egg/node_modules/_egg-logrotator@3.1.0@egg-logrotator/app/schedule/rotate_by_file.js
2019-07-23 16:29:45,672 INFO 4215 [egg-schedule]: register schedule /Users/arraybuffer/my_project/kyzb-egg/node_modules/_egg-multipart@2.7.1@egg-multipart/app/schedule/clean_tmpdir.js
2019-07-23 16:29:45,672 INFO 4215 [egg-schedule]: register schedule /Users/arraybuffer/my_project/kyzb-egg/node_modules/_egg-logrotator@3.1.0@egg-logrotator/app/schedule/clean_log.js
2019-07-23 16:29:45,672 INFO 4215 [egg-schedule]: register schedule /Users/arraybuffer/my_project/kyzb-egg/node_modules/_egg-logrotator@3.1.0@egg-logrotator/app/schedule/rotate_by_file.js
2019-07-23 16:29:47,755 INFO 4216 [egg-schedule]: register schedule /Users/arraybuffer/my_project/kyzb-egg/node_modules/_egg-multipart@2.7.1@egg-multipart/app/schedule/clean_tmpdir.js
2019-07-23 16:29:47,755 INFO 4216 [egg-schedule]: register schedule /Users/arraybuffer/my_project/kyzb-egg/node_modules/_egg-logrotator@3.1.0@egg-logrotator/app/schedule/clean_log.js
2019-07-23 16:29:47,755 INFO 4216 [egg-schedule]: register schedule /Users/arraybuffer/my_project/kyzb-egg/node_modules/_egg-logrotator@3.1.0@egg-logrotator/app/schedule/rotate_by_file.js
2019-07-23 16:31:59,980 INFO 4261 [egg-schedule]: register schedule /Users/arraybuffer/my_project/kyzb-egg/node_modules/_egg-multipart@2.7.1@egg-multipart/app/schedule/clean_tmpdir.js
2019-07-23 16:31:59,980 INFO 4261 [egg-schedule]: register schedule /Users/arraybuffer/my_project/kyzb-egg/node_modules/_egg-logrotator@3.1.0@egg-logrotator/app/schedule/clean_log.js
2019-07-23 16:31:59,980 INFO 4261 [egg-schedule]: register schedule /Users/arraybuffer/my_project/kyzb-egg/node_modules/_egg-logrotator@3.1.0@egg-logrotator/app/schedule/rotate_by_file.js
2019-07-23 16:32:01,605 INFO 4269 [egg-schedule]: register schedule /Users/arraybuffer/my_project/kyzb-egg/node_modules/_egg-multipart@2.7.1@egg-multipart/app/schedule/clean_tmpdir.js
2019-07-23 16:32:01,605 INFO 4269 [egg-schedule]: register schedule /Users/arraybuffer/my_project/kyzb-egg/node_modules/_egg-logrotator@3.1.0@egg-logrotator/app/schedule/clean_log.js
2019-07-23 16:32:01,605 INFO 4269 [egg-schedule]: register schedule /Users/arraybuffer/my_project/kyzb-egg/node_modules/_egg-logrotator@3.1.0@egg-logrotator/app/schedule/rotate_by_file.js
2019-07-23 16:36:02,120 INFO 4280 [egg-schedule]: register schedule /Users/arraybuffer/my_project/kyzb-egg/node_modules/_egg-multipart@2.7.1@egg-multipart/app/schedule/clean_tmpdir.js
2019-07-23 16:36:02,120 INFO 4280 [egg-schedule]: register schedule /Users/arraybuffer/my_project/kyzb-egg/node_modules/_egg-logrotator@3.1.0@egg-logrotator/app/schedule/clean_log.js
2019-07-23 16:36:02,120 INFO 4280 [egg-schedule]: register schedule /Users/arraybuffer/my_project/kyzb-egg/node_modules/_egg-logrotator@3.1.0@egg-logrotator/app/schedule/rotate_by_file.js
2019-07-23 16:36:21,161 INFO 4288 [egg-schedule]: register schedule /Users/arraybuffer/my_project/kyzb-egg/node_modules/_egg-multipart@2.7.1@egg-multipart/app/schedule/clean_tmpdir.js
2019-07-23 16:36:21,161 INFO 4288 [egg-schedule]: register schedule /Users/arraybuffer/my_project/kyzb-egg/node_modules/_egg-logrotator@3.1.0@egg-logrotator/app/schedule/clean_log.js
2019-07-23 16:36:21,161 INFO 4288 [egg-schedule]: register schedule /Users/arraybuffer/my_project/kyzb-egg/node_modules/_egg-logrotator@3.1.0@egg-logrotator/app/schedule/rotate_by_file.js
2019-07-23 16:37:26,416 INFO 4303 [egg-schedule]: register schedule /Users/arraybuffer/my_project/kyzb-egg/node_modules/_egg-multipart@2.7.1@egg-multipart/app/schedule/clean_tmpdir.js
2019-07-23 16:37:26,416 INFO 4303 [egg-schedule]: register schedule /Users/arraybuffer/my_project/kyzb-egg/node_modules/_egg-logrotator@3.1.0@egg-logrotator/app/schedule/clean_log.js
2019-07-23 16:37:26,416 INFO 4303 [egg-schedule]: register schedule /Users/arraybuffer/my_project/kyzb-egg/node_modules/_egg-logrotator@3.1.0@egg-logrotator/app/schedule/rotate_by_file.js
2019-07-23 16:37:32,173 INFO 4311 [egg-schedule]: register schedule /Users/arraybuffer/my_project/kyzb-egg/node_modules/_egg-multipart@2.7.1@egg-multipart/app/schedule/clean_tmpdir.js
2019-07-23 16:37:32,173 INFO 4311 [egg-schedule]: register schedule /Users/arraybuffer/my_project/kyzb-egg/node_modules/_egg-logrotator@3.1.0@egg-logrotator/app/schedule/clean_log.js
2019-07-23 16:37:32,173 INFO 4311 [egg-schedule]: register schedule /Users/arraybuffer/my_project/kyzb-egg/node_modules/_egg-logrotator@3.1.0@egg-logrotator/app/schedule/rotate_by_file.js
2019-07-23 16:38:15,517 INFO 4326 [egg-schedule]: register schedule /Users/arraybuffer/my_project/kyzb-egg/node_modules/_egg-multipart@2.7.1@egg-multipart/app/schedule/clean_tmpdir.js
2019-07-23 16:38:15,517 INFO 4326 [egg-schedule]: register schedule /Users/arraybuffer/my_project/kyzb-egg/node_modules/_egg-logrotator@3.1.0@egg-logrotator/app/schedule/clean_log.js
2019-07-23 16:38:15,517 INFO 4326 [egg-schedule]: register schedule /Users/arraybuffer/my_project/kyzb-egg/node_modules/_egg-logrotator@3.1.0@egg-logrotator/app/schedule/rotate_by_file.js
2019-07-23 16:42:24,709 INFO 4336 [egg-schedule]: register schedule /Users/arraybuffer/my_project/kyzb-egg/node_modules/_egg-multipart@2.7.1@egg-multipart/app/schedule/clean_tmpdir.js
2019-07-23 16:42:24,709 INFO 4336 [egg-schedule]: register schedule /Users/arraybuffer/my_project/kyzb-egg/node_modules/_egg-logrotator@3.1.0@egg-logrotator/app/schedule/clean_log.js
2019-07-23 16:42:24,709 INFO 4336 [egg-schedule]: register schedule /Users/arraybuffer/my_project/kyzb-egg/node_modules/_egg-logrotator@3.1.0@egg-logrotator/app/schedule/rotate_by_file.js
2019-07-23 16:42:48,804 INFO 4344 [egg-schedule]: register schedule /Users/arraybuffer/my_project/kyzb-egg/node_modules/_egg-multipart@2.7.1@egg-multipart/app/schedule/clean_tmpdir.js
2019-07-23 16:42:48,804 INFO 4344 [egg-schedule]: register schedule /Users/arraybuffer/my_project/kyzb-egg/node_modules/_egg-logrotator@3.1.0@egg-logrotator/app/schedule/clean_log.js
2019-07-23 16:42:48,804 INFO 4344 [egg-schedule]: register schedule /Users/arraybuffer/my_project/kyzb-egg/node_modules/_egg-logrotator@3.1.0@egg-logrotator/app/schedule/rotate_by_file.js
2019-07-23 16:42:59,357 INFO 4353 [egg-schedule]: register schedule /Users/arraybuffer/my_project/kyzb-egg/node_modules/_egg-multipart@2.7.1@egg-multipart/app/schedule/clean_tmpdir.js
2019-07-23 16:42:59,357 INFO 4353 [egg-schedule]: register schedule /Users/arraybuffer/my_project/kyzb-egg/node_modules/_egg-logrotator@3.1.0@egg-logrotator/app/schedule/clean_log.js
2019-07-23 16:42:59,357 INFO 4353 [egg-schedule]: register schedule /Users/arraybuffer/my_project/kyzb-egg/node_modules/_egg-logrotator@3.1.0@egg-logrotator/app/schedule/rotate_by_file.js
2019-07-23 16:43:19,632 INFO 4361 [egg-schedule]: register schedule /Users/arraybuffer/my_project/kyzb-egg/node_modules/_egg-multipart@2.7.1@egg-multipart/app/schedule/clean_tmpdir.js
2019-07-23 16:43:19,632 INFO 4361 [egg-schedule]: register schedule /Users/arraybuffer/my_project/kyzb-egg/node_modules/_egg-logrotator@3.1.0@egg-logrotator/app/schedule/clean_log.js
2019-07-23 16:43:19,632 INFO 4361 [egg-schedule]: register schedule /Users/arraybuffer/my_project/kyzb-egg/node_modules/_egg-logrotator@3.1.0@egg-logrotator/app/schedule/rotate_by_file.js
2019-07-23 16:44:18,069 INFO 4370 [egg-schedule]: register schedule /Users/arraybuffer/my_project/kyzb-egg/node_modules/_egg-multipart@2.7.1@egg-multipart/app/schedule/clean_tmpdir.js
2019-07-23 16:44:18,069 INFO 4370 [egg-schedule]: register schedule /Users/arraybuffer/my_project/kyzb-egg/node_modules/_egg-logrotator@3.1.0@egg-logrotator/app/schedule/clean_log.js
2019-07-23 16:44:18,069 INFO 4370 [egg-schedule]: register schedule /Users/arraybuffer/my_project/kyzb-egg/node_modules/_egg-logrotator@3.1.0@egg-logrotator/app/schedule/rotate_by_file.js
2019-07-23 16:44:43,244 INFO 4378 [egg-schedule]: register schedule /Users/arraybuffer/my_project/kyzb-egg/node_modules/_egg-multipart@2.7.1@egg-multipart/app/schedule/clean_tmpdir.js
2019-07-23 16:44:43,244 INFO 4378 [egg-schedule]: register schedule /Users/arraybuffer/my_project/kyzb-egg/node_modules/_egg-logrotator@3.1.0@egg-logrotator/app/schedule/clean_log.js
2019-07-23 16:44:43,244 INFO 4378 [egg-schedule]: register schedule /Users/arraybuffer/my_project/kyzb-egg/node_modules/_egg-logrotator@3.1.0@egg-logrotator/app/schedule/rotate_by_file.js
2019-07-23 16:44:48,793 INFO 4386 [egg-schedule]: register schedule /Users/arraybuffer/my_project/kyzb-egg/node_modules/_egg-multipart@2.7.1@egg-multipart/app/schedule/clean_tmpdir.js
2019-07-23 16:44:48,793 INFO 4386 [egg-schedule]: register schedule /Users/arraybuffer/my_project/kyzb-egg/node_modules/_egg-logrotator@3.1.0@egg-logrotator/app/schedule/clean_log.js
2019-07-23 16:44:48,793 INFO 4386 [egg-schedule]: register schedule /Users/arraybuffer/my_project/kyzb-egg/node_modules/_egg-logrotator@3.1.0@egg-logrotator/app/schedule/rotate_by_file.js
2019-07-23 16:45:03,470 INFO 4394 [egg-schedule]: register schedule /Users/arraybuffer/my_project/kyzb-egg/node_modules/_egg-multipart@2.7.1@egg-multipart/app/schedule/clean_tmpdir.js
2019-07-23 16:45:03,470 INFO 4394 [egg-schedule]: register schedule /Users/arraybuffer/my_project/kyzb-egg/node_modules/_egg-logrotator@3.1.0@egg-logrotator/app/schedule/clean_log.js
2019-07-23 16:45:03,470 INFO 4394 [egg-schedule]: register schedule /Users/arraybuffer/my_project/kyzb-egg/node_modules/_egg-logrotator@3.1.0@egg-logrotator/app/schedule/rotate_by_file.js
2019-07-23 16:45:20,878 INFO 4409 [egg-schedule]: register schedule /Users/arraybuffer/my_project/kyzb-egg/node_modules/_egg-multipart@2.7.1@egg-multipart/app/schedule/clean_tmpdir.js
2019-07-23 16:45:20,878 INFO 4409 [egg-schedule]: register schedule /Users/arraybuffer/my_project/kyzb-egg/node_modules/_egg-logrotator@3.1.0@egg-logrotator/app/schedule/clean_log.js
2019-07-23 16:45:20,878 INFO 4409 [egg-schedule]: register schedule /Users/arraybuffer/my_project/kyzb-egg/node_modules/_egg-logrotator@3.1.0@egg-logrotator/app/schedule/rotate_by_file.js
2019-07-23 16:45:35,361 INFO 4424 [egg-schedule]: register schedule /Users/arraybuffer/my_project/kyzb-egg/node_modules/_egg-multipart@2.7.1@egg-multipart/app/schedule/clean_tmpdir.js
2019-07-23 16:45:35,361 INFO 4424 [egg-schedule]: register schedule /Users/arraybuffer/my_project/kyzb-egg/node_modules/_egg-logrotator@3.1.0@egg-logrotator/app/schedule/clean_log.js
2019-07-23 16:45:35,361 INFO 4424 [egg-schedule]: register schedule /Users/arraybuffer/my_project/kyzb-egg/node_modules/_egg-logrotator@3.1.0@egg-logrotator/app/schedule/rotate_by_file.js
2019-07-23 16:45:37,389 INFO 4432 [egg-schedule]: register schedule /Users/arraybuffer/my_project/kyzb-egg/node_modules/_egg-multipart@2.7.1@egg-multipart/app/schedule/clean_tmpdir.js
2019-07-23 16:45:37,389 INFO 4432 [egg-schedule]: register schedule /Users/arraybuffer/my_project/kyzb-egg/node_modules/_egg-logrotator@3.1.0@egg-logrotator/app/schedule/clean_log.js
2019-07-23 16:45:37,389 INFO 4432 [egg-schedule]: register schedule /Users/arraybuffer/my_project/kyzb-egg/node_modules/_egg-logrotator@3.1.0@egg-logrotator/app/schedule/rotate_by_file.js
2019-07-23 16:45:48,081 INFO 4440 [egg-schedule]: register schedule /Users/arraybuffer/my_project/kyzb-egg/node_modules/_egg-multipart@2.7.1@egg-multipart/app/schedule/clean_tmpdir.js
2019-07-23 16:45:48,081 INFO 4440 [egg-schedule]: register schedule /Users/arraybuffer/my_project/kyzb-egg/node_modules/_egg-logrotator@3.1.0@egg-logrotator/app/schedule/clean_log.js
2019-07-23 16:45:48,081 INFO 4440 [egg-schedule]: register schedule /Users/arraybuffer/my_project/kyzb-egg/node_modules/_egg-logrotator@3.1.0@egg-logrotator/app/schedule/rotate_by_file.js
2019-07-23 16:45:55,296 INFO 4455 [egg-schedule]: register schedule /Users/arraybuffer/my_project/kyzb-egg/node_modules/_egg-multipart@2.7.1@egg-multipart/app/schedule/clean_tmpdir.js
2019-07-23 16:45:55,296 INFO 4455 [egg-schedule]: register schedule /Users/arraybuffer/my_project/kyzb-egg/node_modules/_egg-logrotator@3.1.0@egg-logrotator/app/schedule/clean_log.js
2019-07-23 16:45:55,296 INFO 4455 [egg-schedule]: register schedule /Users/arraybuffer/my_project/kyzb-egg/node_modules/_egg-logrotator@3.1.0@egg-logrotator/app/schedule/rotate_by_file.js
2019-07-23 16:45:59,725 INFO 4463 [egg-schedule]: register schedule /Users/arraybuffer/my_project/kyzb-egg/node_modules/_egg-multipart@2.7.1@egg-multipart/app/schedule/clean_tmpdir.js
2019-07-23 16:45:59,726 INFO 4463 [egg-schedule]: register schedule /Users/arraybuffer/my_project/kyzb-egg/node_modules/_egg-logrotator@3.1.0@egg-logrotator/app/schedule/clean_log.js
2019-07-23 16:45:59,726 INFO 4463 [egg-schedule]: register schedule /Users/arraybuffer/my_project/kyzb-egg/node_modules/_egg-logrotator@3.1.0@egg-logrotator/app/schedule/rotate_by_file.js
2019-07-23 16:46:12,315 INFO 4471 [egg-schedule]: register schedule /Users/arraybuffer/my_project/kyzb-egg/node_modules/_egg-multipart@2.7.1@egg-multipart/app/schedule/clean_tmpdir.js
2019-07-23 16:46:12,315 INFO 4471 [egg-schedule]: register schedule /Users/arraybuffer/my_project/kyzb-egg/node_modules/_egg-logrotator@3.1.0@egg-logrotator/app/schedule/clean_log.js
2019-07-23 16:46:12,315 INFO 4471 [egg-schedule]: register schedule /Users/arraybuffer/my_project/kyzb-egg/node_modules/_egg-logrotator@3.1.0@egg-logrotator/app/schedule/rotate_by_file.js
2019-07-23 16:46:29,651 INFO 4479 [egg-schedule]: register schedule /Users/arraybuffer/my_project/kyzb-egg/node_modules/_egg-multipart@2.7.1@egg-multipart/app/schedule/clean_tmpdir.js
2019-07-23 16:46:29,651 INFO 4479 [egg-schedule]: register schedule /Users/arraybuffer/my_project/kyzb-egg/node_modules/_egg-logrotator@3.1.0@egg-logrotator/app/schedule/clean_log.js
2019-07-23 16:46:29,651 INFO 4479 [egg-schedule]: register schedule /Users/arraybuffer/my_project/kyzb-egg/node_modules/_egg-logrotator@3.1.0@egg-logrotator/app/schedule/rotate_by_file.js
2019-07-23 16:47:17,401 INFO 4487 [egg-schedule]: register schedule /Users/arraybuffer/my_project/kyzb-egg/node_modules/_egg-multipart@2.7.1@egg-multipart/app/schedule/clean_tmpdir.js
2019-07-23 16:47:17,401 INFO 4487 [egg-schedule]: register schedule /Users/arraybuffer/my_project/kyzb-egg/node_modules/_egg-logrotator@3.1.0@egg-logrotator/app/schedule/clean_log.js
2019-07-23 16:47:17,401 INFO 4487 [egg-schedule]: register schedule /Users/arraybuffer/my_project/kyzb-egg/node_modules/_egg-logrotator@3.1.0@egg-logrotator/app/schedule/rotate_by_file.js
2019-07-23 16:47:51,936 INFO 4517 [egg-schedule]: register schedule /Users/arraybuffer/my_project/kyzb-egg/node_modules/_egg-multipart@2.7.1@egg-multipart/app/schedule/clean_tmpdir.js
2019-07-23 16:47:51,936 INFO 4517 [egg-schedule]: register schedule /Users/arraybuffer/my_project/kyzb-egg/node_modules/_egg-logrotator@3.1.0@egg-logrotator/app/schedule/clean_log.js
2019-07-23 16:47:51,936 INFO 4517 [egg-schedule]: register schedule /Users/arraybuffer/my_project/kyzb-egg/node_modules/_egg-logrotator@3.1.0@egg-logrotator/app/schedule/rotate_by_file.js
2019-07-23 16:48:21,144 INFO 4532 [egg-schedule]: register schedule /Users/arraybuffer/my_project/kyzb-egg/node_modules/_egg-multipart@2.7.1@egg-multipart/app/schedule/clean_tmpdir.js
2019-07-23 16:48:21,144 INFO 4532 [egg-schedule]: register schedule /Users/arraybuffer/my_project/kyzb-egg/node_modules/_egg-logrotator@3.1.0@egg-logrotator/app/schedule/clean_log.js
2019-07-23 16:48:21,144 INFO 4532 [egg-schedule]: register schedule /Users/arraybuffer/my_project/kyzb-egg/node_modules/_egg-logrotator@3.1.0@egg-logrotator/app/schedule/rotate_by_file.js
2019-07-23 16:49:54,865 INFO 4542 [egg-schedule]: register schedule /Users/arraybuffer/my_project/kyzb-egg/node_modules/_egg-multipart@2.7.1@egg-multipart/app/schedule/clean_tmpdir.js
2019-07-23 16:49:54,865 INFO 4542 [egg-schedule]: register schedule /Users/arraybuffer/my_project/kyzb-egg/node_modules/_egg-logrotator@3.1.0@egg-logrotator/app/schedule/clean_log.js
2019-07-23 16:49:54,865 INFO 4542 [egg-schedule]: register schedule /Users/arraybuffer/my_project/kyzb-egg/node_modules/_egg-logrotator@3.1.0@egg-logrotator/app/schedule/rotate_by_file.js
2019-07-23 16:50:05,920 INFO 4550 [egg-schedule]: register schedule /Users/arraybuffer/my_project/kyzb-egg/node_modules/_egg-multipart@2.7.1@egg-multipart/app/schedule/clean_tmpdir.js
2019-07-23 16:50:05,920 INFO 4550 [egg-schedule]: register schedule /Users/arraybuffer/my_project/kyzb-egg/node_modules/_egg-logrotator@3.1.0@egg-logrotator/app/schedule/clean_log.js
2019-07-23 16:50:05,920 INFO 4550 [egg-schedule]: register schedule /Users/arraybuffer/my_project/kyzb-egg/node_modules/_egg-logrotator@3.1.0@egg-logrotator/app/schedule/rotate_by_file.js
2019-07-24 16:37:23,713 INFO 6050 [egg-schedule]: register schedule /Users/arraybuffer/my_project/kyzb-egg/node_modules/_egg-multipart@2.7.1@egg-multipart/app/schedule/clean_tmpdir.js
2019-07-24 16:37:23,713 INFO 6050 [egg-schedule]: register schedule /Users/arraybuffer/my_project/kyzb-egg/node_modules/_egg-logrotator@3.1.0@egg-logrotator/app/schedule/clean_log.js
2019-07-24 16:37:23,713 INFO 6050 [egg-schedule]: register schedule /Users/arraybuffer/my_project/kyzb-egg/node_modules/_egg-logrotator@3.1.0@egg-logrotator/app/schedule/rotate_by_file.js
2019-07-24 16:37:24,396 INFO 6049 [Timer] /Users/arraybuffer/my_project/kyzb-egg/node_modules/_egg-multipart@2.7.1@egg-multipart/app/schedule/clean_tmpdir.js next time will execute after 42755607ms at 2019-07-25 04:30:00.003
2019-07-24 16:37:24,397 INFO 6049 [Timer] /Users/arraybuffer/my_project/kyzb-egg/node_modules/_egg-logrotator@3.1.0@egg-logrotator/app/schedule/clean_log.js next time will execute after 26555604ms at 2019-07-25 00:00:00.001
2019-07-24 16:37:24,397 INFO 6049 [Timer] /Users/arraybuffer/my_project/kyzb-egg/node_modules/_egg-logrotator@3.1.0@egg-logrotator/app/schedule/rotate_by_file.js next time will execute after 26556603ms at 2019-07-25 00:00:01.000
2019-07-24 17:08:41,122 INFO 6502 [egg-schedule]: register schedule /Users/arraybuffer/my_project/kyzb-egg/node_modules/_egg-multipart@2.7.1@egg-multipart/app/schedule/clean_tmpdir.js
2019-07-24 17:08:41,122 INFO 6502 [egg-schedule]: register schedule /Users/arraybuffer/my_project/kyzb-egg/node_modules/_egg-logrotator@3.1.0@egg-logrotator/app/schedule/clean_log.js
2019-07-24 17:08:41,122 INFO 6502 [egg-schedule]: register schedule /Users/arraybuffer/my_project/kyzb-egg/node_modules/_egg-logrotator@3.1.0@egg-logrotator/app/schedule/rotate_by_file.js
2019-07-24 17:09:37,085 INFO 6513 [egg-schedule]: register schedule /Users/arraybuffer/my_project/kyzb-egg/node_modules/_egg-multipart@2.7.1@egg-multipart/app/schedule/clean_tmpdir.js
2019-07-24 17:09:37,085 INFO 6513 [egg-schedule]: register schedule /Users/arraybuffer/my_project/kyzb-egg/node_modules/_egg-logrotator@3.1.0@egg-logrotator/app/schedule/clean_log.js
2019-07-24 17:09:37,085 INFO 6513 [egg-schedule]: register schedule /Users/arraybuffer/my_project/kyzb-egg/node_modules/_egg-logrotator@3.1.0@egg-logrotator/app/schedule/rotate_by_file.js
2019-07-24 17:27:32,240 INFO 6645 [egg-schedule]: register schedule /Users/arraybuffer/my_project/kyzb-egg/node_modules/_egg-multipart@2.7.1@egg-multipart/app/schedule/clean_tmpdir.js
2019-07-24 17:27:32,240 INFO 6645 [egg-schedule]: register schedule /Users/arraybuffer/my_project/kyzb-egg/node_modules/_egg-logrotator@3.1.0@egg-logrotator/app/schedule/clean_log.js
2019-07-24 17:27:32,240 INFO 6645 [egg-schedule]: register schedule /Users/arraybuffer/my_project/kyzb-egg/node_modules/_egg-logrotator@3.1.0@egg-logrotator/app/schedule/rotate_by_file.js
2019-07-24 17:30:35,079 INFO 6655 [egg-schedule]: register schedule /Users/arraybuffer/my_project/kyzb-egg/node_modules/_egg-multipart@2.7.1@egg-multipart/app/schedule/clean_tmpdir.js
2019-07-24 17:30:35,079 INFO 6655 [egg-schedule]: register schedule /Users/arraybuffer/my_project/kyzb-egg/node_modules/_egg-logrotator@3.1.0@egg-logrotator/app/schedule/clean_log.js
2019-07-24 17:30:35,079 INFO 6655 [egg-schedule]: register schedule /Users/arraybuffer/my_project/kyzb-egg/node_modules/_egg-logrotator@3.1.0@egg-logrotator/app/schedule/rotate_by_file.js
2019-07-24 17:31:01,857 INFO 6663 [egg-schedule]: register schedule /Users/arraybuffer/my_project/kyzb-egg/node_modules/_egg-multipart@2.7.1@egg-multipart/app/schedule/clean_tmpdir.js
2019-07-24 17:31:01,857 INFO 6663 [egg-schedule]: register schedule /Users/arraybuffer/my_project/kyzb-egg/node_modules/_egg-logrotator@3.1.0@egg-logrotator/app/schedule/clean_log.js
2019-07-24 17:31:01,857 INFO 6663 [egg-schedule]: register schedule /Users/arraybuffer/my_project/kyzb-egg/node_modules/_egg-logrotator@3.1.0@egg-logrotator/app/schedule/rotate_by_file.js
2019-07-24 17:31:49,797 INFO 6672 [egg-schedule]: register schedule /Users/arraybuffer/my_project/kyzb-egg/node_modules/_egg-multipart@2.7.1@egg-multipart/app/schedule/clean_tmpdir.js
2019-07-24 17:31:49,797 INFO 6672 [egg-schedule]: register schedule /Users/arraybuffer/my_project/kyzb-egg/node_modules/_egg-logrotator@3.1.0@egg-logrotator/app/schedule/clean_log.js
2019-07-24 17:31:49,797 INFO 6672 [egg-schedule]: register schedule /Users/arraybuffer/my_project/kyzb-egg/node_modules/_egg-logrotator@3.1.0@egg-logrotator/app/schedule/rotate_by_file.js
2019-07-24 17:31:53,609 INFO 6680 [egg-schedule]: register schedule /Users/arraybuffer/my_project/kyzb-egg/node_modules/_egg-multipart@2.7.1@egg-multipart/app/schedule/clean_tmpdir.js
2019-07-24 17:31:53,609 INFO 6680 [egg-schedule]: register schedule /Users/arraybuffer/my_project/kyzb-egg/node_modules/_egg-logrotator@3.1.0@egg-logrotator/app/schedule/clean_log.js
2019-07-24 17:31:53,609 INFO 6680 [egg-schedule]: register schedule /Users/arraybuffer/my_project/kyzb-egg/node_modules/_egg-logrotator@3.1.0@egg-logrotator/app/schedule/rotate_by_file.js
2019-07-24 17:36:19,237 INFO 6713 [egg-schedule]: register schedule /Users/arraybuffer/my_project/kyzb-egg/node_modules/_egg-multipart@2.7.1@egg-multipart/app/schedule/clean_tmpdir.js
2019-07-24 17:36:19,237 INFO 6713 [egg-schedule]: register schedule /Users/arraybuffer/my_project/kyzb-egg/node_modules/_egg-logrotator@3.1.0@egg-logrotator/app/schedule/clean_log.js
2019-07-24 17:36:19,237 INFO 6713 [egg-schedule]: register schedule /Users/arraybuffer/my_project/kyzb-egg/node_modules/_egg-logrotator@3.1.0@egg-logrotator/app/schedule/rotate_by_file.js
2019-07-24 17:36:54,674 INFO 6729 [egg-schedule]: register schedule /Users/arraybuffer/my_project/kyzb-egg/node_modules/_egg-multipart@2.7.1@egg-multipart/app/schedule/clean_tmpdir.js
2019-07-24 17:36:54,674 INFO 6729 [egg-schedule]: register schedule /Users/arraybuffer/my_project/kyzb-egg/node_modules/_egg-logrotator@3.1.0@egg-logrotator/app/schedule/clean_log.js
2019-07-24 17:36:54,674 INFO 6729 [egg-schedule]: register schedule /Users/arraybuffer/my_project/kyzb-egg/node_modules/_egg-logrotator@3.1.0@egg-logrotator/app/schedule/rotate_by_file.js
2019-07-24 17:37:16,048 INFO 6737 [egg-schedule]: register schedule /Users/arraybuffer/my_project/kyzb-egg/node_modules/_egg-multipart@2.7.1@egg-multipart/app/schedule/clean_tmpdir.js
2019-07-24 17:37:16,048 INFO 6737 [egg-schedule]: register schedule /Users/arraybuffer/my_project/kyzb-egg/node_modules/_egg-logrotator@3.1.0@egg-logrotator/app/schedule/clean_log.js
2019-07-24 17:37:16,048 INFO 6737 [egg-schedule]: register schedule /Users/arraybuffer/my_project/kyzb-egg/node_modules/_egg-logrotator@3.1.0@egg-logrotator/app/schedule/rotate_by_file.js
2019-07-24 18:15:21,475 INFO 6767 [egg-schedule]: register schedule /Users/arraybuffer/my_project/kyzb-egg/node_modules/_egg-multipart@2.7.1@egg-multipart/app/schedule/clean_tmpdir.js
2019-07-24 18:15:21,476 INFO 6767 [egg-schedule]: register schedule /Users/arraybuffer/my_project/kyzb-egg/node_modules/_egg-logrotator@3.1.0@egg-logrotator/app/schedule/clean_log.js
2019-07-24 18:15:21,476 INFO 6767 [egg-schedule]: register schedule /Users/arraybuffer/my_project/kyzb-egg/node_modules/_egg-logrotator@3.1.0@egg-logrotator/app/schedule/rotate_by_file.js
2019-07-24 18:15:43,978 INFO 6790 [Timer] /Users/arraybuffer/my_project/kyzb-egg/node_modules/_egg-multipart@2.7.1@egg-multipart/app/schedule/clean_tmpdir.js next time will execute after 36856025ms at 2019-07-25 04:30:00.003
2019-07-24 18:15:43,978 INFO 6790 [Timer] /Users/arraybuffer/my_project/kyzb-egg/node_modules/_egg-logrotator@3.1.0@egg-logrotator/app/schedule/clean_log.js next time will execute after 20656022ms at 2019-07-25 00:00:00.000
2019-07-24 18:15:43,979 INFO 6790 [Timer] /Users/arraybuffer/my_project/kyzb-egg/node_modules/_egg-logrotator@3.1.0@egg-logrotator/app/schedule/rotate_by_file.js next time will execute after 20657022ms at 2019-07-25 00:00:01.001
2019-07-24 18:15:43,716 INFO 6791 [egg-schedule]: register schedule /Users/arraybuffer/my_project/kyzb-egg/node_modules/_egg-multipart@2.7.1@egg-multipart/app/schedule/clean_tmpdir.js
2019-07-24 18:15:43,716 INFO 6791 [egg-schedule]: register schedule /Users/arraybuffer/my_project/kyzb-egg/node_modules/_egg-logrotator@3.1.0@egg-logrotator/app/schedule/clean_log.js
2019-07-24 18:15:43,716 INFO 6791 [egg-schedule]: register schedule /Users/arraybuffer/my_project/kyzb-egg/node_modules/_egg-logrotator@3.1.0@egg-logrotator/app/schedule/rotate_by_file.js
2019-07-24 18:16:20,046 INFO 6803 [egg-schedule]: register schedule /Users/arraybuffer/my_project/kyzb-egg/node_modules/_egg-multipart@2.7.1@egg-multipart/app/schedule/clean_tmpdir.js
2019-07-24 18:16:20,046 INFO 6803 [egg-schedule]: register schedule /Users/arraybuffer/my_project/kyzb-egg/node_modules/_egg-logrotator@3.1.0@egg-logrotator/app/schedule/clean_log.js
2019-07-24 18:16:20,046 INFO 6803 [egg-schedule]: register schedule /Users/arraybuffer/my_project/kyzb-egg/node_modules/_egg-logrotator@3.1.0@egg-logrotator/app/schedule/rotate_by_file.js
2019-07-24 18:17:26,608 INFO 6823 [egg-schedule]: register schedule /Users/arraybuffer/my_project/kyzb-egg/node_modules/_egg-multipart@2.7.1@egg-multipart/app/schedule/clean_tmpdir.js
2019-07-24 18:17:26,609 INFO 6823 [egg-schedule]: register schedule /Users/arraybuffer/my_project/kyzb-egg/node_modules/_egg-logrotator@3.1.0@egg-logrotator/app/schedule/clean_log.js
2019-07-24 18:17:26,609 INFO 6823 [egg-schedule]: register schedule /Users/arraybuffer/my_project/kyzb-egg/node_modules/_egg-logrotator@3.1.0@egg-logrotator/app/schedule/rotate_by_file.js
2019-07-24 18:17:51,604 INFO 6833 [egg-schedule]: register schedule /Users/arraybuffer/my_project/kyzb-egg/node_modules/_egg-multipart@2.7.1@egg-multipart/app/schedule/clean_tmpdir.js
2019-07-24 18:17:51,604 INFO 6833 [egg-schedule]: register schedule /Users/arraybuffer/my_project/kyzb-egg/node_modules/_egg-logrotator@3.1.0@egg-logrotator/app/schedule/clean_log.js
2019-07-24 18:17:51,604 INFO 6833 [egg-schedule]: register schedule /Users/arraybuffer/my_project/kyzb-egg/node_modules/_egg-logrotator@3.1.0@egg-logrotator/app/schedule/rotate_by_file.js
2019-07-24 18:17:59,532 INFO 6848 [egg-schedule]: register schedule /Users/arraybuffer/my_project/kyzb-egg/node_modules/_egg-multipart@2.7.1@egg-multipart/app/schedule/clean_tmpdir.js
2019-07-24 18:17:59,532 INFO 6848 [egg-schedule]: register schedule /Users/arraybuffer/my_project/kyzb-egg/node_modules/_egg-logrotator@3.1.0@egg-logrotator/app/schedule/clean_log.js
2019-07-24 18:17:59,532 INFO 6848 [egg-schedule]: register schedule /Users/arraybuffer/my_project/kyzb-egg/node_modules/_egg-logrotator@3.1.0@egg-logrotator/app/schedule/rotate_by_file.js
2019-07-24 18:18:16,542 INFO 6856 [egg-schedule]: register schedule /Users/arraybuffer/my_project/kyzb-egg/node_modules/_egg-multipart@2.7.1@egg-multipart/app/schedule/clean_tmpdir.js
2019-07-24 18:18:16,543 INFO 6856 [egg-schedule]: register schedule /Users/arraybuffer/my_project/kyzb-egg/node_modules/_egg-logrotator@3.1.0@egg-logrotator/app/schedule/clean_log.js
2019-07-24 18:18:16,543 INFO 6856 [egg-schedule]: register schedule /Users/arraybuffer/my_project/kyzb-egg/node_modules/_egg-logrotator@3.1.0@egg-logrotator/app/schedule/rotate_by_file.js
2019-07-24 18:19:37,879 INFO 6888 [egg-schedule]: register schedule /Users/arraybuffer/my_project/kyzb-egg/node_modules/_egg-multipart@2.7.1@egg-multipart/app/schedule/clean_tmpdir.js
2019-07-24 18:19:37,879 INFO 6888 [egg-schedule]: register schedule /Users/arraybuffer/my_project/kyzb-egg/node_modules/_egg-logrotator@3.1.0@egg-logrotator/app/schedule/clean_log.js
2019-07-24 18:19:37,879 INFO 6888 [egg-schedule]: register schedule /Users/arraybuffer/my_project/kyzb-egg/node_modules/_egg-logrotator@3.1.0@egg-logrotator/app/schedule/rotate_by_file.js
2019-07-24 18:25:00,574 INFO 6945 [egg-schedule]: register schedule /Users/arraybuffer/my_project/kyzb-egg/node_modules/_egg-multipart@2.7.1@egg-multipart/app/schedule/clean_tmpdir.js
2019-07-24 18:25:00,574 INFO 6945 [egg-schedule]: register schedule /Users/arraybuffer/my_project/kyzb-egg/node_modules/_egg-logrotator@3.1.0@egg-logrotator/app/schedule/clean_log.js
2019-07-24 18:25:00,574 INFO 6945 [egg-schedule]: register schedule /Users/arraybuffer/my_project/kyzb-egg/node_modules/_egg-logrotator@3.1.0@egg-logrotator/app/schedule/rotate_by_file.js
2019-07-24 18:25:57,204 INFO 6953 [egg-schedule]: register schedule /Users/arraybuffer/my_project/kyzb-egg/node_modules/_egg-multipart@2.7.1@egg-multipart/app/schedule/clean_tmpdir.js
2019-07-24 18:25:57,204 INFO 6953 [egg-schedule]: register schedule /Users/arraybuffer/my_project/kyzb-egg/node_modules/_egg-logrotator@3.1.0@egg-logrotator/app/schedule/clean_log.js
2019-07-24 18:25:57,204 INFO 6953 [egg-schedule]: register schedule /Users/arraybuffer/my_project/kyzb-egg/node_modules/_egg-logrotator@3.1.0@egg-logrotator/app/schedule/rotate_by_file.js
2019-09-21 22:29:17,257 INFO 976 [egg-schedule]: register schedule /Users/arraybuffer/my_project/kyzb-egg/node_modules/_egg-multipart@2.7.1@egg-multipart/app/schedule/clean_tmpdir.js
2019-09-21 22:29:17,257 INFO 976 [egg-schedule]: register schedule /Users/arraybuffer/my_project/kyzb-egg/node_modules/_egg-logrotator@3.1.0@egg-logrotator/app/schedule/clean_log.js
2019-09-21 22:29:17,257 INFO 976 [egg-schedule]: register schedule /Users/arraybuffer/my_project/kyzb-egg/node_modules/_egg-logrotator@3.1.0@egg-logrotator/app/schedule/rotate_by_file.js
2019-09-21 22:29:17,803 INFO 975 [Timer] /Users/arraybuffer/my_project/kyzb-egg/node_modules/_egg-multipart@2.7.1@egg-multipart/app/schedule/clean_tmpdir.js next time will execute after 21642201ms at 2019-09-22 04:30:00.004
2019-09-21 22:29:17,803 INFO 975 [Timer] /Users/arraybuffer/my_project/kyzb-egg/node_modules/_egg-logrotator@3.1.0@egg-logrotator/app/schedule/clean_log.js next time will execute after 5442197ms at 2019-09-22 00:00:00.000
2019-09-21 22:29:17,803 INFO 975 [Timer] /Users/arraybuffer/my_project/kyzb-egg/node_modules/_egg-logrotator@3.1.0@egg-logrotator/app/schedule/rotate_by_file.js next time will execute after 5443197ms at 2019-09-22 00:00:01.000
2019-09-21 23:22:14,567 INFO 1618 [egg-schedule]: register schedule /Users/arraybuffer/my_project/kyzb-egg/node_modules/_egg-multipart@2.7.1@egg-multipart/app/schedule/clean_tmpdir.js
2019-09-21 23:22:14,567 INFO 1618 [egg-schedule]: register schedule /Users/arraybuffer/my_project/kyzb-egg/node_modules/_egg-logrotator@3.1.0@egg-logrotator/app/schedule/clean_log.js
2019-09-21 23:22:14,567 INFO 1618 [egg-schedule]: register schedule /Users/arraybuffer/my_project/kyzb-egg/node_modules/_egg-logrotator@3.1.0@egg-logrotator/app/schedule/rotate_by_file.js
