2019-07-23 15:52:58,870 ERROR 2093 [-/127.0.0.1/-/74ms GET /user/userInfo?token=] MyError { message: '登录失效', errCode: '100005' }
2019-07-23 15:53:02,683 ERROR 2093 [-/127.0.0.1/-/10ms GET /user/userInfo?token=] MyError { message: '登录失效', errCode: '100005' }
2019-07-23 15:53:07,287 ERROR 2093 [-/127.0.0.1/-/9ms GET /user/userInfo?token=] MyError { message: '登录失效', errCode: '100005' }
2019-07-23 15:53:10,337 ERROR 2093 [-/127.0.0.1/-/9ms GET /user/userInfo?token=] MyError { message: '登录失效', errCode: '100005' }
2019-07-23 15:53:18,300 ERROR 2093 [-/127.0.0.1/-/9ms GET /checkin?token=] MyError { message: '登录已失效', errCode: '100005' }
2019-07-23 15:54:12,293 ERROR 2093 [-/127.0.0.1/-/29ms GET /checkin?token=] MyError { message: '登录已失效', errCode: '100005' }
2019-07-23 15:54:15,835 ERROR 2093 [-/127.0.0.1/-/8ms GET /checkin?token=] MyError { message: '登录已失效', errCode: '100005' }
2019-07-23 15:54:27,853 ERROR 2093 [-/127.0.0.1/-/9ms GET /checkin?token=] MyError { message: '登录已失效', errCode: '100005' }
2019-07-23 15:54:51,445 ERROR 2093 [-/127.0.0.1/-/9ms GET /user/userInfo?token=] MyError { message: '登录失效', errCode: '100005' }
2019-07-23 15:54:51,476 ERROR 2093 [-/127.0.0.1/-/9ms GET /checkin?token=] MyError { message: '登录已失效', errCode: '100005' }
2019-07-23 15:55:45,582 ERROR 2093 [-/127.0.0.1/-/12ms GET /user/userInfo?token=] MyError { message: '登录失效', errCode: '100005' }
2019-07-23 15:55:45,611 ERROR 2093 [-/127.0.0.1/-/10ms GET /checkin?token=] MyError { message: '登录已失效', errCode: '100005' }
2019-07-23 15:56:00,568 ERROR 2093 [-/127.0.0.1/-/10ms GET /checkin?token=] MyError { message: '登录已失效', errCode: '100005' }
2019-07-23 15:58:17,930 ERROR 2093 [-/127.0.0.1/-/23ms GET /user/userInfo?token=] MyError { message: '登录失效', errCode: '100005' }
2019-07-23 15:58:17,983 ERROR 2093 [-/127.0.0.1/-/9ms GET /checkin?token=] MyError { message: '登录已失效', errCode: '100005' }
2019-07-23 16:00:22,780 ERROR 2093 [-/127.0.0.1/-/10ms GET /user/userInfo?token=] MyError { message: '登录失效', errCode: '100005' }
2019-07-23 16:00:22,801 ERROR 2093 [-/127.0.0.1/-/9ms GET /checkin?token=] MyError { message: '登录已失效', errCode: '100005' }
2019-07-23 16:00:53,816 ERROR 2093 [-/127.0.0.1/-/9ms GET /user/userInfo?token=] MyError { message: '登录失效', errCode: '100005' }
2019-07-23 16:01:12,524 ERROR 2093 [-/127.0.0.1/-/9ms GET /checkin?token=] MyError { message: '登录已失效', errCode: '100005' }
2019-07-23 16:01:14,283 ERROR 2093 [-/127.0.0.1/-/11ms GET /user/userInfo?token=] MyError { message: '登录失效', errCode: '100005' }
2019-07-23 16:01:14,298 ERROR 2093 [-/127.0.0.1/-/9ms GET /checkin?token=] MyError { message: '登录已失效', errCode: '100005' }
2019-07-23 16:01:49,661 ERROR 2093 [-/127.0.0.1/-/11ms GET /user/userInfo?token=] MyError { message: '登录失效', errCode: '100005' }
2019-07-23 16:01:49,715 ERROR 2093 [-/127.0.0.1/-/10ms GET /user/checkLogin?token=] MyError { message: '登录已失效', errCode: '100005' }
2019-07-23 16:01:49,716 ERROR 2093 [-/127.0.0.1/-/8ms GET /checkin?token=] MyError { message: '登录已失效', errCode: '100005' }
2019-07-23 16:10:18,652 ERROR 2516 [-/127.0.0.1/-/34ms GET /user/userInfo?token=] MyError { message: '登录失效', errCode: '100005' }
2019-07-23 16:10:18,679 ERROR 2516 [-/127.0.0.1/-/24ms GET /checkin?token=] MyError { message: '登录已失效', errCode: '100005' }
2019-07-23 16:12:58,165 ERROR 2516 [-/127.0.0.1/-/11ms GET /user/userInfo?token=] MyError { message: '登录失效', errCode: '100005' }
2019-07-23 16:12:58,194 ERROR 2516 [-/127.0.0.1/-/10ms GET /checkin?token=] MyError { message: '登录已失效', errCode: '100005' }
2019-07-23 16:13:32,241 ERROR 2516 [-/127.0.0.1/-/11ms GET /user/userInfo?token=] MyError { message: '登录失效', errCode: '100005' }
2019-07-23 16:13:32,278 ERROR 2516 [-/127.0.0.1/-/11ms GET /checkin?token=] MyError { message: '登录已失效', errCode: '100005' }
2019-07-23 16:13:48,161 ERROR 2516 [-/127.0.0.1/-/13ms GET /user/userInfo?token=] MyError { message: '登录失效', errCode: '100005' }
2019-07-23 16:21:37,915 ERROR 4168 [-/127.0.0.1/-/37ms POST /demand?token=c3f7a79373c10aed401381a60e939514] nodejs.ER_BAD_FIELD_ERRORError: ER_BAD_FIELD_ERROR: Unknown column 'category' in 'field list'
    at Query.Sequence._packetToError (/Users/arraybuffer/my_project/kyzb-egg/node_modules/_mysql@2.17.1@mysql/lib/protocol/sequences/Sequence.js:47:14)
    at Query.ErrorPacket (/Users/arraybuffer/my_project/kyzb-egg/node_modules/_mysql@2.17.1@mysql/lib/protocol/sequences/Query.js:77:18)
    at Protocol._parsePacket (/Users/arraybuffer/my_project/kyzb-egg/node_modules/_mysql@2.17.1@mysql/lib/protocol/Protocol.js:291:23)
    at Parser._parsePacket (/Users/arraybuffer/my_project/kyzb-egg/node_modules/_mysql@2.17.1@mysql/lib/protocol/Parser.js:433:10)
    at Parser.write (/Users/arraybuffer/my_project/kyzb-egg/node_modules/_mysql@2.17.1@mysql/lib/protocol/Parser.js:43:10)
    at Protocol.write (/Users/arraybuffer/my_project/kyzb-egg/node_modules/_mysql@2.17.1@mysql/lib/protocol/Protocol.js:38:16)
    at Socket.<anonymous> (/Users/arraybuffer/my_project/kyzb-egg/node_modules/_mysql@2.17.1@mysql/lib/Connection.js:91:28)
    at Socket.<anonymous> (/Users/arraybuffer/my_project/kyzb-egg/node_modules/_mysql@2.17.1@mysql/lib/Connection.js:525:10)
    at Socket.emit (events.js:182:13)
    at addChunk (_stream_readable.js:283:12)
    --------------------
    at Pool.query (/Users/arraybuffer/my_project/kyzb-egg/node_modules/_mysql@2.17.1@mysql/lib/Pool.js:199:23)
    at /Users/arraybuffer/my_project/kyzb-egg/node_modules/_pify@2.3.0@pify/index.js:29:7
    at new Promise (<anonymous>)
    at Pool.<anonymous> (/Users/arraybuffer/my_project/kyzb-egg/node_modules/_pify@2.3.0@pify/index.js:12:10)
    at Pool.ret [as query] (/Users/arraybuffer/my_project/kyzb-egg/node_modules/_pify@2.3.0@pify/index.js:56:34)
    at RDSClient.proto._query (/Users/arraybuffer/my_project/kyzb-egg/node_modules/_ali-rds@3.3.0@ali-rds/lib/client.js:34:20)
    at RDSClient.proto.query (/Users/arraybuffer/my_project/kyzb-egg/node_modules/_ali-rds@3.3.0@ali-rds/lib/operator.js:54:29)
    at proto.query.next (<anonymous>)
    at onFulfilled (/Users/arraybuffer/my_project/kyzb-egg/node_modules/_co@4.6.0@co/index.js:65:19)
    at /Users/arraybuffer/my_project/kyzb-egg/node_modules/_co@4.6.0@co/index.js:54:5
    sql: INSERT INTO `demand`(`title`, `reward`, `category`, `requires`, `description`, `user_id`) VALUES('数据库备份', '1000000', NULL, '精通NodeJS或者其他脚本语言', '写一个定时的数据库备份脚本', '2')
code: "ER_BAD_FIELD_ERROR"
errno: 1054
sqlMessage: "Unknown column 'category' in 'field list'"
sqlState: "42S22"
index: 0
sql: "INSERT INTO `demand`(`title`, `reward`, `category`, `requires`, `description`, `user_id`) VALUES('数据库备份', '1000000', NULL, '精通NodeJS或者其他脚本语言', '写一个定时的数据库备份脚本', '2')"
name: "ER_BAD_FIELD_ERRORError"
pid: 4168
hostname: arraybufferdeMacBook-Pro.local

2019-07-23 16:21:38,102 ERROR 4168 [-/127.0.0.1/-/28ms POST /demand?token=c3f7a79373c10aed401381a60e939514] nodejs.ER_BAD_FIELD_ERRORError: ER_BAD_FIELD_ERROR: Unknown column 'category' in 'field list'
    at Query.Sequence._packetToError (/Users/arraybuffer/my_project/kyzb-egg/node_modules/_mysql@2.17.1@mysql/lib/protocol/sequences/Sequence.js:47:14)
    at Query.ErrorPacket (/Users/arraybuffer/my_project/kyzb-egg/node_modules/_mysql@2.17.1@mysql/lib/protocol/sequences/Query.js:77:18)
    at Protocol._parsePacket (/Users/arraybuffer/my_project/kyzb-egg/node_modules/_mysql@2.17.1@mysql/lib/protocol/Protocol.js:291:23)
    at Parser._parsePacket (/Users/arraybuffer/my_project/kyzb-egg/node_modules/_mysql@2.17.1@mysql/lib/protocol/Parser.js:433:10)
    at Parser.write (/Users/arraybuffer/my_project/kyzb-egg/node_modules/_mysql@2.17.1@mysql/lib/protocol/Parser.js:43:10)
    at Protocol.write (/Users/arraybuffer/my_project/kyzb-egg/node_modules/_mysql@2.17.1@mysql/lib/protocol/Protocol.js:38:16)
    at Socket.<anonymous> (/Users/arraybuffer/my_project/kyzb-egg/node_modules/_mysql@2.17.1@mysql/lib/Connection.js:91:28)
    at Socket.<anonymous> (/Users/arraybuffer/my_project/kyzb-egg/node_modules/_mysql@2.17.1@mysql/lib/Connection.js:525:10)
    at Socket.emit (events.js:182:13)
    at addChunk (_stream_readable.js:283:12)
    --------------------
    at Pool.query (/Users/arraybuffer/my_project/kyzb-egg/node_modules/_mysql@2.17.1@mysql/lib/Pool.js:199:23)
    at /Users/arraybuffer/my_project/kyzb-egg/node_modules/_pify@2.3.0@pify/index.js:29:7
    at new Promise (<anonymous>)
    at Pool.<anonymous> (/Users/arraybuffer/my_project/kyzb-egg/node_modules/_pify@2.3.0@pify/index.js:12:10)
    at Pool.ret [as query] (/Users/arraybuffer/my_project/kyzb-egg/node_modules/_pify@2.3.0@pify/index.js:56:34)
    at RDSClient.proto._query (/Users/arraybuffer/my_project/kyzb-egg/node_modules/_ali-rds@3.3.0@ali-rds/lib/client.js:34:20)
    at RDSClient.proto.query (/Users/arraybuffer/my_project/kyzb-egg/node_modules/_ali-rds@3.3.0@ali-rds/lib/operator.js:54:29)
    at proto.query.next (<anonymous>)
    at onFulfilled (/Users/arraybuffer/my_project/kyzb-egg/node_modules/_co@4.6.0@co/index.js:65:19)
    at /Users/arraybuffer/my_project/kyzb-egg/node_modules/_co@4.6.0@co/index.js:54:5
    sql: INSERT INTO `demand`(`title`, `reward`, `category`, `requires`, `description`, `user_id`) VALUES('数据库备份', '1000000', NULL, '精通NodeJS或者其他脚本语言', '写一个定时的数据库备份脚本', '2')
code: "ER_BAD_FIELD_ERROR"
errno: 1054
sqlMessage: "Unknown column 'category' in 'field list'"
sqlState: "42S22"
index: 0
sql: "INSERT INTO `demand`(`title`, `reward`, `category`, `requires`, `description`, `user_id`) VALUES('数据库备份', '1000000', NULL, '精通NodeJS或者其他脚本语言', '写一个定时的数据库备份脚本', '2')"
name: "ER_BAD_FIELD_ERRORError"
pid: 4168
hostname: arraybufferdeMacBook-Pro.local

2019-07-23 16:31:24,217 ERROR 4216 [-/127.0.0.1/-/12ms GET /checkin?token=468b28cf4e7adb2bc33935418384f200] MyError { message: '登录已失效', errCode: '100005' }
2019-07-23 16:31:24,904 ERROR 4216 [-/127.0.0.1/-/11ms GET /checkin?token=468b28cf4e7adb2bc33935418384f200] MyError { message: '登录已失效', errCode: '100005' }
2019-07-23 16:31:33,075 ERROR 4216 [-/127.0.0.1/-/9ms GET /checkin?token=468b28cf4e7adb2bc33935418384f200] MyError { message: '登录已失效', errCode: '100005' }
2019-07-23 16:43:12,311 ERROR 4353 [-/127.0.0.1/-/38ms POST /demand?token=468b28cf4e7adb2bc33935418384f200] nodejs.ER_BAD_FIELD_ERRORError: ER_BAD_FIELD_ERROR: Unknown column 'category' in 'field list'
    at Query.Sequence._packetToError (/Users/arraybuffer/my_project/kyzb-egg/node_modules/_mysql@2.17.1@mysql/lib/protocol/sequences/Sequence.js:47:14)
    at Query.ErrorPacket (/Users/arraybuffer/my_project/kyzb-egg/node_modules/_mysql@2.17.1@mysql/lib/protocol/sequences/Query.js:77:18)
    at Protocol._parsePacket (/Users/arraybuffer/my_project/kyzb-egg/node_modules/_mysql@2.17.1@mysql/lib/protocol/Protocol.js:291:23)
    at Parser._parsePacket (/Users/arraybuffer/my_project/kyzb-egg/node_modules/_mysql@2.17.1@mysql/lib/protocol/Parser.js:433:10)
    at Parser.write (/Users/arraybuffer/my_project/kyzb-egg/node_modules/_mysql@2.17.1@mysql/lib/protocol/Parser.js:43:10)
    at Protocol.write (/Users/arraybuffer/my_project/kyzb-egg/node_modules/_mysql@2.17.1@mysql/lib/protocol/Protocol.js:38:16)
    at Socket.<anonymous> (/Users/arraybuffer/my_project/kyzb-egg/node_modules/_mysql@2.17.1@mysql/lib/Connection.js:91:28)
    at Socket.<anonymous> (/Users/arraybuffer/my_project/kyzb-egg/node_modules/_mysql@2.17.1@mysql/lib/Connection.js:525:10)
    at Socket.emit (events.js:182:13)
    at addChunk (_stream_readable.js:283:12)
    --------------------
    at Pool.query (/Users/arraybuffer/my_project/kyzb-egg/node_modules/_mysql@2.17.1@mysql/lib/Pool.js:199:23)
    at /Users/arraybuffer/my_project/kyzb-egg/node_modules/_pify@2.3.0@pify/index.js:29:7
    at new Promise (<anonymous>)
    at Pool.<anonymous> (/Users/arraybuffer/my_project/kyzb-egg/node_modules/_pify@2.3.0@pify/index.js:12:10)
    at Pool.ret [as query] (/Users/arraybuffer/my_project/kyzb-egg/node_modules/_pify@2.3.0@pify/index.js:56:34)
    at RDSClient.proto._query (/Users/arraybuffer/my_project/kyzb-egg/node_modules/_ali-rds@3.3.0@ali-rds/lib/client.js:34:20)
    at RDSClient.proto.query (/Users/arraybuffer/my_project/kyzb-egg/node_modules/_ali-rds@3.3.0@ali-rds/lib/operator.js:54:29)
    at proto.query.next (<anonymous>)
    at onFulfilled (/Users/arraybuffer/my_project/kyzb-egg/node_modules/_co@4.6.0@co/index.js:65:19)
    at /Users/arraybuffer/my_project/kyzb-egg/node_modules/_co@4.6.0@co/index.js:54:5
    sql: INSERT INTO `demand`(`title`, `reward`, `category`, `requires`, `description`, `user_id`) VALUES('数据库备份', '1000000', NULL, '精通NodeJS或者其他脚本语言', '写一个定时的数据库备份脚本', '1')
code: "ER_BAD_FIELD_ERROR"
errno: 1054
sqlMessage: "Unknown column 'category' in 'field list'"
sqlState: "42S22"
index: 0
sql: "INSERT INTO `demand`(`title`, `reward`, `category`, `requires`, `description`, `user_id`) VALUES('数据库备份', '1000000', NULL, '精通NodeJS或者其他脚本语言', '写一个定时的数据库备份脚本', '1')"
name: "ER_BAD_FIELD_ERRORError"
pid: 4353
hostname: arraybufferdeMacBook-Pro.local

2019-07-24 16:39:50,967 ERROR 6050 [-/127.0.0.1/-/46ms POST /demand?token=468b28cf4e7adb2bc33935418384f200] nodejs.ER_BAD_FIELD_ERRORError: ER_BAD_FIELD_ERROR: Unknown column 'category' in 'field list'
    at Query.Sequence._packetToError (/Users/arraybuffer/my_project/kyzb-egg/node_modules/_mysql@2.17.1@mysql/lib/protocol/sequences/Sequence.js:47:14)
    at Query.ErrorPacket (/Users/arraybuffer/my_project/kyzb-egg/node_modules/_mysql@2.17.1@mysql/lib/protocol/sequences/Query.js:77:18)
    at Protocol._parsePacket (/Users/arraybuffer/my_project/kyzb-egg/node_modules/_mysql@2.17.1@mysql/lib/protocol/Protocol.js:291:23)
    at Parser._parsePacket (/Users/arraybuffer/my_project/kyzb-egg/node_modules/_mysql@2.17.1@mysql/lib/protocol/Parser.js:433:10)
    at Parser.write (/Users/arraybuffer/my_project/kyzb-egg/node_modules/_mysql@2.17.1@mysql/lib/protocol/Parser.js:43:10)
    at Protocol.write (/Users/arraybuffer/my_project/kyzb-egg/node_modules/_mysql@2.17.1@mysql/lib/protocol/Protocol.js:38:16)
    at Socket.<anonymous> (/Users/arraybuffer/my_project/kyzb-egg/node_modules/_mysql@2.17.1@mysql/lib/Connection.js:91:28)
    at Socket.<anonymous> (/Users/arraybuffer/my_project/kyzb-egg/node_modules/_mysql@2.17.1@mysql/lib/Connection.js:525:10)
    at Socket.emit (events.js:182:13)
    at addChunk (_stream_readable.js:283:12)
    --------------------
    at Pool.query (/Users/arraybuffer/my_project/kyzb-egg/node_modules/_mysql@2.17.1@mysql/lib/Pool.js:199:23)
    at /Users/arraybuffer/my_project/kyzb-egg/node_modules/_pify@2.3.0@pify/index.js:29:7
    at new Promise (<anonymous>)
    at Pool.<anonymous> (/Users/arraybuffer/my_project/kyzb-egg/node_modules/_pify@2.3.0@pify/index.js:12:10)
    at Pool.ret [as query] (/Users/arraybuffer/my_project/kyzb-egg/node_modules/_pify@2.3.0@pify/index.js:56:34)
    at RDSClient.proto._query (/Users/arraybuffer/my_project/kyzb-egg/node_modules/_ali-rds@3.3.0@ali-rds/lib/client.js:34:20)
    at RDSClient.proto.query (/Users/arraybuffer/my_project/kyzb-egg/node_modules/_ali-rds@3.3.0@ali-rds/lib/operator.js:54:29)
    at proto.query.next (<anonymous>)
    at onFulfilled (/Users/arraybuffer/my_project/kyzb-egg/node_modules/_co@4.6.0@co/index.js:65:19)
    at /Users/arraybuffer/my_project/kyzb-egg/node_modules/_co@4.6.0@co/index.js:54:5
    sql: INSERT INTO `demand`(`title`, `reward`, `category`, `requires`, `description`, `user_id`) VALUES('数据库备份', '1000000', NULL, '精通NodeJS或者其他脚本语言', '写一个定时的数据库备份脚本', '1')
code: "ER_BAD_FIELD_ERROR"
errno: 1054
sqlMessage: "Unknown column 'category' in 'field list'"
sqlState: "42S22"
index: 0
sql: "INSERT INTO `demand`(`title`, `reward`, `category`, `requires`, `description`, `user_id`) VALUES('数据库备份', '1000000', NULL, '精通NodeJS或者其他脚本语言', '写一个定时的数据库备份脚本', '1')"
name: "ER_BAD_FIELD_ERRORError"
pid: 6050
hostname: arraybufferdeMacBook-Pro.local

2019-07-24 16:40:45,732 ERROR 6050 [-/127.0.0.1/-/46ms POST /demand?token=468b28cf4e7adb2bc33935418384f200] nodejs.ER_BAD_FIELD_ERRORError: ER_BAD_FIELD_ERROR: Unknown column 'category' in 'field list'
    at Query.Sequence._packetToError (/Users/arraybuffer/my_project/kyzb-egg/node_modules/_mysql@2.17.1@mysql/lib/protocol/sequences/Sequence.js:47:14)
    at Query.ErrorPacket (/Users/arraybuffer/my_project/kyzb-egg/node_modules/_mysql@2.17.1@mysql/lib/protocol/sequences/Query.js:77:18)
    at Protocol._parsePacket (/Users/arraybuffer/my_project/kyzb-egg/node_modules/_mysql@2.17.1@mysql/lib/protocol/Protocol.js:291:23)
    at Parser._parsePacket (/Users/arraybuffer/my_project/kyzb-egg/node_modules/_mysql@2.17.1@mysql/lib/protocol/Parser.js:433:10)
    at Parser.write (/Users/arraybuffer/my_project/kyzb-egg/node_modules/_mysql@2.17.1@mysql/lib/protocol/Parser.js:43:10)
    at Protocol.write (/Users/arraybuffer/my_project/kyzb-egg/node_modules/_mysql@2.17.1@mysql/lib/protocol/Protocol.js:38:16)
    at Socket.<anonymous> (/Users/arraybuffer/my_project/kyzb-egg/node_modules/_mysql@2.17.1@mysql/lib/Connection.js:91:28)
    at Socket.<anonymous> (/Users/arraybuffer/my_project/kyzb-egg/node_modules/_mysql@2.17.1@mysql/lib/Connection.js:525:10)
    at Socket.emit (events.js:182:13)
    at addChunk (_stream_readable.js:283:12)
    --------------------
    at Pool.query (/Users/arraybuffer/my_project/kyzb-egg/node_modules/_mysql@2.17.1@mysql/lib/Pool.js:199:23)
    at /Users/arraybuffer/my_project/kyzb-egg/node_modules/_pify@2.3.0@pify/index.js:29:7
    at new Promise (<anonymous>)
    at Pool.<anonymous> (/Users/arraybuffer/my_project/kyzb-egg/node_modules/_pify@2.3.0@pify/index.js:12:10)
    at Pool.ret [as query] (/Users/arraybuffer/my_project/kyzb-egg/node_modules/_pify@2.3.0@pify/index.js:56:34)
    at RDSClient.proto._query (/Users/arraybuffer/my_project/kyzb-egg/node_modules/_ali-rds@3.3.0@ali-rds/lib/client.js:34:20)
    at RDSClient.proto.query (/Users/arraybuffer/my_project/kyzb-egg/node_modules/_ali-rds@3.3.0@ali-rds/lib/operator.js:54:29)
    at proto.query.next (<anonymous>)
    at onFulfilled (/Users/arraybuffer/my_project/kyzb-egg/node_modules/_co@4.6.0@co/index.js:65:19)
    at /Users/arraybuffer/my_project/kyzb-egg/node_modules/_co@4.6.0@co/index.js:54:5
    sql: INSERT INTO `demand`(`title`, `reward`, `category`, `requires`, `description`, `user_id`) VALUES('数据库备份', '1000000', NULL, '精通NodeJS或者其他脚本语言', '写一个定时的数据库备份脚本', '1')
code: "ER_BAD_FIELD_ERROR"
errno: 1054
sqlMessage: "Unknown column 'category' in 'field list'"
sqlState: "42S22"
index: 0
sql: "INSERT INTO `demand`(`title`, `reward`, `category`, `requires`, `description`, `user_id`) VALUES('数据库备份', '1000000', NULL, '精通NodeJS或者其他脚本语言', '写一个定时的数据库备份脚本', '1')"
name: "ER_BAD_FIELD_ERRORError"
pid: 6050
hostname: arraybufferdeMacBook-Pro.local

2019-07-24 18:13:06,905 ERROR 6737 [-/127.0.0.1/-/44ms POST /user/login?token=468b28cf4e7adb2bc33935418384f200] MyError { message: '登录密码不正确', errCode: '100004' }
2019-07-24 18:17:29,459 ERROR 6823 [-/127.0.0.1/-/2ms GET /demand/getUserCreateList?token=25796fcd7bdbeb5da2ce4eba615cb017&pageSize=10&pageIndex=1] nodejs.ReferenceError: ctx is not defined
    at DemandController.getUserCreateList (/Users/arraybuffer/my_project/kyzb-egg/app/controller/demand.js:33:9)
    at Object.callFn (/Users/arraybuffer/my_project/kyzb-egg/node_modules/_egg-core@4.17.3@egg-core/lib/utils/index.js:44:21)
    at Object.classControllerMiddleware (/Users/arraybuffer/my_project/kyzb-egg/node_modules/_egg-core@4.17.3@egg-core/lib/loader/mixin/controller.js:87:20)
    at Object.callFn (/Users/arraybuffer/my_project/kyzb-egg/node_modules/_@eggjs_router@2.0.0@@eggjs/router/lib/utils.js:12:21)
    at wrappedController (/Users/arraybuffer/my_project/kyzb-egg/node_modules/_@eggjs_router@2.0.0@@eggjs/router/lib/egg_router.js:322:18)
    at dispatch (/Users/arraybuffer/my_project/kyzb-egg/node_modules/_koa-compose@3.2.1@koa-compose/index.js:44:32)
    at next (/Users/arraybuffer/my_project/kyzb-egg/node_modules/_koa-compose@3.2.1@koa-compose/index.js:45:18)
    at /Users/arraybuffer/my_project/kyzb-egg/node_modules/_@eggjs_router@2.0.0@@eggjs/router/lib/router.js:190:18
    at dispatch (/Users/arraybuffer/my_project/kyzb-egg/node_modules/_koa-compose@3.2.1@koa-compose/index.js:44:32)
    at /Users/arraybuffer/my_project/kyzb-egg/node_modules/_koa-compose@3.2.1@koa-compose/index.js:36:12

pid: 6823
hostname: arraybufferdeMacBook-Pro.local

2019-07-24 18:17:52,630 ERROR 6833 [-/127.0.0.1/-/2ms GET /demand/getUserCreateList?token=25796fcd7bdbeb5da2ce4eba615cb017&pageSize=10&pageIndex=1] nodejs.ReferenceError: ctx is not defined
    at DemandController.getUserCreateList (/Users/arraybuffer/my_project/kyzb-egg/app/controller/demand.js:33:9)
    at Object.callFn (/Users/arraybuffer/my_project/kyzb-egg/node_modules/_egg-core@4.17.3@egg-core/lib/utils/index.js:44:21)
    at Object.classControllerMiddleware (/Users/arraybuffer/my_project/kyzb-egg/node_modules/_egg-core@4.17.3@egg-core/lib/loader/mixin/controller.js:87:20)
    at Object.callFn (/Users/arraybuffer/my_project/kyzb-egg/node_modules/_@eggjs_router@2.0.0@@eggjs/router/lib/utils.js:12:21)
    at wrappedController (/Users/arraybuffer/my_project/kyzb-egg/node_modules/_@eggjs_router@2.0.0@@eggjs/router/lib/egg_router.js:322:18)
    at dispatch (/Users/arraybuffer/my_project/kyzb-egg/node_modules/_koa-compose@3.2.1@koa-compose/index.js:44:32)
    at next (/Users/arraybuffer/my_project/kyzb-egg/node_modules/_koa-compose@3.2.1@koa-compose/index.js:45:18)
    at /Users/arraybuffer/my_project/kyzb-egg/node_modules/_@eggjs_router@2.0.0@@eggjs/router/lib/router.js:190:18
    at dispatch (/Users/arraybuffer/my_project/kyzb-egg/node_modules/_koa-compose@3.2.1@koa-compose/index.js:44:32)
    at /Users/arraybuffer/my_project/kyzb-egg/node_modules/_koa-compose@3.2.1@koa-compose/index.js:36:12

pid: 6833
hostname: arraybufferdeMacBook-Pro.local

2019-07-24 18:18:00,837 ERROR 6848 [-/127.0.0.1/-/9ms GET /demand/getUserCreateList?token=25796fcd7bdbeb5da2ce4eba615cb017&pageSize=10&pageIndex=1] nodejs.ReferenceError: ctx is not defined
    at DemandController.getUserCreateList (/Users/arraybuffer/my_project/kyzb-egg/app/controller/demand.js:35:5)
    at process._tickCallback (internal/process/next_tick.js:68:7)

pid: 6848
hostname: arraybufferdeMacBook-Pro.local

2019-09-21 22:30:02,473 ERROR 976 [-/127.0.0.1/-/38ms GET /user/userInfo?token=] MyError { message: '登录失效', errCode: '100005' }
2019-09-21 22:30:06,607 ERROR 976 [-/127.0.0.1/-/11ms GET /user/userInfo?token=] MyError { message: '登录失效', errCode: '100005' }
2019-09-21 22:30:18,356 ERROR 976 [-/127.0.0.1/-/45ms POST /user/login?token=] nodejs.ReplyError: MISCONF Redis is configured to save RDB snapshots, but is currently not able to persist on disk. Commands that may modify the data set are disabled. Please check Redis logs for details about the error.
    at parseError (/Users/arraybuffer/my_project/kyzb-egg/node_modules/_redis-parser@3.0.0@redis-parser/lib/parser.js:179:12)
    at parseType (/Users/arraybuffer/my_project/kyzb-egg/node_modules/_redis-parser@3.0.0@redis-parser/lib/parser.js:302:14)
command: {"name":"set","args":["6dcb61053b86a4d475f333337ce99e36","2"]}
pid: 976
hostname: arraybufferdeMacBook-Pro.local

2019-09-21 22:45:26,618 ERROR 976 [-/127.0.0.1/-/10ms GET /user/userInfo?token=] MyError { message: '登录失效', errCode: '100005' }
2019-09-21 23:16:43,933 ERROR 976 [-/127.0.0.1/-/16ms GET /user/userInfo?token=] MyError { message: '登录失效', errCode: '100005' }
2019-09-21 23:17:16,236 ERROR 976 [-/127.0.0.1/-/18ms POST /user/login?token=] MyError { message: '该手机号未注册', errCode: '100003' }
2019-09-21 23:17:24,333 ERROR 976 [-/127.0.0.1/-/80ms GET /chat?token=4157edf32da13340a03df0bbf5f873b8] nodejs.ER_PARSE_ERRORError: ER_PARSE_ERROR: You have an error in your SQL syntax; check the manual that corresponds to your MySQL server version for the right syntax to use near ')' at line 1
    at Query.Sequence._packetToError (/Users/arraybuffer/my_project/kyzb-egg/node_modules/_mysql@2.17.1@mysql/lib/protocol/sequences/Sequence.js:47:14)
    at Query.ErrorPacket (/Users/arraybuffer/my_project/kyzb-egg/node_modules/_mysql@2.17.1@mysql/lib/protocol/sequences/Query.js:77:18)
    at Protocol._parsePacket (/Users/arraybuffer/my_project/kyzb-egg/node_modules/_mysql@2.17.1@mysql/lib/protocol/Protocol.js:291:23)
    at Parser._parsePacket (/Users/arraybuffer/my_project/kyzb-egg/node_modules/_mysql@2.17.1@mysql/lib/protocol/Parser.js:433:10)
    at Parser.write (/Users/arraybuffer/my_project/kyzb-egg/node_modules/_mysql@2.17.1@mysql/lib/protocol/Parser.js:43:10)
    at Protocol.write (/Users/arraybuffer/my_project/kyzb-egg/node_modules/_mysql@2.17.1@mysql/lib/protocol/Protocol.js:38:16)
    at Socket.<anonymous> (/Users/arraybuffer/my_project/kyzb-egg/node_modules/_mysql@2.17.1@mysql/lib/Connection.js:91:28)
    at Socket.<anonymous> (/Users/arraybuffer/my_project/kyzb-egg/node_modules/_mysql@2.17.1@mysql/lib/Connection.js:525:10)
    at Socket.emit (events.js:182:13)
    at addChunk (_stream_readable.js:283:12)
    --------------------
    at Pool.query (/Users/arraybuffer/my_project/kyzb-egg/node_modules/_mysql@2.17.1@mysql/lib/Pool.js:199:23)
    at /Users/arraybuffer/my_project/kyzb-egg/node_modules/_pify@2.3.0@pify/index.js:29:7
    at new Promise (<anonymous>)
    at Pool.<anonymous> (/Users/arraybuffer/my_project/kyzb-egg/node_modules/_pify@2.3.0@pify/index.js:12:10)
    at Pool.ret [as query] (/Users/arraybuffer/my_project/kyzb-egg/node_modules/_pify@2.3.0@pify/index.js:56:34)
    at RDSClient.proto._query (/Users/arraybuffer/my_project/kyzb-egg/node_modules/_ali-rds@3.3.0@ali-rds/lib/client.js:34:20)
    at RDSClient.proto.query (/Users/arraybuffer/my_project/kyzb-egg/node_modules/_ali-rds@3.3.0@ali-rds/lib/operator.js:54:29)
    at proto.query.next (<anonymous>)
    at onFulfilled (/Users/arraybuffer/my_project/kyzb-egg/node_modules/_co@4.6.0@co/index.js:65:19)
    at /Users/arraybuffer/my_project/kyzb-egg/node_modules/_co@4.6.0@co/index.js:54:5
    sql: SELECT * FROM `user` WHERE `id` IN ()
code: "ER_PARSE_ERROR"
errno: 1064
sqlMessage: "You have an error in your SQL syntax; check the manual that corresponds to your MySQL server version for the right syntax to use near ')' at line 1"
sqlState: "42000"
index: 0
sql: "SELECT * FROM `user` WHERE `id` IN ()"
name: "ER_PARSE_ERRORError"
pid: 976
hostname: arraybufferdeMacBook-Pro.local

2019-09-21 23:17:28,634 ERROR 976 [-/127.0.0.1/-/46ms GET /chat?token=4157edf32da13340a03df0bbf5f873b8] nodejs.ER_PARSE_ERRORError: ER_PARSE_ERROR: You have an error in your SQL syntax; check the manual that corresponds to your MySQL server version for the right syntax to use near ')' at line 1
    at Query.Sequence._packetToError (/Users/arraybuffer/my_project/kyzb-egg/node_modules/_mysql@2.17.1@mysql/lib/protocol/sequences/Sequence.js:47:14)
    at Query.ErrorPacket (/Users/arraybuffer/my_project/kyzb-egg/node_modules/_mysql@2.17.1@mysql/lib/protocol/sequences/Query.js:77:18)
    at Protocol._parsePacket (/Users/arraybuffer/my_project/kyzb-egg/node_modules/_mysql@2.17.1@mysql/lib/protocol/Protocol.js:291:23)
    at Parser._parsePacket (/Users/arraybuffer/my_project/kyzb-egg/node_modules/_mysql@2.17.1@mysql/lib/protocol/Parser.js:433:10)
    at Parser.write (/Users/arraybuffer/my_project/kyzb-egg/node_modules/_mysql@2.17.1@mysql/lib/protocol/Parser.js:43:10)
    at Protocol.write (/Users/arraybuffer/my_project/kyzb-egg/node_modules/_mysql@2.17.1@mysql/lib/protocol/Protocol.js:38:16)
    at Socket.<anonymous> (/Users/arraybuffer/my_project/kyzb-egg/node_modules/_mysql@2.17.1@mysql/lib/Connection.js:91:28)
    at Socket.<anonymous> (/Users/arraybuffer/my_project/kyzb-egg/node_modules/_mysql@2.17.1@mysql/lib/Connection.js:525:10)
    at Socket.emit (events.js:182:13)
    at addChunk (_stream_readable.js:283:12)
    --------------------
    at Pool.query (/Users/arraybuffer/my_project/kyzb-egg/node_modules/_mysql@2.17.1@mysql/lib/Pool.js:199:23)
    at /Users/arraybuffer/my_project/kyzb-egg/node_modules/_pify@2.3.0@pify/index.js:29:7
    at new Promise (<anonymous>)
    at Pool.<anonymous> (/Users/arraybuffer/my_project/kyzb-egg/node_modules/_pify@2.3.0@pify/index.js:12:10)
    at Pool.ret [as query] (/Users/arraybuffer/my_project/kyzb-egg/node_modules/_pify@2.3.0@pify/index.js:56:34)
    at RDSClient.proto._query (/Users/arraybuffer/my_project/kyzb-egg/node_modules/_ali-rds@3.3.0@ali-rds/lib/client.js:34:20)
    at RDSClient.proto.query (/Users/arraybuffer/my_project/kyzb-egg/node_modules/_ali-rds@3.3.0@ali-rds/lib/operator.js:54:29)
    at proto.query.next (<anonymous>)
    at onFulfilled (/Users/arraybuffer/my_project/kyzb-egg/node_modules/_co@4.6.0@co/index.js:65:19)
    at /Users/arraybuffer/my_project/kyzb-egg/node_modules/_co@4.6.0@co/index.js:54:5
    sql: SELECT * FROM `user` WHERE `id` IN ()
code: "ER_PARSE_ERROR"
errno: 1064
sqlMessage: "You have an error in your SQL syntax; check the manual that corresponds to your MySQL server version for the right syntax to use near ')' at line 1"
sqlState: "42000"
index: 0
sql: "SELECT * FROM `user` WHERE `id` IN ()"
name: "ER_PARSE_ERRORError"
pid: 976
hostname: arraybufferdeMacBook-Pro.local

2019-09-21 23:19:38,150 ERROR 976 [-/127.0.0.1/-/50ms GET /chat?token=4157edf32da13340a03df0bbf5f873b8] nodejs.ER_PARSE_ERRORError: ER_PARSE_ERROR: You have an error in your SQL syntax; check the manual that corresponds to your MySQL server version for the right syntax to use near ')' at line 1
    at Query.Sequence._packetToError (/Users/arraybuffer/my_project/kyzb-egg/node_modules/_mysql@2.17.1@mysql/lib/protocol/sequences/Sequence.js:47:14)
    at Query.ErrorPacket (/Users/arraybuffer/my_project/kyzb-egg/node_modules/_mysql@2.17.1@mysql/lib/protocol/sequences/Query.js:77:18)
    at Protocol._parsePacket (/Users/arraybuffer/my_project/kyzb-egg/node_modules/_mysql@2.17.1@mysql/lib/protocol/Protocol.js:291:23)
    at Parser._parsePacket (/Users/arraybuffer/my_project/kyzb-egg/node_modules/_mysql@2.17.1@mysql/lib/protocol/Parser.js:433:10)
    at Parser.write (/Users/arraybuffer/my_project/kyzb-egg/node_modules/_mysql@2.17.1@mysql/lib/protocol/Parser.js:43:10)
    at Protocol.write (/Users/arraybuffer/my_project/kyzb-egg/node_modules/_mysql@2.17.1@mysql/lib/protocol/Protocol.js:38:16)
    at Socket.<anonymous> (/Users/arraybuffer/my_project/kyzb-egg/node_modules/_mysql@2.17.1@mysql/lib/Connection.js:91:28)
    at Socket.<anonymous> (/Users/arraybuffer/my_project/kyzb-egg/node_modules/_mysql@2.17.1@mysql/lib/Connection.js:525:10)
    at Socket.emit (events.js:182:13)
    at addChunk (_stream_readable.js:283:12)
    --------------------
    at Pool.query (/Users/arraybuffer/my_project/kyzb-egg/node_modules/_mysql@2.17.1@mysql/lib/Pool.js:199:23)
    at /Users/arraybuffer/my_project/kyzb-egg/node_modules/_pify@2.3.0@pify/index.js:29:7
    at new Promise (<anonymous>)
    at Pool.<anonymous> (/Users/arraybuffer/my_project/kyzb-egg/node_modules/_pify@2.3.0@pify/index.js:12:10)
    at Pool.ret [as query] (/Users/arraybuffer/my_project/kyzb-egg/node_modules/_pify@2.3.0@pify/index.js:56:34)
    at RDSClient.proto._query (/Users/arraybuffer/my_project/kyzb-egg/node_modules/_ali-rds@3.3.0@ali-rds/lib/client.js:34:20)
    at RDSClient.proto.query (/Users/arraybuffer/my_project/kyzb-egg/node_modules/_ali-rds@3.3.0@ali-rds/lib/operator.js:54:29)
    at proto.query.next (<anonymous>)
    at onFulfilled (/Users/arraybuffer/my_project/kyzb-egg/node_modules/_co@4.6.0@co/index.js:65:19)
    at /Users/arraybuffer/my_project/kyzb-egg/node_modules/_co@4.6.0@co/index.js:54:5
    sql: SELECT * FROM `user` WHERE `id` IN ()
code: "ER_PARSE_ERROR"
errno: 1064
sqlMessage: "You have an error in your SQL syntax; check the manual that corresponds to your MySQL server version for the right syntax to use near ')' at line 1"
sqlState: "42000"
index: 0
sql: "SELECT * FROM `user` WHERE `id` IN ()"
name: "ER_PARSE_ERRORError"
pid: 976
hostname: arraybufferdeMacBook-Pro.local

2019-09-21 23:22:31,643 ERROR 1618 [-/127.0.0.1/-/131ms GET /chat?token=4157edf32da13340a03df0bbf5f873b8] nodejs.ER_PARSE_ERRORError: ER_PARSE_ERROR: You have an error in your SQL syntax; check the manual that corresponds to your MySQL server version for the right syntax to use near ')' at line 1
    at Query.Sequence._packetToError (/Users/arraybuffer/my_project/kyzb-egg/node_modules/_mysql@2.17.1@mysql/lib/protocol/sequences/Sequence.js:47:14)
    at Query.ErrorPacket (/Users/arraybuffer/my_project/kyzb-egg/node_modules/_mysql@2.17.1@mysql/lib/protocol/sequences/Query.js:77:18)
    at Protocol._parsePacket (/Users/arraybuffer/my_project/kyzb-egg/node_modules/_mysql@2.17.1@mysql/lib/protocol/Protocol.js:291:23)
    at Parser._parsePacket (/Users/arraybuffer/my_project/kyzb-egg/node_modules/_mysql@2.17.1@mysql/lib/protocol/Parser.js:433:10)
    at Parser.write (/Users/arraybuffer/my_project/kyzb-egg/node_modules/_mysql@2.17.1@mysql/lib/protocol/Parser.js:43:10)
    at Protocol.write (/Users/arraybuffer/my_project/kyzb-egg/node_modules/_mysql@2.17.1@mysql/lib/protocol/Protocol.js:38:16)
    at Socket.<anonymous> (/Users/arraybuffer/my_project/kyzb-egg/node_modules/_mysql@2.17.1@mysql/lib/Connection.js:91:28)
    at Socket.<anonymous> (/Users/arraybuffer/my_project/kyzb-egg/node_modules/_mysql@2.17.1@mysql/lib/Connection.js:525:10)
    at Socket.emit (events.js:182:13)
    at addChunk (_stream_readable.js:283:12)
    --------------------
    at Pool.query (/Users/arraybuffer/my_project/kyzb-egg/node_modules/_mysql@2.17.1@mysql/lib/Pool.js:199:23)
    at /Users/arraybuffer/my_project/kyzb-egg/node_modules/_pify@2.3.0@pify/index.js:29:7
    at new Promise (<anonymous>)
    at Pool.<anonymous> (/Users/arraybuffer/my_project/kyzb-egg/node_modules/_pify@2.3.0@pify/index.js:12:10)
    at Pool.ret [as query] (/Users/arraybuffer/my_project/kyzb-egg/node_modules/_pify@2.3.0@pify/index.js:56:34)
    at RDSClient.proto._query (/Users/arraybuffer/my_project/kyzb-egg/node_modules/_ali-rds@3.3.0@ali-rds/lib/client.js:34:20)
    at RDSClient.proto.query (/Users/arraybuffer/my_project/kyzb-egg/node_modules/_ali-rds@3.3.0@ali-rds/lib/operator.js:54:29)
    at proto.query.next (<anonymous>)
    at onFulfilled (/Users/arraybuffer/my_project/kyzb-egg/node_modules/_co@4.6.0@co/index.js:65:19)
    at /Users/arraybuffer/my_project/kyzb-egg/node_modules/_co@4.6.0@co/index.js:54:5
    sql: SELECT * FROM `user` WHERE `id` IN ()
code: "ER_PARSE_ERROR"
errno: 1064
sqlMessage: "You have an error in your SQL syntax; check the manual that corresponds to your MySQL server version for the right syntax to use near ')' at line 1"
sqlState: "42000"
index: 0
sql: "SELECT * FROM `user` WHERE `id` IN ()"
name: "ER_PARSE_ERRORError"
pid: 1618
hostname: arraybufferdeMacBook-Pro.local

2019-09-21 23:22:32,790 ERROR 1618 [-/127.0.0.1/-/45ms GET /chat?token=4157edf32da13340a03df0bbf5f873b8] nodejs.ER_PARSE_ERRORError: ER_PARSE_ERROR: You have an error in your SQL syntax; check the manual that corresponds to your MySQL server version for the right syntax to use near ')' at line 1
    at Query.Sequence._packetToError (/Users/arraybuffer/my_project/kyzb-egg/node_modules/_mysql@2.17.1@mysql/lib/protocol/sequences/Sequence.js:47:14)
    at Query.ErrorPacket (/Users/arraybuffer/my_project/kyzb-egg/node_modules/_mysql@2.17.1@mysql/lib/protocol/sequences/Query.js:77:18)
    at Protocol._parsePacket (/Users/arraybuffer/my_project/kyzb-egg/node_modules/_mysql@2.17.1@mysql/lib/protocol/Protocol.js:291:23)
    at Parser._parsePacket (/Users/arraybuffer/my_project/kyzb-egg/node_modules/_mysql@2.17.1@mysql/lib/protocol/Parser.js:433:10)
    at Parser.write (/Users/arraybuffer/my_project/kyzb-egg/node_modules/_mysql@2.17.1@mysql/lib/protocol/Parser.js:43:10)
    at Protocol.write (/Users/arraybuffer/my_project/kyzb-egg/node_modules/_mysql@2.17.1@mysql/lib/protocol/Protocol.js:38:16)
    at Socket.<anonymous> (/Users/arraybuffer/my_project/kyzb-egg/node_modules/_mysql@2.17.1@mysql/lib/Connection.js:91:28)
    at Socket.<anonymous> (/Users/arraybuffer/my_project/kyzb-egg/node_modules/_mysql@2.17.1@mysql/lib/Connection.js:525:10)
    at Socket.emit (events.js:182:13)
    at addChunk (_stream_readable.js:283:12)
    --------------------
    at Pool.query (/Users/arraybuffer/my_project/kyzb-egg/node_modules/_mysql@2.17.1@mysql/lib/Pool.js:199:23)
    at /Users/arraybuffer/my_project/kyzb-egg/node_modules/_pify@2.3.0@pify/index.js:29:7
    at new Promise (<anonymous>)
    at Pool.<anonymous> (/Users/arraybuffer/my_project/kyzb-egg/node_modules/_pify@2.3.0@pify/index.js:12:10)
    at Pool.ret [as query] (/Users/arraybuffer/my_project/kyzb-egg/node_modules/_pify@2.3.0@pify/index.js:56:34)
    at RDSClient.proto._query (/Users/arraybuffer/my_project/kyzb-egg/node_modules/_ali-rds@3.3.0@ali-rds/lib/client.js:34:20)
    at RDSClient.proto.query (/Users/arraybuffer/my_project/kyzb-egg/node_modules/_ali-rds@3.3.0@ali-rds/lib/operator.js:54:29)
    at proto.query.next (<anonymous>)
    at onFulfilled (/Users/arraybuffer/my_project/kyzb-egg/node_modules/_co@4.6.0@co/index.js:65:19)
    at /Users/arraybuffer/my_project/kyzb-egg/node_modules/_co@4.6.0@co/index.js:54:5
    sql: SELECT * FROM `user` WHERE `id` IN ()
code: "ER_PARSE_ERROR"
errno: 1064
sqlMessage: "You have an error in your SQL syntax; check the manual that corresponds to your MySQL server version for the right syntax to use near ')' at line 1"
sqlState: "42000"
index: 0
sql: "SELECT * FROM `user` WHERE `id` IN ()"
name: "ER_PARSE_ERRORError"
pid: 1618
hostname: arraybufferdeMacBook-Pro.local

2019-09-21 23:22:48,971 ERROR 1618 [-/127.0.0.1/-/41ms GET /chat?token=4157edf32da13340a03df0bbf5f873b8] nodejs.ER_PARSE_ERRORError: ER_PARSE_ERROR: You have an error in your SQL syntax; check the manual that corresponds to your MySQL server version for the right syntax to use near ')' at line 1
    at Query.Sequence._packetToError (/Users/arraybuffer/my_project/kyzb-egg/node_modules/_mysql@2.17.1@mysql/lib/protocol/sequences/Sequence.js:47:14)
    at Query.ErrorPacket (/Users/arraybuffer/my_project/kyzb-egg/node_modules/_mysql@2.17.1@mysql/lib/protocol/sequences/Query.js:77:18)
    at Protocol._parsePacket (/Users/arraybuffer/my_project/kyzb-egg/node_modules/_mysql@2.17.1@mysql/lib/protocol/Protocol.js:291:23)
    at Parser._parsePacket (/Users/arraybuffer/my_project/kyzb-egg/node_modules/_mysql@2.17.1@mysql/lib/protocol/Parser.js:433:10)
    at Parser.write (/Users/arraybuffer/my_project/kyzb-egg/node_modules/_mysql@2.17.1@mysql/lib/protocol/Parser.js:43:10)
    at Protocol.write (/Users/arraybuffer/my_project/kyzb-egg/node_modules/_mysql@2.17.1@mysql/lib/protocol/Protocol.js:38:16)
    at Socket.<anonymous> (/Users/arraybuffer/my_project/kyzb-egg/node_modules/_mysql@2.17.1@mysql/lib/Connection.js:91:28)
    at Socket.<anonymous> (/Users/arraybuffer/my_project/kyzb-egg/node_modules/_mysql@2.17.1@mysql/lib/Connection.js:525:10)
    at Socket.emit (events.js:182:13)
    at addChunk (_stream_readable.js:283:12)
    --------------------
    at Pool.query (/Users/arraybuffer/my_project/kyzb-egg/node_modules/_mysql@2.17.1@mysql/lib/Pool.js:199:23)
    at /Users/arraybuffer/my_project/kyzb-egg/node_modules/_pify@2.3.0@pify/index.js:29:7
    at new Promise (<anonymous>)
    at Pool.<anonymous> (/Users/arraybuffer/my_project/kyzb-egg/node_modules/_pify@2.3.0@pify/index.js:12:10)
    at Pool.ret [as query] (/Users/arraybuffer/my_project/kyzb-egg/node_modules/_pify@2.3.0@pify/index.js:56:34)
    at RDSClient.proto._query (/Users/arraybuffer/my_project/kyzb-egg/node_modules/_ali-rds@3.3.0@ali-rds/lib/client.js:34:20)
    at RDSClient.proto.query (/Users/arraybuffer/my_project/kyzb-egg/node_modules/_ali-rds@3.3.0@ali-rds/lib/operator.js:54:29)
    at proto.query.next (<anonymous>)
    at onFulfilled (/Users/arraybuffer/my_project/kyzb-egg/node_modules/_co@4.6.0@co/index.js:65:19)
    at /Users/arraybuffer/my_project/kyzb-egg/node_modules/_co@4.6.0@co/index.js:54:5
    sql: SELECT * FROM `user` WHERE `id` IN ()
code: "ER_PARSE_ERROR"
errno: 1064
sqlMessage: "You have an error in your SQL syntax; check the manual that corresponds to your MySQL server version for the right syntax to use near ')' at line 1"
sqlState: "42000"
index: 0
sql: "SELECT * FROM `user` WHERE `id` IN ()"
name: "ER_PARSE_ERRORError"
pid: 1618
hostname: arraybufferdeMacBook-Pro.local

2019-09-21 23:26:20,215 ERROR 1618 [-/127.0.0.1/-/34ms GET /chat?token=4157edf32da13340a03df0bbf5f873b8] nodejs.ER_PARSE_ERRORError: ER_PARSE_ERROR: You have an error in your SQL syntax; check the manual that corresponds to your MySQL server version for the right syntax to use near ')' at line 1
    at Query.Sequence._packetToError (/Users/arraybuffer/my_project/kyzb-egg/node_modules/_mysql@2.17.1@mysql/lib/protocol/sequences/Sequence.js:47:14)
    at Query.ErrorPacket (/Users/arraybuffer/my_project/kyzb-egg/node_modules/_mysql@2.17.1@mysql/lib/protocol/sequences/Query.js:77:18)
    at Protocol._parsePacket (/Users/arraybuffer/my_project/kyzb-egg/node_modules/_mysql@2.17.1@mysql/lib/protocol/Protocol.js:291:23)
    at Parser._parsePacket (/Users/arraybuffer/my_project/kyzb-egg/node_modules/_mysql@2.17.1@mysql/lib/protocol/Parser.js:433:10)
    at Parser.write (/Users/arraybuffer/my_project/kyzb-egg/node_modules/_mysql@2.17.1@mysql/lib/protocol/Parser.js:43:10)
    at Protocol.write (/Users/arraybuffer/my_project/kyzb-egg/node_modules/_mysql@2.17.1@mysql/lib/protocol/Protocol.js:38:16)
    at Socket.<anonymous> (/Users/arraybuffer/my_project/kyzb-egg/node_modules/_mysql@2.17.1@mysql/lib/Connection.js:91:28)
    at Socket.<anonymous> (/Users/arraybuffer/my_project/kyzb-egg/node_modules/_mysql@2.17.1@mysql/lib/Connection.js:525:10)
    at Socket.emit (events.js:182:13)
    at addChunk (_stream_readable.js:283:12)
    --------------------
    at Pool.query (/Users/arraybuffer/my_project/kyzb-egg/node_modules/_mysql@2.17.1@mysql/lib/Pool.js:199:23)
    at /Users/arraybuffer/my_project/kyzb-egg/node_modules/_pify@2.3.0@pify/index.js:29:7
    at new Promise (<anonymous>)
    at Pool.<anonymous> (/Users/arraybuffer/my_project/kyzb-egg/node_modules/_pify@2.3.0@pify/index.js:12:10)
    at Pool.ret [as query] (/Users/arraybuffer/my_project/kyzb-egg/node_modules/_pify@2.3.0@pify/index.js:56:34)
    at RDSClient.proto._query (/Users/arraybuffer/my_project/kyzb-egg/node_modules/_ali-rds@3.3.0@ali-rds/lib/client.js:34:20)
    at RDSClient.proto.query (/Users/arraybuffer/my_project/kyzb-egg/node_modules/_ali-rds@3.3.0@ali-rds/lib/operator.js:54:29)
    at proto.query.next (<anonymous>)
    at onFulfilled (/Users/arraybuffer/my_project/kyzb-egg/node_modules/_co@4.6.0@co/index.js:65:19)
    at /Users/arraybuffer/my_project/kyzb-egg/node_modules/_co@4.6.0@co/index.js:54:5
    sql: SELECT * FROM `user` WHERE `id` IN ()
code: "ER_PARSE_ERROR"
errno: 1064
sqlMessage: "You have an error in your SQL syntax; check the manual that corresponds to your MySQL server version for the right syntax to use near ')' at line 1"
sqlState: "42000"
index: 0
sql: "SELECT * FROM `user` WHERE `id` IN ()"
name: "ER_PARSE_ERRORError"
pid: 1618
hostname: arraybufferdeMacBook-Pro.local

