2019-09-30 11:13:32,827 INFO 2530 [egg:logger] init all loggers with options: {"dir":"/Users/arraybuffer/my_project/ynow-egg/logs/xy-egg","encoding":"utf8","env":"local","level":"INFO","consoleLevel":"INFO","disableConsoleAfterReady":false,"outputJSON":false,"buffer":true,"appLogName":"xy-egg-web.log","coreLogName":"egg-web.log","agentLogName":"egg-agent.log","errorLogName":"common-error.log","coreLogger":{"consoleLevel":"WARN"},"allowDebugAtProd":false,"type":"application"}
2019-09-30 11:13:32,857 INFO 2530 [egg-multipart] stream mode enable
2019-09-30 11:13:32,858 INFO 2530 [egg-mysql] connecting root@39.108.138.156:3306/kyzb
2019-09-30 11:13:32,954 INFO 2530 [egg-redis] server connecting redis://:***@39.108.138.156:6379/0
2019-09-30 11:13:33,080 INFO 2530 [egg-static] starting static serve /public/ -> /Users/arraybuffer/my_project/ynow-egg/app/public
2019-09-30 11:13:33,083 INFO 2530 [egg-security] use methodnoallow middleware
2019-09-30 11:13:33,084 INFO 2530 [egg-security] use noopen middleware
2019-09-30 11:13:33,085 INFO 2530 [egg-security] use nosniff middleware
2019-09-30 11:13:33,086 INFO 2530 [egg-security] use xssProtection middleware
2019-09-30 11:13:33,087 INFO 2530 [egg-security] use xframe middleware
2019-09-30 11:13:33,088 INFO 2530 [egg-security] use dta middleware
2019-09-30 11:13:33,088 INFO 2530 [egg-security] compose 6 middlewares into one security middleware
2019-09-30 11:13:33,153 INFO 2530 [egg:core] dump config after load, 7ms
2019-09-30 11:13:33,179 INFO 2530 [egg-watcher:application] watcher start success
2019-09-30 11:13:33,233 INFO 2530 [egg-redis] client connect success
2019-09-30 11:13:33,274 INFO 2530 [egg-redis] instance[0] status OK, client ready
2019-09-30 11:13:33,890 INFO 2530 [egg-mysql] instance[0] status OK, rds currentTime: Mon Sep 30 2019 11:13:33 GMT+0800 (GMT+08:00)
2019-09-30 11:13:33,915 INFO 2530 [egg:core] dump config after ready, 5ms
2019-09-30 11:15:25,728 INFO 2561 [egg:logger] init all loggers with options: {"dir":"/Users/arraybuffer/my_project/ynow-egg/logs/xy-egg","encoding":"utf8","env":"local","level":"INFO","consoleLevel":"INFO","disableConsoleAfterReady":false,"outputJSON":false,"buffer":true,"appLogName":"xy-egg-web.log","coreLogName":"egg-web.log","agentLogName":"egg-agent.log","errorLogName":"common-error.log","coreLogger":{"consoleLevel":"WARN"},"allowDebugAtProd":false,"type":"application"}
2019-09-30 11:15:25,761 INFO 2561 [egg-multipart] stream mode enable
2019-09-30 11:15:25,761 INFO 2561 [egg-mysql] connecting root@39.108.138.156:3306/kyzb
2019-09-30 11:15:25,832 INFO 2561 [egg-redis] server connecting redis://:***@39.108.138.156:6379/0
2019-09-30 11:15:25,934 INFO 2561 [egg-static] starting static serve /public/ -> /Users/arraybuffer/my_project/ynow-egg/app/public
2019-09-30 11:15:25,937 INFO 2561 [egg-security] use methodnoallow middleware
2019-09-30 11:15:25,937 INFO 2561 [egg-security] use noopen middleware
2019-09-30 11:15:25,937 INFO 2561 [egg-security] use nosniff middleware
2019-09-30 11:15:25,938 INFO 2561 [egg-security] use xssProtection middleware
2019-09-30 11:15:25,938 INFO 2561 [egg-security] use xframe middleware
2019-09-30 11:15:25,938 INFO 2561 [egg-security] use dta middleware
2019-09-30 11:15:25,938 INFO 2561 [egg-security] compose 6 middlewares into one security middleware
2019-09-30 11:15:25,995 INFO 2561 [egg:core] dump config after load, 7ms
2019-09-30 11:15:26,023 INFO 2561 [egg-redis] client connect success
2019-09-30 11:15:26,027 INFO 2561 [egg-watcher:application] watcher start success
2019-09-30 11:15:26,057 INFO 2561 [egg-mysql] instance[0] status OK, rds currentTime: Mon Sep 30 2019 11:15:26 GMT+0800 (GMT+08:00)
2019-09-30 11:15:26,069 INFO 2561 [egg-redis] instance[0] status OK, client ready
2019-09-30 11:15:26,087 INFO 2561 [egg:core] dump config after ready, 6ms
2019-09-30 11:15:39,244 INFO 2581 [egg:logger] init all loggers with options: {"dir":"/Users/arraybuffer/my_project/ynow-egg/logs/xy-egg","encoding":"utf8","env":"local","level":"INFO","consoleLevel":"INFO","disableConsoleAfterReady":false,"outputJSON":false,"buffer":true,"appLogName":"xy-egg-web.log","coreLogName":"egg-web.log","agentLogName":"egg-agent.log","errorLogName":"common-error.log","coreLogger":{"consoleLevel":"WARN"},"allowDebugAtProd":false,"type":"application"}
2019-09-30 11:15:39,271 INFO 2581 [egg-multipart] stream mode enable
2019-09-30 11:15:39,272 INFO 2581 [egg-mysql] connecting root@39.108.138.156:3306/kyzb
2019-09-30 11:15:39,336 INFO 2581 [egg-redis] server connecting redis://:***@39.108.138.156:6379/0
2019-09-30 11:15:39,427 INFO 2581 [egg-static] starting static serve /public/ -> /Users/arraybuffer/my_project/ynow-egg/app/public
2019-09-30 11:15:39,430 INFO 2581 [egg-security] use methodnoallow middleware
2019-09-30 11:15:39,430 INFO 2581 [egg-security] use noopen middleware
2019-09-30 11:15:39,431 INFO 2581 [egg-security] use nosniff middleware
2019-09-30 11:15:39,431 INFO 2581 [egg-security] use xssProtection middleware
2019-09-30 11:15:39,432 INFO 2581 [egg-security] use xframe middleware
2019-09-30 11:15:39,432 INFO 2581 [egg-security] use dta middleware
2019-09-30 11:15:39,432 INFO 2581 [egg-security] compose 6 middlewares into one security middleware
2019-09-30 11:15:39,488 INFO 2581 [egg:core] dump config after load, 8ms
2019-09-30 11:15:39,520 INFO 2581 [egg-redis] client connect success
2019-09-30 11:15:39,524 INFO 2581 [egg-watcher:application] watcher start success
2019-09-30 11:15:39,534 INFO 2581 [egg-redis] instance[0] status OK, client ready
2019-09-30 11:15:39,550 INFO 2581 [egg-mysql] instance[0] status OK, rds currentTime: Mon Sep 30 2019 11:15:39 GMT+0800 (GMT+08:00)
2019-09-30 11:15:39,573 INFO 2581 [egg:core] dump config after ready, 9ms
2019-09-30 11:15:45,435 INFO 2599 [egg:logger] init all loggers with options: {"dir":"/Users/arraybuffer/my_project/ynow-egg/logs/xy-egg","encoding":"utf8","env":"local","level":"INFO","consoleLevel":"INFO","disableConsoleAfterReady":false,"outputJSON":false,"buffer":true,"appLogName":"xy-egg-web.log","coreLogName":"egg-web.log","agentLogName":"egg-agent.log","errorLogName":"common-error.log","coreLogger":{"consoleLevel":"WARN"},"allowDebugAtProd":false,"type":"application"}
2019-09-30 11:15:45,463 INFO 2599 [egg-multipart] stream mode enable
2019-09-30 11:15:45,463 INFO 2599 [egg-mysql] connecting root@39.108.138.156:3306/kyzb
2019-09-30 11:15:45,525 INFO 2599 [egg-redis] server connecting redis://:***@39.108.138.156:6379/0
2019-09-30 11:15:45,618 INFO 2599 [egg-static] starting static serve /public/ -> /Users/arraybuffer/my_project/ynow-egg/app/public
2019-09-30 11:15:45,621 INFO 2599 [egg-security] use methodnoallow middleware
2019-09-30 11:15:45,621 INFO 2599 [egg-security] use noopen middleware
2019-09-30 11:15:45,622 INFO 2599 [egg-security] use nosniff middleware
2019-09-30 11:15:45,622 INFO 2599 [egg-security] use xssProtection middleware
2019-09-30 11:15:45,622 INFO 2599 [egg-security] use xframe middleware
2019-09-30 11:15:45,623 INFO 2599 [egg-security] use dta middleware
2019-09-30 11:15:45,623 INFO 2599 [egg-security] compose 6 middlewares into one security middleware
2019-09-30 11:15:45,683 INFO 2599 [egg:core] dump config after load, 8ms
2019-09-30 11:15:45,711 INFO 2599 [egg-redis] client connect success
2019-09-30 11:15:45,715 INFO 2599 [egg-watcher:application] watcher start success
2019-09-30 11:15:45,723 INFO 2599 [egg-redis] instance[0] status OK, client ready
2019-09-30 11:15:45,748 INFO 2599 [egg-mysql] instance[0] status OK, rds currentTime: Mon Sep 30 2019 11:15:45 GMT+0800 (GMT+08:00)
2019-09-30 11:15:45,769 INFO 2599 [egg:core] dump config after ready, 9ms
2019-09-30 11:16:03,015 INFO 2612 [egg:logger] init all loggers with options: {"dir":"/Users/arraybuffer/my_project/ynow-egg/logs/xy-egg","encoding":"utf8","env":"local","level":"INFO","consoleLevel":"INFO","disableConsoleAfterReady":false,"outputJSON":false,"buffer":true,"appLogName":"xy-egg-web.log","coreLogName":"egg-web.log","agentLogName":"egg-agent.log","errorLogName":"common-error.log","coreLogger":{"consoleLevel":"WARN"},"allowDebugAtProd":false,"type":"application"}
2019-09-30 11:16:03,046 INFO 2612 [egg-multipart] stream mode enable
2019-09-30 11:16:03,046 INFO 2612 [egg-mysql] connecting root@39.108.138.156:3306/kyzb
2019-09-30 11:16:03,109 INFO 2612 [egg-redis] server connecting redis://:***@39.108.138.156:6379/0
2019-09-30 11:16:03,198 INFO 2612 [egg-static] starting static serve /public/ -> /Users/arraybuffer/my_project/ynow-egg/app/public
2019-09-30 11:16:03,200 INFO 2612 [egg-security] use methodnoallow middleware
2019-09-30 11:16:03,200 INFO 2612 [egg-security] use noopen middleware
2019-09-30 11:16:03,201 INFO 2612 [egg-security] use nosniff middleware
2019-09-30 11:16:03,201 INFO 2612 [egg-security] use xssProtection middleware
2019-09-30 11:16:03,201 INFO 2612 [egg-security] use xframe middleware
2019-09-30 11:16:03,202 INFO 2612 [egg-security] use dta middleware
2019-09-30 11:16:03,202 INFO 2612 [egg-security] compose 6 middlewares into one security middleware
2019-09-30 11:16:03,248 INFO 2612 [egg:core] dump config after load, 6ms
2019-09-30 11:16:03,272 INFO 2612 [egg-watcher:application] watcher start success
2019-09-30 11:16:03,274 INFO 2612 [egg-redis] client connect success
2019-09-30 11:16:03,285 INFO 2612 [egg-redis] instance[0] status OK, client ready
2019-09-30 11:16:03,306 INFO 2612 [egg-mysql] instance[0] status OK, rds currentTime: Mon Sep 30 2019 11:16:03 GMT+0800 (GMT+08:00)
2019-09-30 11:16:03,324 INFO 2612 [egg:core] dump config after ready, 6ms
2019-09-30 11:16:07,830 INFO 2624 [egg:logger] init all loggers with options: {"dir":"/Users/arraybuffer/my_project/ynow-egg/logs/xy-egg","encoding":"utf8","env":"local","level":"INFO","consoleLevel":"INFO","disableConsoleAfterReady":false,"outputJSON":false,"buffer":true,"appLogName":"xy-egg-web.log","coreLogName":"egg-web.log","agentLogName":"egg-agent.log","errorLogName":"common-error.log","coreLogger":{"consoleLevel":"WARN"},"allowDebugAtProd":false,"type":"application"}
2019-09-30 11:16:07,859 INFO 2624 [egg-multipart] stream mode enable
2019-09-30 11:16:07,860 INFO 2624 [egg-mysql] connecting root@39.108.138.156:3306/kyzb
2019-09-30 11:16:07,923 INFO 2624 [egg-redis] server connecting redis://:***@39.108.138.156:6379/0
2019-09-30 11:16:08,008 INFO 2624 [egg-static] starting static serve /public/ -> /Users/arraybuffer/my_project/ynow-egg/app/public
2019-09-30 11:16:08,011 INFO 2624 [egg-security] use methodnoallow middleware
2019-09-30 11:16:08,011 INFO 2624 [egg-security] use noopen middleware
2019-09-30 11:16:08,011 INFO 2624 [egg-security] use nosniff middleware
2019-09-30 11:16:08,012 INFO 2624 [egg-security] use xssProtection middleware
2019-09-30 11:16:08,012 INFO 2624 [egg-security] use xframe middleware
2019-09-30 11:16:08,012 INFO 2624 [egg-security] use dta middleware
2019-09-30 11:16:08,012 INFO 2624 [egg-security] compose 6 middlewares into one security middleware
2019-09-30 11:16:08,061 INFO 2624 [egg:core] dump config after load, 6ms
2019-09-30 11:16:08,085 INFO 2624 [egg-watcher:application] watcher start success
2019-09-30 11:16:08,087 INFO 2624 [egg-redis] client connect success
2019-09-30 11:16:08,101 INFO 2624 [egg-redis] instance[0] status OK, client ready
2019-09-30 11:16:08,126 INFO 2624 [egg-mysql] instance[0] status OK, rds currentTime: Mon Sep 30 2019 11:16:08 GMT+0800 (GMT+08:00)
2019-09-30 11:16:08,142 INFO 2624 [egg:core] dump config after ready, 6ms
2019-09-30 11:18:21,476 INFO 2650 [egg:logger] init all loggers with options: {"dir":"/Users/arraybuffer/my_project/ynow-egg/logs/xy-egg","encoding":"utf8","env":"local","level":"INFO","consoleLevel":"INFO","disableConsoleAfterReady":false,"outputJSON":false,"buffer":true,"appLogName":"xy-egg-web.log","coreLogName":"egg-web.log","agentLogName":"egg-agent.log","errorLogName":"common-error.log","coreLogger":{"consoleLevel":"WARN"},"allowDebugAtProd":false,"type":"application"}
2019-09-30 11:18:21,509 INFO 2650 [egg-multipart] stream mode enable
2019-09-30 11:18:21,509 INFO 2650 [egg-mysql] connecting root@39.108.138.156:3306/kyzb
2019-09-30 11:18:21,575 INFO 2650 [egg-redis] server connecting redis://:***@39.108.138.156:6379/0
2019-09-30 11:18:21,667 INFO 2650 [egg-static] starting static serve /public/ -> /Users/arraybuffer/my_project/ynow-egg/app/public
2019-09-30 11:18:21,669 INFO 2650 [egg-security] use methodnoallow middleware
2019-09-30 11:18:21,670 INFO 2650 [egg-security] use noopen middleware
2019-09-30 11:18:21,670 INFO 2650 [egg-security] use nosniff middleware
2019-09-30 11:18:21,671 INFO 2650 [egg-security] use xssProtection middleware
2019-09-30 11:18:21,671 INFO 2650 [egg-security] use xframe middleware
2019-09-30 11:18:21,671 INFO 2650 [egg-security] use dta middleware
2019-09-30 11:18:21,671 INFO 2650 [egg-security] compose 6 middlewares into one security middleware
2019-09-30 11:18:21,723 INFO 2650 [egg:core] dump config after load, 8ms
2019-09-30 11:18:21,747 INFO 2650 [egg-redis] client connect success
2019-09-30 11:18:21,750 INFO 2650 [egg-watcher:application] watcher start success
2019-09-30 11:18:21,759 INFO 2650 [egg-redis] instance[0] status OK, client ready
2019-09-30 11:18:21,783 INFO 2650 [egg-mysql] instance[0] status OK, rds currentTime: Mon Sep 30 2019 11:18:21 GMT+0800 (GMT+08:00)
2019-09-30 11:18:21,800 INFO 2650 [egg:core] dump config after ready, 6ms
