2019-09-22 00:46:37,316 ERROR 2262 nodejs.ClusterClientNoResponseError: client no response in 2073097ms exceeding maxIdleTime 60000ms, maybe the connection is close on other side.
    at Timeout.Leader._heartbeatTimer.setInterval [as _onTimeout] (/Users/arraybuffer/my_project/kyzb-egg/node_modules/_cluster-client@3.0.1@cluster-client/lib/leader.js:77:23)
    at ontimeout (timers.js:436:11)
    at tryOnTimeout (timers.js:300:5)
    at listOnTimeout (timers.js:263:5)
    at Timer.processTimers (timers.js:223:10)
name: "ClusterClientNoResponseError"
pid: 2262
hostname: arraybufferdeMacBook-Pro.local

2019-09-22 00:58:37,346 ERROR 2262 nodejs.ClusterClientNoResponseError: client no response in 720027ms exceeding maxIdleTime 60000ms, maybe the connection is close on other side.
    at Timeout.Leader._heartbeatTimer.setInterval [as _onTimeout] (/Users/arraybuffer/my_project/kyzb-egg/node_modules/_cluster-client@3.0.1@cluster-client/lib/leader.js:77:23)
    at ontimeout (timers.js:436:11)
    at tryOnTimeout (timers.js:300:5)
    at listOnTimeout (timers.js:263:5)
    at Timer.processTimers (timers.js:223:10)
name: "ClusterClientNoResponseError"
pid: 2262
hostname: arraybufferdeMacBook-Pro.local

2019-09-22 01:28:35,631 ERROR 2263 [egg-redis] client error: Error: read ECONNRESET
2019-09-22 01:28:35,632 ERROR 2263 nodejs.ECONNRESETError: read ECONNRESET
    at TCP.onStreamRead (internal/stream_base_commons.js:111:27)
errno: "ECONNRESET"
code: "ECONNRESET"
syscall: "read"
name: "ECONNRESETError"
pid: 2263
hostname: arraybufferdeMacBook-Pro.local

2019-09-22 01:28:35,718 ERROR 2263 [-/127.0.0.1/-/93ms GET /user/userInfo?token=] MyError { message: '登录失效', errCode: '100005' }
2019-09-22 01:28:37,303 ERROR 2263 [-/127.0.0.1/-/10ms GET /user/userInfo?token=] MyError { message: '登录失效', errCode: '100005' }
2019-09-22 01:28:51,202 ERROR 2263 [-/127.0.0.1/-/37ms POST /user/login?token=] MyError { message: '登录密码不正确', errCode: '100004' }
2019-09-22 01:38:13,200 ERROR 2808 MyError { message: '登录失效', errCode: '100005' }
2019-09-22 01:39:15,167 ERROR 2823 MyError { message: '登录失效', errCode: '100005' }
2019-09-22 01:42:44,441 ERROR 2823 MyError { message: '登录失效', errCode: '100005' }
2019-09-22 01:50:13,208 ERROR 3015 nodejs.ReferenceError: to is not defined
    at ChatController.sendMsg (/Users/arraybuffer/my_project/kyzb-egg/app/io/controller/chat.js:29:30)
    at process._tickCallback (internal/process/next_tick.js:68:7)

pid: 3015
hostname: arraybufferdeMacBook-Pro.local

2019-09-22 01:58:20,354 ERROR 3159 nodejs.TypeError: Cannot set property 'userInfo' of undefined
    at ChatController.sendMsg (/Users/arraybuffer/my_project/kyzb-egg/app/io/controller/chat.js:23:28)
    at process._tickCallback (internal/process/next_tick.js:68:7)

pid: 3159
hostname: arraybufferdeMacBook-Pro.local

2019-09-22 01:58:21,832 ERROR 3159 nodejs.TypeError: Cannot set property 'userInfo' of undefined
    at ChatController.sendMsg (/Users/arraybuffer/my_project/kyzb-egg/app/io/controller/chat.js:23:28)
    at process._tickCallback (internal/process/next_tick.js:68:7)

pid: 3159
hostname: arraybufferdeMacBook-Pro.local

