2019-09-22 01:32:29,521 INFO 2738 [egg-schedule]: register schedule /Users/arraybuffer/my_project/kyzb-egg/node_modules/_egg-multipart@2.7.1@egg-multipart/app/schedule/clean_tmpdir.js
2019-09-22 01:32:29,521 INFO 2738 [egg-schedule]: register schedule /Users/arraybuffer/my_project/kyzb-egg/node_modules/_egg-logrotator@3.1.0@egg-logrotator/app/schedule/clean_log.js
2019-09-22 01:32:29,521 INFO 2738 [egg-schedule]: register schedule /Users/arraybuffer/my_project/kyzb-egg/node_modules/_egg-logrotator@3.1.0@egg-logrotator/app/schedule/rotate_by_file.js
2019-09-22 01:35:12,529 INFO 2775 [egg-schedule]: register schedule /Users/arraybuffer/my_project/kyzb-egg/node_modules/_egg-multipart@2.7.1@egg-multipart/app/schedule/clean_tmpdir.js
2019-09-22 01:35:12,529 INFO 2775 [egg-schedule]: register schedule /Users/arraybuffer/my_project/kyzb-egg/node_modules/_egg-logrotator@3.1.0@egg-logrotator/app/schedule/clean_log.js
2019-09-22 01:35:12,529 INFO 2775 [egg-schedule]: register schedule /Users/arraybuffer/my_project/kyzb-egg/node_modules/_egg-logrotator@3.1.0@egg-logrotator/app/schedule/rotate_by_file.js
2019-09-22 01:38:09,676 INFO 2808 [egg-schedule]: register schedule /Users/arraybuffer/my_project/kyzb-egg/node_modules/_egg-multipart@2.7.1@egg-multipart/app/schedule/clean_tmpdir.js
2019-09-22 01:38:09,676 INFO 2808 [egg-schedule]: register schedule /Users/arraybuffer/my_project/kyzb-egg/node_modules/_egg-logrotator@3.1.0@egg-logrotator/app/schedule/clean_log.js
2019-09-22 01:38:09,676 INFO 2808 [egg-schedule]: register schedule /Users/arraybuffer/my_project/kyzb-egg/node_modules/_egg-logrotator@3.1.0@egg-logrotator/app/schedule/rotate_by_file.js
2019-09-22 01:39:12,346 INFO 2823 [egg-schedule]: register schedule /Users/arraybuffer/my_project/kyzb-egg/node_modules/_egg-multipart@2.7.1@egg-multipart/app/schedule/clean_tmpdir.js
2019-09-22 01:39:12,346 INFO 2823 [egg-schedule]: register schedule /Users/arraybuffer/my_project/kyzb-egg/node_modules/_egg-logrotator@3.1.0@egg-logrotator/app/schedule/clean_log.js
2019-09-22 01:39:12,346 INFO 2823 [egg-schedule]: register schedule /Users/arraybuffer/my_project/kyzb-egg/node_modules/_egg-logrotator@3.1.0@egg-logrotator/app/schedule/rotate_by_file.js
2019-09-22 01:44:55,741 INFO 2923 [egg-schedule]: register schedule /Users/arraybuffer/my_project/kyzb-egg/node_modules/_egg-multipart@2.7.1@egg-multipart/app/schedule/clean_tmpdir.js
2019-09-22 01:44:55,741 INFO 2923 [egg-schedule]: register schedule /Users/arraybuffer/my_project/kyzb-egg/node_modules/_egg-logrotator@3.1.0@egg-logrotator/app/schedule/clean_log.js
2019-09-22 01:44:55,741 INFO 2923 [egg-schedule]: register schedule /Users/arraybuffer/my_project/kyzb-egg/node_modules/_egg-logrotator@3.1.0@egg-logrotator/app/schedule/rotate_by_file.js
2019-09-22 01:45:17,616 INFO 2933 [egg-schedule]: register schedule /Users/arraybuffer/my_project/kyzb-egg/node_modules/_egg-multipart@2.7.1@egg-multipart/app/schedule/clean_tmpdir.js
2019-09-22 01:45:17,616 INFO 2933 [egg-schedule]: register schedule /Users/arraybuffer/my_project/kyzb-egg/node_modules/_egg-logrotator@3.1.0@egg-logrotator/app/schedule/clean_log.js
2019-09-22 01:45:17,616 INFO 2933 [egg-schedule]: register schedule /Users/arraybuffer/my_project/kyzb-egg/node_modules/_egg-logrotator@3.1.0@egg-logrotator/app/schedule/rotate_by_file.js
2019-09-22 01:45:34,787 INFO 2951 [egg-schedule]: register schedule /Users/arraybuffer/my_project/kyzb-egg/node_modules/_egg-multipart@2.7.1@egg-multipart/app/schedule/clean_tmpdir.js
2019-09-22 01:45:34,787 INFO 2951 [egg-schedule]: register schedule /Users/arraybuffer/my_project/kyzb-egg/node_modules/_egg-logrotator@3.1.0@egg-logrotator/app/schedule/clean_log.js
2019-09-22 01:45:34,787 INFO 2951 [egg-schedule]: register schedule /Users/arraybuffer/my_project/kyzb-egg/node_modules/_egg-logrotator@3.1.0@egg-logrotator/app/schedule/rotate_by_file.js
2019-09-22 01:47:12,322 INFO 2987 [egg-schedule]: register schedule /Users/arraybuffer/my_project/kyzb-egg/node_modules/_egg-multipart@2.7.1@egg-multipart/app/schedule/clean_tmpdir.js
2019-09-22 01:47:12,322 INFO 2987 [egg-schedule]: register schedule /Users/arraybuffer/my_project/kyzb-egg/node_modules/_egg-logrotator@3.1.0@egg-logrotator/app/schedule/clean_log.js
2019-09-22 01:47:12,322 INFO 2987 [egg-schedule]: register schedule /Users/arraybuffer/my_project/kyzb-egg/node_modules/_egg-logrotator@3.1.0@egg-logrotator/app/schedule/rotate_by_file.js
2019-09-22 01:50:09,667 INFO 3015 [egg-schedule]: register schedule /Users/arraybuffer/my_project/kyzb-egg/node_modules/_egg-multipart@2.7.1@egg-multipart/app/schedule/clean_tmpdir.js
2019-09-22 01:50:09,667 INFO 3015 [egg-schedule]: register schedule /Users/arraybuffer/my_project/kyzb-egg/node_modules/_egg-logrotator@3.1.0@egg-logrotator/app/schedule/clean_log.js
2019-09-22 01:50:09,667 INFO 3015 [egg-schedule]: register schedule /Users/arraybuffer/my_project/kyzb-egg/node_modules/_egg-logrotator@3.1.0@egg-logrotator/app/schedule/rotate_by_file.js
2019-09-22 01:50:30,517 INFO 3032 [egg-schedule]: register schedule /Users/arraybuffer/my_project/kyzb-egg/node_modules/_egg-multipart@2.7.1@egg-multipart/app/schedule/clean_tmpdir.js
2019-09-22 01:50:30,517 INFO 3032 [egg-schedule]: register schedule /Users/arraybuffer/my_project/kyzb-egg/node_modules/_egg-logrotator@3.1.0@egg-logrotator/app/schedule/clean_log.js
2019-09-22 01:50:30,517 INFO 3032 [egg-schedule]: register schedule /Users/arraybuffer/my_project/kyzb-egg/node_modules/_egg-logrotator@3.1.0@egg-logrotator/app/schedule/rotate_by_file.js
2019-09-22 01:52:15,586 INFO 3056 [egg-schedule]: register schedule /Users/arraybuffer/my_project/kyzb-egg/node_modules/_egg-multipart@2.7.1@egg-multipart/app/schedule/clean_tmpdir.js
2019-09-22 01:52:15,586 INFO 3056 [egg-schedule]: register schedule /Users/arraybuffer/my_project/kyzb-egg/node_modules/_egg-logrotator@3.1.0@egg-logrotator/app/schedule/clean_log.js
2019-09-22 01:52:15,586 INFO 3056 [egg-schedule]: register schedule /Users/arraybuffer/my_project/kyzb-egg/node_modules/_egg-logrotator@3.1.0@egg-logrotator/app/schedule/rotate_by_file.js
2019-09-22 01:53:38,468 INFO 3091 [egg-schedule]: register schedule /Users/arraybuffer/my_project/kyzb-egg/node_modules/_egg-multipart@2.7.1@egg-multipart/app/schedule/clean_tmpdir.js
2019-09-22 01:53:38,468 INFO 3091 [egg-schedule]: register schedule /Users/arraybuffer/my_project/kyzb-egg/node_modules/_egg-logrotator@3.1.0@egg-logrotator/app/schedule/clean_log.js
2019-09-22 01:53:38,468 INFO 3091 [egg-schedule]: register schedule /Users/arraybuffer/my_project/kyzb-egg/node_modules/_egg-logrotator@3.1.0@egg-logrotator/app/schedule/rotate_by_file.js
2019-09-22 01:56:23,668 INFO 3132 [egg-schedule]: register schedule /Users/arraybuffer/my_project/kyzb-egg/node_modules/_egg-multipart@2.7.1@egg-multipart/app/schedule/clean_tmpdir.js
2019-09-22 01:56:23,668 INFO 3132 [egg-schedule]: register schedule /Users/arraybuffer/my_project/kyzb-egg/node_modules/_egg-logrotator@3.1.0@egg-logrotator/app/schedule/clean_log.js
2019-09-22 01:56:23,668 INFO 3132 [egg-schedule]: register schedule /Users/arraybuffer/my_project/kyzb-egg/node_modules/_egg-logrotator@3.1.0@egg-logrotator/app/schedule/rotate_by_file.js
2019-09-22 01:58:16,143 INFO 3159 [egg-schedule]: register schedule /Users/arraybuffer/my_project/kyzb-egg/node_modules/_egg-multipart@2.7.1@egg-multipart/app/schedule/clean_tmpdir.js
2019-09-22 01:58:16,143 INFO 3159 [egg-schedule]: register schedule /Users/arraybuffer/my_project/kyzb-egg/node_modules/_egg-logrotator@3.1.0@egg-logrotator/app/schedule/clean_log.js
2019-09-22 01:58:16,143 INFO 3159 [egg-schedule]: register schedule /Users/arraybuffer/my_project/kyzb-egg/node_modules/_egg-logrotator@3.1.0@egg-logrotator/app/schedule/rotate_by_file.js
2019-09-22 01:59:38,120 INFO 3183 [egg-schedule]: register schedule /Users/arraybuffer/my_project/kyzb-egg/node_modules/_egg-multipart@2.7.1@egg-multipart/app/schedule/clean_tmpdir.js
2019-09-22 01:59:38,120 INFO 3183 [egg-schedule]: register schedule /Users/arraybuffer/my_project/kyzb-egg/node_modules/_egg-logrotator@3.1.0@egg-logrotator/app/schedule/clean_log.js
2019-09-22 01:59:38,120 INFO 3183 [egg-schedule]: register schedule /Users/arraybuffer/my_project/kyzb-egg/node_modules/_egg-logrotator@3.1.0@egg-logrotator/app/schedule/rotate_by_file.js
2019-09-22 02:00:09,325 INFO 3194 [egg-schedule]: register schedule /Users/arraybuffer/my_project/kyzb-egg/node_modules/_egg-multipart@2.7.1@egg-multipart/app/schedule/clean_tmpdir.js
2019-09-22 02:00:09,325 INFO 3194 [egg-schedule]: register schedule /Users/arraybuffer/my_project/kyzb-egg/node_modules/_egg-logrotator@3.1.0@egg-logrotator/app/schedule/clean_log.js
2019-09-22 02:00:09,325 INFO 3194 [egg-schedule]: register schedule /Users/arraybuffer/my_project/kyzb-egg/node_modules/_egg-logrotator@3.1.0@egg-logrotator/app/schedule/rotate_by_file.js
2019-09-22 02:00:23,659 INFO 3212 [egg-schedule]: register schedule /Users/arraybuffer/my_project/kyzb-egg/node_modules/_egg-multipart@2.7.1@egg-multipart/app/schedule/clean_tmpdir.js
2019-09-22 02:00:23,659 INFO 3212 [egg-schedule]: register schedule /Users/arraybuffer/my_project/kyzb-egg/node_modules/_egg-logrotator@3.1.0@egg-logrotator/app/schedule/clean_log.js
2019-09-22 02:00:23,659 INFO 3212 [egg-schedule]: register schedule /Users/arraybuffer/my_project/kyzb-egg/node_modules/_egg-logrotator@3.1.0@egg-logrotator/app/schedule/rotate_by_file.js
2019-09-22 02:22:22,551 INFO 3498 [egg-schedule]: register schedule /Users/arraybuffer/my_project/kyzb-egg/node_modules/_egg-multipart@2.7.1@egg-multipart/app/schedule/clean_tmpdir.js
2019-09-22 02:22:22,551 INFO 3498 [egg-schedule]: register schedule /Users/arraybuffer/my_project/kyzb-egg/node_modules/_egg-logrotator@3.1.0@egg-logrotator/app/schedule/clean_log.js
2019-09-22 02:22:22,551 INFO 3498 [egg-schedule]: register schedule /Users/arraybuffer/my_project/kyzb-egg/node_modules/_egg-logrotator@3.1.0@egg-logrotator/app/schedule/rotate_by_file.js
2019-09-22 02:22:48,065 INFO 3512 [egg-schedule]: register schedule /Users/arraybuffer/my_project/kyzb-egg/node_modules/_egg-multipart@2.7.1@egg-multipart/app/schedule/clean_tmpdir.js
2019-09-22 02:22:48,065 INFO 3512 [egg-schedule]: register schedule /Users/arraybuffer/my_project/kyzb-egg/node_modules/_egg-logrotator@3.1.0@egg-logrotator/app/schedule/clean_log.js
2019-09-22 02:22:48,065 INFO 3512 [egg-schedule]: register schedule /Users/arraybuffer/my_project/kyzb-egg/node_modules/_egg-logrotator@3.1.0@egg-logrotator/app/schedule/rotate_by_file.js
2019-09-22 02:23:08,434 INFO 3523 [egg-schedule]: register schedule /Users/arraybuffer/my_project/kyzb-egg/node_modules/_egg-multipart@2.7.1@egg-multipart/app/schedule/clean_tmpdir.js
2019-09-22 02:23:08,434 INFO 3523 [egg-schedule]: register schedule /Users/arraybuffer/my_project/kyzb-egg/node_modules/_egg-logrotator@3.1.0@egg-logrotator/app/schedule/clean_log.js
2019-09-22 02:23:08,434 INFO 3523 [egg-schedule]: register schedule /Users/arraybuffer/my_project/kyzb-egg/node_modules/_egg-logrotator@3.1.0@egg-logrotator/app/schedule/rotate_by_file.js
2019-09-22 02:23:19,568 INFO 3533 [egg-schedule]: register schedule /Users/arraybuffer/my_project/kyzb-egg/node_modules/_egg-multipart@2.7.1@egg-multipart/app/schedule/clean_tmpdir.js
2019-09-22 02:23:19,568 INFO 3533 [egg-schedule]: register schedule /Users/arraybuffer/my_project/kyzb-egg/node_modules/_egg-logrotator@3.1.0@egg-logrotator/app/schedule/clean_log.js
2019-09-22 02:23:19,568 INFO 3533 [egg-schedule]: register schedule /Users/arraybuffer/my_project/kyzb-egg/node_modules/_egg-logrotator@3.1.0@egg-logrotator/app/schedule/rotate_by_file.js
2019-09-22 02:23:42,362 INFO 3545 [egg-schedule]: register schedule /Users/arraybuffer/my_project/kyzb-egg/node_modules/_egg-multipart@2.7.1@egg-multipart/app/schedule/clean_tmpdir.js
2019-09-22 02:23:42,362 INFO 3545 [egg-schedule]: register schedule /Users/arraybuffer/my_project/kyzb-egg/node_modules/_egg-logrotator@3.1.0@egg-logrotator/app/schedule/clean_log.js
2019-09-22 02:23:42,362 INFO 3545 [egg-schedule]: register schedule /Users/arraybuffer/my_project/kyzb-egg/node_modules/_egg-logrotator@3.1.0@egg-logrotator/app/schedule/rotate_by_file.js
2019-09-22 09:03:46,321 INFO 4154 [egg-schedule]: register schedule /Users/arraybuffer/my_project/kyzb-egg/node_modules/_egg-multipart@2.7.1@egg-multipart/app/schedule/clean_tmpdir.js
2019-09-22 09:03:46,321 INFO 4154 [egg-schedule]: register schedule /Users/arraybuffer/my_project/kyzb-egg/node_modules/_egg-logrotator@3.1.0@egg-logrotator/app/schedule/clean_log.js
2019-09-22 09:03:46,321 INFO 4154 [egg-schedule]: register schedule /Users/arraybuffer/my_project/kyzb-egg/node_modules/_egg-logrotator@3.1.0@egg-logrotator/app/schedule/rotate_by_file.js
2019-09-22 09:03:46,644 INFO 4153 [Timer] /Users/arraybuffer/my_project/kyzb-egg/node_modules/_egg-multipart@2.7.1@egg-multipart/app/schedule/clean_tmpdir.js next time will execute after 69973360ms at 2019-09-23 04:30:00.004
2019-09-22 09:03:46,644 INFO 4153 [Timer] /Users/arraybuffer/my_project/kyzb-egg/node_modules/_egg-logrotator@3.1.0@egg-logrotator/app/schedule/clean_log.js next time will execute after 53773356ms at 2019-09-23 00:00:00.000
2019-09-22 09:03:46,645 INFO 4153 [Timer] /Users/arraybuffer/my_project/kyzb-egg/node_modules/_egg-logrotator@3.1.0@egg-logrotator/app/schedule/rotate_by_file.js next time will execute after 53774356ms at 2019-09-23 00:00:01.001
