2019-09-22 01:28:35,719 ERROR 2263 [-/127.0.0.1/-/93ms GET /user/userInfo?token=] MyError { message: '登录失效', errCode: '100005' }
2019-09-22 01:28:37,303 ERROR 2263 [-/127.0.0.1/-/10ms GET /user/userInfo?token=] MyError { message: '登录失效', errCode: '100005' }
2019-09-22 01:28:51,202 ERROR 2263 [-/127.0.0.1/-/37ms POST /user/login?token=] MyError { message: '登录密码不正确', errCode: '100004' }
2019-09-22 01:38:13,202 ERROR 2808 MyError { message: '登录失效', errCode: '100005' }
2019-09-22 01:39:15,168 ERROR 2823 MyError { message: '登录失效', errCode: '100005' }
2019-09-22 01:42:44,441 ERROR 2823 MyError { message: '登录失效', errCode: '100005' }
2019-09-22 01:50:13,209 ERROR 3015 nodejs.ReferenceError: to is not defined
    at ChatController.sendMsg (/Users/arraybuffer/my_project/kyzb-egg/app/io/controller/chat.js:29:30)
    at process._tickCallback (internal/process/next_tick.js:68:7)

pid: 3015
hostname: arraybufferdeMacBook-Pro.local

2019-09-22 01:58:20,355 ERROR 3159 nodejs.TypeError: Cannot set property 'userInfo' of undefined
    at ChatController.sendMsg (/Users/arraybuffer/my_project/kyzb-egg/app/io/controller/chat.js:23:28)
    at process._tickCallback (internal/process/next_tick.js:68:7)

pid: 3159
hostname: arraybufferdeMacBook-Pro.local

2019-09-22 01:58:21,833 ERROR 3159 nodejs.TypeError: Cannot set property 'userInfo' of undefined
    at ChatController.sendMsg (/Users/arraybuffer/my_project/kyzb-egg/app/io/controller/chat.js:23:28)
    at process._tickCallback (internal/process/next_tick.js:68:7)

pid: 3159
hostname: arraybufferdeMacBook-Pro.local

