2019-12-09 03:57:50,602 ERROR 4035 nodejs.ClusterClientNoResponseError: client no response in 7215954ms exceeding maxIdleTime 60000ms, maybe the connection is close on other side.
    at Timeout.Leader._heartbeatTimer.setInterval [as _onTimeout] (/Users/arraybuffer/code/my-app/xz-egg/node_modules/_cluster-client@3.0.1@cluster-client/lib/leader.js:77:23)
    at ontimeout (timers.js:436:11)
    at tryOnTimeout (timers.js:300:5)
    at listOnTimeout (timers.js:263:5)
    at Timer.processTimers (timers.js:223:10)
name: "ClusterClientNoResponseError"
pid: 4035
hostname: arraybufferdeMacBook-Pro.local

2019-12-09 05:58:28,569 ERROR 4035 nodejs.ClusterClientNoResponseError: client no response in 7217960ms exceeding maxIdleTime 60000ms, maybe the connection is close on other side.
    at Timeout.Leader._heartbeatTimer.setInterval [as _onTimeout] (/Users/arraybuffer/code/my-app/xz-egg/node_modules/_cluster-client@3.0.1@cluster-client/lib/leader.js:77:23)
    at ontimeout (timers.js:436:11)
    at tryOnTimeout (timers.js:300:5)
    at listOnTimeout (timers.js:263:5)
    at Timer.processTimers (timers.js:223:10)
name: "ClusterClientNoResponseError"
pid: 4035
hostname: arraybufferdeMacBook-Pro.local

2019-12-09 07:59:26,115 ERROR 4035 nodejs.ClusterClientNoResponseError: client no response in 7217308ms exceeding maxIdleTime 60000ms, maybe the connection is close on other side.
    at Timeout.Leader._heartbeatTimer.setInterval [as _onTimeout] (/Users/arraybuffer/code/my-app/xz-egg/node_modules/_cluster-client@3.0.1@cluster-client/lib/leader.js:77:23)
    at ontimeout (timers.js:436:11)
    at tryOnTimeout (timers.js:300:5)
    at listOnTimeout (timers.js:263:5)
    at Timer.processTimers (timers.js:223:10)
name: "ClusterClientNoResponseError"
pid: 4035
hostname: arraybufferdeMacBook-Pro.local

2019-12-09 09:30:09,127 ERROR 4035 nodejs.ClusterClientNoResponseError: client no response in 5403132ms exceeding maxIdleTime 60000ms, maybe the connection is close on other side.
    at Timeout.Leader._heartbeatTimer.setInterval [as _onTimeout] (/Users/arraybuffer/code/my-app/xz-egg/node_modules/_cluster-client@3.0.1@cluster-client/lib/leader.js:77:23)
    at ontimeout (timers.js:436:11)
    at tryOnTimeout (timers.js:300:5)
    at listOnTimeout (timers.js:263:5)
    at Timer.processTimers (timers.js:223:10)
name: "ClusterClientNoResponseError"
pid: 4035
hostname: arraybufferdeMacBook-Pro.local

2019-12-09 09:33:42,318 ERROR 4039 [egg-redis] client error: Error: read ETIMEDOUT
2019-12-09 09:33:42,319 ERROR 4039 nodejs.ETIMEDOUTError: read ETIMEDOUT
    at TCP.onStreamRead (internal/stream_base_commons.js:111:27)
errno: "ETIMEDOUT"
code: "ETIMEDOUT"
syscall: "read"
name: "ETIMEDOUTError"
pid: 4039
hostname: arraybufferdeMacBook-Pro.local

2019-12-09 11:38:54,471 ERROR 4035 nodejs.ClusterClientNoResponseError: client no response in 1894482ms exceeding maxIdleTime 60000ms, maybe the connection is close on other side.
    at Timeout.Leader._heartbeatTimer.setInterval [as _onTimeout] (/Users/arraybuffer/code/my-app/xz-egg/node_modules/_cluster-client@3.0.1@cluster-client/lib/leader.js:77:23)
    at ontimeout (timers.js:436:11)
    at tryOnTimeout (timers.js:300:5)
    at listOnTimeout (timers.js:263:5)
    at Timer.processTimers (timers.js:223:10)
name: "ClusterClientNoResponseError"
pid: 4035
hostname: arraybufferdeMacBook-Pro.local

2019-12-09 11:46:59,643 ERROR 4035 nodejs.ClusterClientNoResponseError: client no response in 265087ms exceeding maxIdleTime 60000ms, maybe the connection is close on other side.
    at Timeout.Leader._heartbeatTimer.setInterval [as _onTimeout] (/Users/arraybuffer/code/my-app/xz-egg/node_modules/_cluster-client@3.0.1@cluster-client/lib/leader.js:77:23)
    at ontimeout (timers.js:436:11)
    at tryOnTimeout (timers.js:300:5)
    at listOnTimeout (timers.js:263:5)
    at Timer.processTimers (timers.js:223:10)
name: "ClusterClientNoResponseError"
pid: 4035
hostname: arraybufferdeMacBook-Pro.local

2019-12-09 12:56:16,942 ERROR 4039 [egg-redis] client error: Error: read ETIMEDOUT
2019-12-09 12:56:16,942 ERROR 4039 nodejs.ETIMEDOUTError: read ETIMEDOUT
    at TCP.onStreamRead (internal/stream_base_commons.js:111:27)
errno: "ETIMEDOUT"
code: "ETIMEDOUT"
syscall: "read"
name: "ETIMEDOUTError"
pid: 4039
hostname: arraybufferdeMacBook-Pro.local

2019-12-09 15:06:55,897 ERROR 4039 [egg-redis] client error: Error: read ETIMEDOUT
2019-12-09 15:06:55,897 ERROR 4039 nodejs.ETIMEDOUTError: read ETIMEDOUT
    at TCP.onStreamRead (internal/stream_base_commons.js:111:27)
errno: "ETIMEDOUT"
code: "ETIMEDOUT"
syscall: "read"
name: "ETIMEDOUTError"
pid: 4039
hostname: arraybufferdeMacBook-Pro.local

2019-12-09 17:17:35,462 ERROR 4039 [egg-redis] client error: Error: read ETIMEDOUT
2019-12-09 17:17:35,463 ERROR 4039 nodejs.ETIMEDOUTError: read ETIMEDOUT
    at TCP.onStreamRead (internal/stream_base_commons.js:111:27)
errno: "ETIMEDOUT"
code: "ETIMEDOUT"
syscall: "read"
name: "ETIMEDOUTError"
pid: 4039
hostname: arraybufferdeMacBook-Pro.local

2019-12-09 19:28:18,830 ERROR 4039 [egg-redis] client error: Error: read ETIMEDOUT
2019-12-09 19:28:18,830 ERROR 4039 nodejs.ETIMEDOUTError: read ETIMEDOUT
    at TCP.onStreamRead (internal/stream_base_commons.js:111:27)
errno: "ETIMEDOUT"
code: "ETIMEDOUT"
syscall: "read"
name: "ETIMEDOUTError"
pid: 4039
hostname: arraybufferdeMacBook-Pro.local

2019-12-09 21:40:16,421 ERROR 4039 [egg-redis] client error: Error: read ETIMEDOUT
2019-12-09 21:40:16,422 ERROR 4039 nodejs.ETIMEDOUTError: read ETIMEDOUT
    at TCP.onStreamRead (internal/stream_base_commons.js:111:27)
errno: "ETIMEDOUT"
code: "ETIMEDOUT"
syscall: "read"
name: "ETIMEDOUTError"
pid: 4039
hostname: arraybufferdeMacBook-Pro.local

2019-12-09 23:56:00,611 ERROR 4039 [egg-redis] client error: Error: read ETIMEDOUT
2019-12-09 23:56:00,611 ERROR 4039 nodejs.ETIMEDOUTError: read ETIMEDOUT
    at TCP.onStreamRead (internal/stream_base_commons.js:111:27)
errno: "ETIMEDOUT"
code: "ETIMEDOUT"
syscall: "read"
name: "ETIMEDOUTError"
pid: 4039
hostname: arraybufferdeMacBook-Pro.local

2019-12-10 01:17:50,403 ERROR 9441 [egg-redis] client error: Error: read ETIMEDOUT
2019-12-10 01:17:50,405 ERROR 9441 nodejs.ETIMEDOUTError: read ETIMEDOUT
    at TCP.onStreamRead (internal/stream_base_commons.js:111:27)
errno: "ETIMEDOUT"
code: "ETIMEDOUT"
syscall: "read"
name: "ETIMEDOUTError"
pid: 9441
hostname: arraybufferdeMacBook-Pro.local

