2019-10-25 09:32:35,009 INFO 39908 [egg-logrotator] app logger reload: got log-reload message
2019-10-25 09:43:52,758 INFO 40158 [egg:logger] init all loggers with options: {"dir":"/Users/arraybuffer/my_project/xz-egg/logs/xz-egg","encoding":"utf8","env":"local","level":"INFO","consoleLevel":"INFO","disableConsoleAfterReady":false,"outputJSON":false,"buffer":true,"appLogName":"xz-egg-web.log","coreLogName":"egg-web.log","agentLogName":"egg-agent.log","errorLogName":"common-error.log","coreLogger":{"consoleLevel":"WARN"},"allowDebugAtProd":false,"type":"application"}
2019-10-25 09:43:52,792 INFO 40158 [egg-multipart] stream mode enable
2019-10-25 09:43:52,793 INFO 40158 [egg-mysql] connecting root@39.108.138.156:3306/xz
2019-10-25 09:43:52,899 INFO 40158 [egg-redis] server connecting redis://:***@39.108.138.156:6379/0
2019-10-25 09:43:53,073 INFO 40158 [egg-static] starting static serve /public/ -> /Users/arraybuffer/my_project/xz-egg/app/public
2019-10-25 09:43:53,077 INFO 40158 [egg-security] use methodnoallow middleware
2019-10-25 09:43:53,078 INFO 40158 [egg-security] use noopen middleware
2019-10-25 09:43:53,079 INFO 40158 [egg-security] use nosniff middleware
2019-10-25 09:43:53,080 INFO 40158 [egg-security] use xssProtection middleware
2019-10-25 09:43:53,081 INFO 40158 [egg-security] use xframe middleware
2019-10-25 09:43:53,082 INFO 40158 [egg-security] use dta middleware
2019-10-25 09:43:53,082 INFO 40158 [egg-security] compose 6 middlewares into one security middleware
2019-10-25 09:43:53,157 INFO 40158 [egg:core] dump config after load, 5ms
2019-10-25 09:43:53,181 INFO 40158 [egg-redis] client connect success
2019-10-25 09:43:53,184 INFO 40158 [egg-watcher:application] watcher start success
2019-10-25 09:43:53,191 INFO 40158 [egg-redis] instance[0] status OK, client ready
2019-10-25 09:43:53,210 INFO 40158 [egg-mysql] instance[0] status OK, rds currentTime: Fri Oct 25 2019 09:43:53 GMT+0800 (GMT+08:00)
2019-10-25 09:43:53,238 INFO 40158 [egg:core] dump config after ready, 8ms
2019-10-25 09:43:53,904 INFO 40165 [egg:logger] init all loggers with options: {"dir":"/Users/arraybuffer/my_project/xz-egg/logs/xz-egg","encoding":"utf8","env":"local","level":"INFO","consoleLevel":"INFO","disableConsoleAfterReady":false,"outputJSON":false,"buffer":true,"appLogName":"xz-egg-web.log","coreLogName":"egg-web.log","agentLogName":"egg-agent.log","errorLogName":"common-error.log","coreLogger":{"consoleLevel":"WARN"},"allowDebugAtProd":false,"type":"application"}
2019-10-25 09:43:53,933 INFO 40165 [egg-multipart] stream mode enable
2019-10-25 09:43:53,934 INFO 40165 [egg-mysql] connecting root@39.108.138.156:3306/xz
2019-10-25 09:43:53,992 INFO 40165 [egg-redis] server connecting redis://:***@39.108.138.156:6379/0
2019-10-25 09:43:54,076 INFO 40165 [egg-static] starting static serve /public/ -> /Users/arraybuffer/my_project/xz-egg/app/public
2019-10-25 09:43:54,078 INFO 40165 [egg-security] use methodnoallow middleware
2019-10-25 09:43:54,078 INFO 40165 [egg-security] use noopen middleware
2019-10-25 09:43:54,079 INFO 40165 [egg-security] use nosniff middleware
2019-10-25 09:43:54,079 INFO 40165 [egg-security] use xssProtection middleware
2019-10-25 09:43:54,080 INFO 40165 [egg-security] use xframe middleware
2019-10-25 09:43:54,080 INFO 40165 [egg-security] use dta middleware
2019-10-25 09:43:54,080 INFO 40165 [egg-security] compose 6 middlewares into one security middleware
2019-10-25 09:43:54,130 INFO 40165 [egg:core] dump config after load, 7ms
2019-10-25 09:43:54,151 INFO 40165 [egg-redis] client connect success
2019-10-25 09:43:54,158 INFO 40165 [egg-watcher:application] watcher start success
2019-10-25 09:43:54,164 INFO 40165 [egg-redis] instance[0] status OK, client ready
2019-10-25 09:43:54,187 INFO 40165 [egg-mysql] instance[0] status OK, rds currentTime: Fri Oct 25 2019 09:43:54 GMT+0800 (GMT+08:00)
2019-10-25 09:43:54,205 INFO 40165 [egg:core] dump config after ready, 6ms
2019-10-25 09:55:52,089 INFO 40217 [egg:logger] init all loggers with options: {"dir":"/Users/arraybuffer/my_project/xz-egg/logs/xz-egg","encoding":"utf8","env":"local","level":"INFO","consoleLevel":"INFO","disableConsoleAfterReady":false,"outputJSON":false,"buffer":true,"appLogName":"xz-egg-web.log","coreLogName":"egg-web.log","agentLogName":"egg-agent.log","errorLogName":"common-error.log","coreLogger":{"consoleLevel":"WARN"},"allowDebugAtProd":false,"type":"application"}
2019-10-25 09:55:52,127 INFO 40217 [egg-multipart] stream mode enable
2019-10-25 09:55:52,128 INFO 40217 [egg-mysql] connecting root@39.108.138.156:3306/xz
2019-10-25 09:55:52,236 INFO 40217 [egg-redis] server connecting redis://:***@39.108.138.156:6379/0
2019-10-25 09:55:52,372 INFO 40217 [egg-static] starting static serve /public/ -> /Users/arraybuffer/my_project/xz-egg/app/public
2019-10-25 09:55:52,375 INFO 40217 [egg-security] use methodnoallow middleware
2019-10-25 09:55:52,376 INFO 40217 [egg-security] use noopen middleware
2019-10-25 09:55:52,377 INFO 40217 [egg-security] use nosniff middleware
2019-10-25 09:55:52,378 INFO 40217 [egg-security] use xssProtection middleware
2019-10-25 09:55:52,379 INFO 40217 [egg-security] use xframe middleware
2019-10-25 09:55:52,379 INFO 40217 [egg-security] use dta middleware
2019-10-25 09:55:52,379 INFO 40217 [egg-security] compose 6 middlewares into one security middleware
2019-10-25 09:55:52,457 INFO 40217 [egg:core] dump config after load, 7ms
2019-10-25 09:55:52,481 INFO 40217 [egg-watcher:application] watcher start success
2019-10-25 09:55:53,550 INFO 40217 [egg-redis] client connect success
2019-10-25 09:55:53,572 INFO 40217 [egg-redis] instance[0] status OK, client ready
2019-10-25 09:55:53,590 INFO 40217 [egg-mysql] instance[0] status OK, rds currentTime: Fri Oct 25 2019 09:55:53 GMT+0800 (GMT+08:00)
2019-10-25 09:55:53,614 INFO 40217 [egg:core] dump config after ready, 8ms
2019-10-25 09:56:07,638 INFO 40249 [egg:logger] init all loggers with options: {"dir":"/Users/arraybuffer/my_project/xz-egg/logs/xz-egg","encoding":"utf8","env":"local","level":"INFO","consoleLevel":"INFO","disableConsoleAfterReady":false,"outputJSON":false,"buffer":true,"appLogName":"xz-egg-web.log","coreLogName":"egg-web.log","agentLogName":"egg-agent.log","errorLogName":"common-error.log","coreLogger":{"consoleLevel":"WARN"},"allowDebugAtProd":false,"type":"application"}
2019-10-25 09:56:07,668 INFO 40249 [egg-multipart] stream mode enable
2019-10-25 09:56:07,668 INFO 40249 [egg-mysql] connecting root@39.108.138.156:3306/xz
2019-10-25 09:56:07,731 INFO 40249 [egg-redis] server connecting redis://:***@39.108.138.156:6379/0
2019-10-25 09:56:07,851 INFO 40249 [egg-static] starting static serve /public/ -> /Users/arraybuffer/my_project/xz-egg/app/public
2019-10-25 09:56:07,854 INFO 40249 [egg-security] use methodnoallow middleware
2019-10-25 09:56:07,854 INFO 40249 [egg-security] use noopen middleware
2019-10-25 09:56:07,855 INFO 40249 [egg-security] use nosniff middleware
2019-10-25 09:56:07,856 INFO 40249 [egg-security] use xssProtection middleware
2019-10-25 09:56:07,856 INFO 40249 [egg-security] use xframe middleware
2019-10-25 09:56:07,857 INFO 40249 [egg-security] use dta middleware
2019-10-25 09:56:07,857 INFO 40249 [egg-security] compose 6 middlewares into one security middleware
2019-10-25 09:56:07,927 INFO 40249 [egg:core] dump config after load, 7ms
2019-10-25 09:56:07,952 INFO 40249 [egg-watcher:application] watcher start success
2019-10-25 09:56:07,954 INFO 40249 [egg-redis] client connect success
2019-10-25 09:56:07,963 INFO 40249 [egg-redis] instance[0] status OK, client ready
2019-10-25 09:56:07,973 INFO 40249 [egg-mysql] instance[0] status OK, rds currentTime: Fri Oct 25 2019 09:56:07 GMT+0800 (GMT+08:00)
2019-10-25 09:56:07,994 INFO 40249 [egg:core] dump config after ready, 7ms
2019-10-25 09:56:47,664 INFO 40275 [egg:logger] init all loggers with options: {"dir":"/Users/arraybuffer/my_project/xz-egg/logs/xz-egg","encoding":"utf8","env":"local","level":"INFO","consoleLevel":"INFO","disableConsoleAfterReady":false,"outputJSON":false,"buffer":true,"appLogName":"xz-egg-web.log","coreLogName":"egg-web.log","agentLogName":"egg-agent.log","errorLogName":"common-error.log","coreLogger":{"consoleLevel":"WARN"},"allowDebugAtProd":false,"type":"application"}
2019-10-25 09:56:47,698 INFO 40275 [egg-multipart] stream mode enable
2019-10-25 09:56:47,699 INFO 40275 [egg-mysql] connecting root@39.108.138.156:3306/xz
2019-10-25 09:56:47,806 INFO 40275 [egg-redis] server connecting redis://:***@39.108.138.156:6379/0
2019-10-25 09:56:47,947 INFO 40275 [egg-static] starting static serve /public/ -> /Users/arraybuffer/my_project/xz-egg/app/public
2019-10-25 09:56:47,949 INFO 40275 [egg-security] use methodnoallow middleware
2019-10-25 09:56:47,950 INFO 40275 [egg-security] use noopen middleware
2019-10-25 09:56:47,951 INFO 40275 [egg-security] use nosniff middleware
2019-10-25 09:56:47,952 INFO 40275 [egg-security] use xssProtection middleware
2019-10-25 09:56:47,953 INFO 40275 [egg-security] use xframe middleware
2019-10-25 09:56:47,953 INFO 40275 [egg-security] use dta middleware
2019-10-25 09:56:47,953 INFO 40275 [egg-security] compose 6 middlewares into one security middleware
2019-10-25 09:56:48,030 INFO 40275 [egg:core] dump config after load, 6ms
2019-10-25 09:56:48,053 INFO 40275 [egg-redis] client connect success
2019-10-25 09:56:48,056 INFO 40275 [egg-watcher:application] watcher start success
2019-10-25 09:56:48,064 INFO 40275 [egg-redis] instance[0] status OK, client ready
2019-10-25 09:56:48,084 INFO 40275 [egg-mysql] instance[0] status OK, rds currentTime: Fri Oct 25 2019 09:56:48 GMT+0800 (GMT+08:00)
2019-10-25 09:56:48,105 INFO 40275 [egg:core] dump config after ready, 7ms
2019-10-25 09:56:55,442 INFO 40292 [egg:logger] init all loggers with options: {"dir":"/Users/arraybuffer/my_project/xz-egg/logs/xz-egg","encoding":"utf8","env":"local","level":"INFO","consoleLevel":"INFO","disableConsoleAfterReady":false,"outputJSON":false,"buffer":true,"appLogName":"xz-egg-web.log","coreLogName":"egg-web.log","agentLogName":"egg-agent.log","errorLogName":"common-error.log","coreLogger":{"consoleLevel":"WARN"},"allowDebugAtProd":false,"type":"application"}
2019-10-25 09:56:55,474 INFO 40292 [egg-multipart] stream mode enable
2019-10-25 09:56:55,474 INFO 40292 [egg-mysql] connecting root@39.108.138.156:3306/xz
2019-10-25 09:56:55,536 INFO 40292 [egg-redis] server connecting redis://:***@39.108.138.156:6379/0
2019-10-25 09:56:55,627 INFO 40292 [egg-static] starting static serve /public/ -> /Users/arraybuffer/my_project/xz-egg/app/public
2019-10-25 09:56:55,629 INFO 40292 [egg-security] use methodnoallow middleware
2019-10-25 09:56:55,630 INFO 40292 [egg-security] use noopen middleware
2019-10-25 09:56:55,630 INFO 40292 [egg-security] use nosniff middleware
2019-10-25 09:56:55,631 INFO 40292 [egg-security] use xssProtection middleware
2019-10-25 09:56:55,631 INFO 40292 [egg-security] use xframe middleware
2019-10-25 09:56:55,631 INFO 40292 [egg-security] use dta middleware
2019-10-25 09:56:55,631 INFO 40292 [egg-security] compose 6 middlewares into one security middleware
2019-10-25 09:56:55,681 INFO 40292 [egg:core] dump config after load, 6ms
2019-10-25 09:56:55,706 INFO 40292 [egg-watcher:application] watcher start success
2019-10-25 09:56:55,708 INFO 40292 [egg-redis] client connect success
2019-10-25 09:56:55,721 INFO 40292 [egg-redis] instance[0] status OK, client ready
2019-10-25 09:56:55,736 INFO 40292 [egg-mysql] instance[0] status OK, rds currentTime: Fri Oct 25 2019 09:56:55 GMT+0800 (GMT+08:00)
2019-10-25 09:56:55,758 INFO 40292 [egg:core] dump config after ready, 8ms
2019-10-25 09:57:15,623 INFO 40315 [egg:logger] init all loggers with options: {"dir":"/Users/arraybuffer/my_project/xz-egg/logs/xz-egg","encoding":"utf8","env":"local","level":"INFO","consoleLevel":"INFO","disableConsoleAfterReady":false,"outputJSON":false,"buffer":true,"appLogName":"xz-egg-web.log","coreLogName":"egg-web.log","agentLogName":"egg-agent.log","errorLogName":"common-error.log","coreLogger":{"consoleLevel":"WARN"},"allowDebugAtProd":false,"type":"application"}
2019-10-25 09:57:15,653 INFO 40315 [egg-multipart] stream mode enable
2019-10-25 09:57:15,654 INFO 40315 [egg-mysql] connecting root@39.108.138.156:3306/xz
2019-10-25 09:57:15,716 INFO 40315 [egg-redis] server connecting redis://:***@39.108.138.156:6379/0
2019-10-25 09:57:15,811 INFO 40315 [egg-static] starting static serve /public/ -> /Users/arraybuffer/my_project/xz-egg/app/public
2019-10-25 09:57:15,813 INFO 40315 [egg-security] use methodnoallow middleware
2019-10-25 09:57:15,814 INFO 40315 [egg-security] use noopen middleware
2019-10-25 09:57:15,814 INFO 40315 [egg-security] use nosniff middleware
2019-10-25 09:57:15,814 INFO 40315 [egg-security] use xssProtection middleware
2019-10-25 09:57:15,815 INFO 40315 [egg-security] use xframe middleware
2019-10-25 09:57:15,815 INFO 40315 [egg-security] use dta middleware
2019-10-25 09:57:15,815 INFO 40315 [egg-security] compose 6 middlewares into one security middleware
2019-10-25 09:57:15,867 INFO 40315 [egg:core] dump config after load, 7ms
2019-10-25 09:57:15,891 INFO 40315 [egg-watcher:application] watcher start success
2019-10-25 09:57:15,893 INFO 40315 [egg-redis] client connect success
2019-10-25 09:57:15,904 INFO 40315 [egg-redis] instance[0] status OK, client ready
2019-10-25 09:57:15,915 INFO 40315 [egg-mysql] instance[0] status OK, rds currentTime: Fri Oct 25 2019 09:57:15 GMT+0800 (GMT+08:00)
2019-10-25 09:57:15,936 INFO 40315 [egg:core] dump config after ready, 9ms
2019-10-25 09:57:43,235 INFO 40339 [egg:logger] init all loggers with options: {"dir":"/Users/arraybuffer/my_project/xz-egg/logs/xz-egg","encoding":"utf8","env":"local","level":"INFO","consoleLevel":"INFO","disableConsoleAfterReady":false,"outputJSON":false,"buffer":true,"appLogName":"xz-egg-web.log","coreLogName":"egg-web.log","agentLogName":"egg-agent.log","errorLogName":"common-error.log","coreLogger":{"consoleLevel":"WARN"},"allowDebugAtProd":false,"type":"application"}
2019-10-25 09:57:43,264 INFO 40339 [egg-multipart] stream mode enable
2019-10-25 09:57:43,264 INFO 40339 [egg-mysql] connecting root@39.108.138.156:3306/xz
2019-10-25 09:57:43,328 INFO 40339 [egg-redis] server connecting redis://:***@39.108.138.156:6379/0
2019-10-25 09:57:43,415 INFO 40339 [egg-static] starting static serve /public/ -> /Users/arraybuffer/my_project/xz-egg/app/public
2019-10-25 09:57:43,418 INFO 40339 [egg-security] use methodnoallow middleware
2019-10-25 09:57:43,418 INFO 40339 [egg-security] use noopen middleware
2019-10-25 09:57:43,419 INFO 40339 [egg-security] use nosniff middleware
2019-10-25 09:57:43,419 INFO 40339 [egg-security] use xssProtection middleware
2019-10-25 09:57:43,420 INFO 40339 [egg-security] use xframe middleware
2019-10-25 09:57:43,420 INFO 40339 [egg-security] use dta middleware
2019-10-25 09:57:43,420 INFO 40339 [egg-security] compose 6 middlewares into one security middleware
2019-10-25 09:57:43,475 INFO 40339 [egg:core] dump config after load, 6ms
2019-10-25 09:57:43,500 INFO 40339 [egg-redis] client connect success
2019-10-25 09:57:43,502 INFO 40339 [egg-watcher:application] watcher start success
2019-10-25 09:57:43,509 INFO 40339 [egg-redis] instance[0] status OK, client ready
2019-10-25 09:57:43,528 INFO 40339 [egg-mysql] instance[0] status OK, rds currentTime: Fri Oct 25 2019 09:57:43 GMT+0800 (GMT+08:00)
2019-10-25 09:57:43,551 INFO 40339 [egg:core] dump config after ready, 10ms
2019-10-25 09:57:48,522 INFO 40347 [egg:logger] init all loggers with options: {"dir":"/Users/arraybuffer/my_project/xz-egg/logs/xz-egg","encoding":"utf8","env":"local","level":"INFO","consoleLevel":"INFO","disableConsoleAfterReady":false,"outputJSON":false,"buffer":true,"appLogName":"xz-egg-web.log","coreLogName":"egg-web.log","agentLogName":"egg-agent.log","errorLogName":"common-error.log","coreLogger":{"consoleLevel":"WARN"},"allowDebugAtProd":false,"type":"application"}
2019-10-25 09:57:48,554 INFO 40347 [egg-multipart] stream mode enable
2019-10-25 09:57:48,555 INFO 40347 [egg-mysql] connecting root@39.108.138.156:3306/xz
2019-10-25 09:57:48,626 INFO 40347 [egg-redis] server connecting redis://:***@39.108.138.156:6379/0
2019-10-25 09:57:48,720 INFO 40347 [egg-static] starting static serve /public/ -> /Users/arraybuffer/my_project/xz-egg/app/public
2019-10-25 09:57:48,723 INFO 40347 [egg-security] use methodnoallow middleware
2019-10-25 09:57:48,723 INFO 40347 [egg-security] use noopen middleware
2019-10-25 09:57:48,724 INFO 40347 [egg-security] use nosniff middleware
2019-10-25 09:57:48,724 INFO 40347 [egg-security] use xssProtection middleware
2019-10-25 09:57:48,724 INFO 40347 [egg-security] use xframe middleware
2019-10-25 09:57:48,724 INFO 40347 [egg-security] use dta middleware
2019-10-25 09:57:48,725 INFO 40347 [egg-security] compose 6 middlewares into one security middleware
2019-10-25 09:57:48,773 INFO 40347 [egg:core] dump config after load, 6ms
2019-10-25 09:57:48,796 INFO 40347 [egg-redis] client connect success
2019-10-25 09:57:48,801 INFO 40347 [egg-redis] instance[0] status OK, client ready
2019-10-25 09:57:48,803 INFO 40347 [egg-watcher:application] watcher start success
2019-10-25 09:57:48,828 INFO 40347 [egg-mysql] instance[0] status OK, rds currentTime: Fri Oct 25 2019 09:57:48 GMT+0800 (GMT+08:00)
2019-10-25 09:57:48,849 INFO 40347 [egg:core] dump config after ready, 8ms
2019-10-25 09:57:49,520 INFO 40357 [egg:logger] init all loggers with options: {"dir":"/Users/arraybuffer/my_project/xz-egg/logs/xz-egg","encoding":"utf8","env":"local","level":"INFO","consoleLevel":"INFO","disableConsoleAfterReady":false,"outputJSON":false,"buffer":true,"appLogName":"xz-egg-web.log","coreLogName":"egg-web.log","agentLogName":"egg-agent.log","errorLogName":"common-error.log","coreLogger":{"consoleLevel":"WARN"},"allowDebugAtProd":false,"type":"application"}
2019-10-25 09:57:49,551 INFO 40357 [egg-multipart] stream mode enable
2019-10-25 09:57:49,552 INFO 40357 [egg-mysql] connecting root@39.108.138.156:3306/xz
2019-10-25 09:57:49,617 INFO 40357 [egg-redis] server connecting redis://:***@39.108.138.156:6379/0
2019-10-25 09:57:49,711 INFO 40357 [egg-static] starting static serve /public/ -> /Users/arraybuffer/my_project/xz-egg/app/public
2019-10-25 09:57:49,714 INFO 40357 [egg-security] use methodnoallow middleware
2019-10-25 09:57:49,714 INFO 40357 [egg-security] use noopen middleware
2019-10-25 09:57:49,715 INFO 40357 [egg-security] use nosniff middleware
2019-10-25 09:57:49,716 INFO 40357 [egg-security] use xssProtection middleware
2019-10-25 09:57:49,716 INFO 40357 [egg-security] use xframe middleware
2019-10-25 09:57:49,716 INFO 40357 [egg-security] use dta middleware
2019-10-25 09:57:49,716 INFO 40357 [egg-security] compose 6 middlewares into one security middleware
2019-10-25 09:57:49,770 INFO 40357 [egg:core] dump config after load, 7ms
2019-10-25 09:57:49,791 INFO 40357 [egg-redis] client connect success
2019-10-25 09:57:49,798 INFO 40357 [egg-watcher:application] watcher start success
2019-10-25 09:57:49,802 INFO 40357 [egg-redis] instance[0] status OK, client ready
2019-10-25 09:57:49,813 INFO 40357 [egg-mysql] instance[0] status OK, rds currentTime: Fri Oct 25 2019 09:57:49 GMT+0800 (GMT+08:00)
2019-10-25 09:57:49,832 INFO 40357 [egg:core] dump config after ready, 6ms
2019-10-25 09:58:01,171 INFO 40380 [egg:logger] init all loggers with options: {"dir":"/Users/arraybuffer/my_project/xz-egg/logs/xz-egg","encoding":"utf8","env":"local","level":"INFO","consoleLevel":"INFO","disableConsoleAfterReady":false,"outputJSON":false,"buffer":true,"appLogName":"xz-egg-web.log","coreLogName":"egg-web.log","agentLogName":"egg-agent.log","errorLogName":"common-error.log","coreLogger":{"consoleLevel":"WARN"},"allowDebugAtProd":false,"type":"application"}
2019-10-25 09:58:01,203 INFO 40380 [egg-multipart] stream mode enable
2019-10-25 09:58:01,203 INFO 40380 [egg-mysql] connecting root@39.108.138.156:3306/xz
2019-10-25 09:58:01,270 INFO 40380 [egg-redis] server connecting redis://:***@39.108.138.156:6379/0
2019-10-25 09:58:01,372 INFO 40380 [egg-static] starting static serve /public/ -> /Users/arraybuffer/my_project/xz-egg/app/public
2019-10-25 09:58:01,374 INFO 40380 [egg-security] use methodnoallow middleware
2019-10-25 09:58:01,375 INFO 40380 [egg-security] use noopen middleware
2019-10-25 09:58:01,375 INFO 40380 [egg-security] use nosniff middleware
2019-10-25 09:58:01,375 INFO 40380 [egg-security] use xssProtection middleware
2019-10-25 09:58:01,376 INFO 40380 [egg-security] use xframe middleware
2019-10-25 09:58:01,376 INFO 40380 [egg-security] use dta middleware
2019-10-25 09:58:01,376 INFO 40380 [egg-security] compose 6 middlewares into one security middleware
2019-10-25 09:58:01,436 INFO 40380 [egg:core] dump config after load, 7ms
2019-10-25 09:58:01,460 INFO 40380 [egg-redis] client connect success
2019-10-25 09:58:01,462 INFO 40380 [egg-watcher:application] watcher start success
2019-10-25 09:58:01,474 INFO 40380 [egg-redis] instance[0] status OK, client ready
2019-10-25 09:58:01,486 INFO 40380 [egg-mysql] instance[0] status OK, rds currentTime: Fri Oct 25 2019 09:58:01 GMT+0800 (GMT+08:00)
2019-10-25 09:58:01,505 INFO 40380 [egg:core] dump config after ready, 7ms
2019-10-25 09:58:06,940 INFO 40389 [egg:logger] init all loggers with options: {"dir":"/Users/arraybuffer/my_project/xz-egg/logs/xz-egg","encoding":"utf8","env":"local","level":"INFO","consoleLevel":"INFO","disableConsoleAfterReady":false,"outputJSON":false,"buffer":true,"appLogName":"xz-egg-web.log","coreLogName":"egg-web.log","agentLogName":"egg-agent.log","errorLogName":"common-error.log","coreLogger":{"consoleLevel":"WARN"},"allowDebugAtProd":false,"type":"application"}
2019-10-25 09:58:06,971 INFO 40389 [egg-multipart] stream mode enable
2019-10-25 09:58:06,971 INFO 40389 [egg-mysql] connecting root@39.108.138.156:3306/xz
2019-10-25 09:58:07,036 INFO 40389 [egg-redis] server connecting redis://:***@39.108.138.156:6379/0
2019-10-25 09:58:07,134 INFO 40389 [egg-static] starting static serve /public/ -> /Users/arraybuffer/my_project/xz-egg/app/public
2019-10-25 09:58:07,137 INFO 40389 [egg-security] use methodnoallow middleware
2019-10-25 09:58:07,138 INFO 40389 [egg-security] use noopen middleware
2019-10-25 09:58:07,138 INFO 40389 [egg-security] use nosniff middleware
2019-10-25 09:58:07,139 INFO 40389 [egg-security] use xssProtection middleware
2019-10-25 09:58:07,139 INFO 40389 [egg-security] use xframe middleware
2019-10-25 09:58:07,139 INFO 40389 [egg-security] use dta middleware
2019-10-25 09:58:07,139 INFO 40389 [egg-security] compose 6 middlewares into one security middleware
2019-10-25 09:58:07,193 INFO 40389 [egg:core] dump config after load, 6ms
2019-10-25 09:58:07,215 INFO 40389 [egg-watcher:application] watcher start success
2019-10-25 09:58:07,542 INFO 40389 [egg-redis] client connect success
2019-10-25 09:58:07,558 INFO 40389 [egg-redis] instance[0] status OK, client ready
2019-10-25 09:58:07,575 INFO 40389 [egg-mysql] instance[0] status OK, rds currentTime: Fri Oct 25 2019 09:58:07 GMT+0800 (GMT+08:00)
2019-10-25 09:58:07,597 INFO 40389 [egg:core] dump config after ready, 8ms
2019-10-25 09:58:21,535 INFO 40418 [egg:logger] init all loggers with options: {"dir":"/Users/arraybuffer/my_project/xz-egg/logs/xz-egg","encoding":"utf8","env":"local","level":"INFO","consoleLevel":"INFO","disableConsoleAfterReady":false,"outputJSON":false,"buffer":true,"appLogName":"xz-egg-web.log","coreLogName":"egg-web.log","agentLogName":"egg-agent.log","errorLogName":"common-error.log","coreLogger":{"consoleLevel":"WARN"},"allowDebugAtProd":false,"type":"application"}
2019-10-25 09:58:21,564 INFO 40418 [egg-multipart] stream mode enable
2019-10-25 09:58:21,565 INFO 40418 [egg-mysql] connecting root@39.108.138.156:3306/xz
2019-10-25 09:58:21,626 INFO 40418 [egg-redis] server connecting redis://:***@39.108.138.156:6379/0
2019-10-25 09:58:21,715 INFO 40418 [egg-static] starting static serve /public/ -> /Users/arraybuffer/my_project/xz-egg/app/public
2019-10-25 09:58:21,718 INFO 40418 [egg-security] use methodnoallow middleware
2019-10-25 09:58:21,718 INFO 40418 [egg-security] use noopen middleware
2019-10-25 09:58:21,719 INFO 40418 [egg-security] use nosniff middleware
2019-10-25 09:58:21,719 INFO 40418 [egg-security] use xssProtection middleware
2019-10-25 09:58:21,720 INFO 40418 [egg-security] use xframe middleware
2019-10-25 09:58:21,720 INFO 40418 [egg-security] use dta middleware
2019-10-25 09:58:21,720 INFO 40418 [egg-security] compose 6 middlewares into one security middleware
2019-10-25 09:58:21,772 INFO 40418 [egg:core] dump config after load, 6ms
2019-10-25 09:58:21,796 INFO 40418 [egg-redis] client connect success
2019-10-25 09:58:21,805 INFO 40418 [egg-redis] instance[0] status OK, client ready
2019-10-25 09:58:21,807 INFO 40418 [egg-watcher:application] watcher start success
2019-10-25 09:58:21,817 INFO 40418 [egg-mysql] instance[0] status OK, rds currentTime: Fri Oct 25 2019 09:58:21 GMT+0800 (GMT+08:00)
2019-10-25 09:58:21,839 INFO 40418 [egg:core] dump config after ready, 8ms
2019-10-25 09:58:33,687 INFO 40447 [egg:logger] init all loggers with options: {"dir":"/Users/arraybuffer/my_project/xz-egg/logs/xz-egg","encoding":"utf8","env":"local","level":"INFO","consoleLevel":"INFO","disableConsoleAfterReady":false,"outputJSON":false,"buffer":true,"appLogName":"xz-egg-web.log","coreLogName":"egg-web.log","agentLogName":"egg-agent.log","errorLogName":"common-error.log","coreLogger":{"consoleLevel":"WARN"},"allowDebugAtProd":false,"type":"application"}
2019-10-25 09:58:33,716 INFO 40447 [egg-multipart] stream mode enable
2019-10-25 09:58:33,717 INFO 40447 [egg-mysql] connecting root@39.108.138.156:3306/xz
2019-10-25 09:58:33,780 INFO 40447 [egg-redis] server connecting redis://:***@39.108.138.156:6379/0
2019-10-25 09:58:33,866 INFO 40447 [egg-static] starting static serve /public/ -> /Users/arraybuffer/my_project/xz-egg/app/public
2019-10-25 09:58:33,868 INFO 40447 [egg-security] use methodnoallow middleware
2019-10-25 09:58:33,869 INFO 40447 [egg-security] use noopen middleware
2019-10-25 09:58:33,869 INFO 40447 [egg-security] use nosniff middleware
2019-10-25 09:58:33,870 INFO 40447 [egg-security] use xssProtection middleware
2019-10-25 09:58:33,870 INFO 40447 [egg-security] use xframe middleware
2019-10-25 09:58:33,870 INFO 40447 [egg-security] use dta middleware
2019-10-25 09:58:33,870 INFO 40447 [egg-security] compose 6 middlewares into one security middleware
2019-10-25 09:58:33,921 INFO 40447 [egg:core] dump config after load, 6ms
2019-10-25 09:58:33,944 INFO 40447 [egg-redis] client connect success
2019-10-25 09:58:33,948 INFO 40447 [egg-watcher:application] watcher start success
2019-10-25 09:58:33,954 INFO 40447 [egg-redis] instance[0] status OK, client ready
2019-10-25 09:58:33,969 INFO 40447 [egg-mysql] instance[0] status OK, rds currentTime: Fri Oct 25 2019 09:58:33 GMT+0800 (GMT+08:00)
2019-10-25 09:58:33,988 INFO 40447 [egg:core] dump config after ready, 8ms
2019-10-25 09:58:39,522 INFO 40456 [egg:logger] init all loggers with options: {"dir":"/Users/arraybuffer/my_project/xz-egg/logs/xz-egg","encoding":"utf8","env":"local","level":"INFO","consoleLevel":"INFO","disableConsoleAfterReady":false,"outputJSON":false,"buffer":true,"appLogName":"xz-egg-web.log","coreLogName":"egg-web.log","agentLogName":"egg-agent.log","errorLogName":"common-error.log","coreLogger":{"consoleLevel":"WARN"},"allowDebugAtProd":false,"type":"application"}
2019-10-25 09:58:39,555 INFO 40456 [egg-multipart] stream mode enable
2019-10-25 09:58:39,555 INFO 40456 [egg-mysql] connecting root@39.108.138.156:3306/xz
2019-10-25 09:58:39,622 INFO 40456 [egg-redis] server connecting redis://:***@39.108.138.156:6379/0
2019-10-25 09:58:39,715 INFO 40456 [egg-static] starting static serve /public/ -> /Users/arraybuffer/my_project/xz-egg/app/public
2019-10-25 09:58:39,717 INFO 40456 [egg-security] use methodnoallow middleware
2019-10-25 09:58:39,718 INFO 40456 [egg-security] use noopen middleware
2019-10-25 09:58:39,718 INFO 40456 [egg-security] use nosniff middleware
2019-10-25 09:58:39,719 INFO 40456 [egg-security] use xssProtection middleware
2019-10-25 09:58:39,719 INFO 40456 [egg-security] use xframe middleware
2019-10-25 09:58:39,719 INFO 40456 [egg-security] use dta middleware
2019-10-25 09:58:39,719 INFO 40456 [egg-security] compose 6 middlewares into one security middleware
2019-10-25 09:58:39,768 INFO 40456 [egg:core] dump config after load, 6ms
2019-10-25 09:58:39,792 INFO 40456 [egg-redis] client connect success
2019-10-25 09:58:39,794 INFO 40456 [egg-watcher:application] watcher start success
2019-10-25 09:58:39,800 INFO 40456 [egg-redis] instance[0] status OK, client ready
2019-10-25 09:58:39,828 INFO 40456 [egg-mysql] instance[0] status OK, rds currentTime: Fri Oct 25 2019 09:58:39 GMT+0800 (GMT+08:00)
2019-10-25 09:58:39,848 INFO 40456 [egg:core] dump config after ready, 8ms
2019-10-25 09:58:44,788 INFO 40482 [egg:logger] init all loggers with options: {"dir":"/Users/arraybuffer/my_project/xz-egg/logs/xz-egg","encoding":"utf8","env":"local","level":"INFO","consoleLevel":"INFO","disableConsoleAfterReady":false,"outputJSON":false,"buffer":true,"appLogName":"xz-egg-web.log","coreLogName":"egg-web.log","agentLogName":"egg-agent.log","errorLogName":"common-error.log","coreLogger":{"consoleLevel":"WARN"},"allowDebugAtProd":false,"type":"application"}
2019-10-25 09:58:44,819 INFO 40482 [egg-multipart] stream mode enable
2019-10-25 09:58:44,819 INFO 40482 [egg-mysql] connecting root@39.108.138.156:3306/xz
2019-10-25 09:58:44,881 INFO 40482 [egg-redis] server connecting redis://:***@39.108.138.156:6379/0
2019-10-25 09:58:44,972 INFO 40482 [egg-static] starting static serve /public/ -> /Users/arraybuffer/my_project/xz-egg/app/public
2019-10-25 09:58:44,974 INFO 40482 [egg-security] use methodnoallow middleware
2019-10-25 09:58:44,975 INFO 40482 [egg-security] use noopen middleware
2019-10-25 09:58:44,975 INFO 40482 [egg-security] use nosniff middleware
2019-10-25 09:58:44,976 INFO 40482 [egg-security] use xssProtection middleware
2019-10-25 09:58:44,976 INFO 40482 [egg-security] use xframe middleware
2019-10-25 09:58:44,976 INFO 40482 [egg-security] use dta middleware
2019-10-25 09:58:44,976 INFO 40482 [egg-security] compose 6 middlewares into one security middleware
2019-10-25 09:58:45,025 INFO 40482 [egg:core] dump config after load, 6ms
2019-10-25 09:58:45,049 INFO 40482 [egg-watcher:application] watcher start success
2019-10-25 09:58:45,372 INFO 40482 [egg-redis] client connect success
2019-10-25 09:58:45,395 INFO 40482 [egg-redis] instance[0] status OK, client ready
2019-10-25 09:58:45,442 INFO 40482 [egg-mysql] instance[0] status OK, rds currentTime: Fri Oct 25 2019 09:58:45 GMT+0800 (GMT+08:00)
2019-10-25 09:58:45,462 INFO 40482 [egg:core] dump config after ready, 6ms
2019-10-25 09:58:55,949 INFO 40511 [egg:logger] init all loggers with options: {"dir":"/Users/arraybuffer/my_project/xz-egg/logs/xz-egg","encoding":"utf8","env":"local","level":"INFO","consoleLevel":"INFO","disableConsoleAfterReady":false,"outputJSON":false,"buffer":true,"appLogName":"xz-egg-web.log","coreLogName":"egg-web.log","agentLogName":"egg-agent.log","errorLogName":"common-error.log","coreLogger":{"consoleLevel":"WARN"},"allowDebugAtProd":false,"type":"application"}
2019-10-25 09:58:55,979 INFO 40511 [egg-multipart] stream mode enable
2019-10-25 09:58:55,980 INFO 40511 [egg-mysql] connecting root@39.108.138.156:3306/xz
2019-10-25 09:58:56,042 INFO 40511 [egg-redis] server connecting redis://:***@39.108.138.156:6379/0
2019-10-25 09:58:56,133 INFO 40511 [egg-static] starting static serve /public/ -> /Users/arraybuffer/my_project/xz-egg/app/public
2019-10-25 09:58:56,135 INFO 40511 [egg-security] use methodnoallow middleware
2019-10-25 09:58:56,135 INFO 40511 [egg-security] use noopen middleware
2019-10-25 09:58:56,136 INFO 40511 [egg-security] use nosniff middleware
2019-10-25 09:58:56,136 INFO 40511 [egg-security] use xssProtection middleware
2019-10-25 09:58:56,137 INFO 40511 [egg-security] use xframe middleware
2019-10-25 09:58:56,137 INFO 40511 [egg-security] use dta middleware
2019-10-25 09:58:56,137 INFO 40511 [egg-security] compose 6 middlewares into one security middleware
2019-10-25 09:58:56,189 INFO 40511 [egg:core] dump config after load, 7ms
2019-10-25 09:58:56,213 INFO 40511 [egg-redis] client connect success
2019-10-25 09:58:56,219 INFO 40511 [egg-watcher:application] watcher start success
2019-10-25 09:58:56,223 INFO 40511 [egg-redis] instance[0] status OK, client ready
2019-10-25 09:58:56,234 INFO 40511 [egg-mysql] instance[0] status OK, rds currentTime: Fri Oct 25 2019 09:58:56 GMT+0800 (GMT+08:00)
2019-10-25 09:58:56,253 INFO 40511 [egg:core] dump config after ready, 8ms
2019-10-25 09:59:13,727 INFO 40534 [egg:logger] init all loggers with options: {"dir":"/Users/arraybuffer/my_project/xz-egg/logs/xz-egg","encoding":"utf8","env":"local","level":"INFO","consoleLevel":"INFO","disableConsoleAfterReady":false,"outputJSON":false,"buffer":true,"appLogName":"xz-egg-web.log","coreLogName":"egg-web.log","agentLogName":"egg-agent.log","errorLogName":"common-error.log","coreLogger":{"consoleLevel":"WARN"},"allowDebugAtProd":false,"type":"application"}
2019-10-25 09:59:13,756 INFO 40534 [egg-multipart] stream mode enable
2019-10-25 09:59:13,757 INFO 40534 [egg-mysql] connecting root@39.108.138.156:3306/xz
2019-10-25 09:59:13,819 INFO 40534 [egg-redis] server connecting redis://:***@39.108.138.156:6379/0
2019-10-25 09:59:13,906 INFO 40534 [egg-static] starting static serve /public/ -> /Users/arraybuffer/my_project/xz-egg/app/public
2019-10-25 09:59:13,909 INFO 40534 [egg-security] use methodnoallow middleware
2019-10-25 09:59:13,909 INFO 40534 [egg-security] use noopen middleware
2019-10-25 09:59:13,910 INFO 40534 [egg-security] use nosniff middleware
2019-10-25 09:59:13,910 INFO 40534 [egg-security] use xssProtection middleware
2019-10-25 09:59:13,911 INFO 40534 [egg-security] use xframe middleware
2019-10-25 09:59:13,911 INFO 40534 [egg-security] use dta middleware
2019-10-25 09:59:13,911 INFO 40534 [egg-security] compose 6 middlewares into one security middleware
2019-10-25 09:59:13,968 INFO 40534 [egg:core] dump config after load, 6ms
2019-10-25 09:59:13,993 INFO 40534 [egg-redis] client connect success
2019-10-25 09:59:13,995 INFO 40534 [egg-watcher:application] watcher start success
2019-10-25 09:59:14,002 INFO 40534 [egg-redis] instance[0] status OK, client ready
2019-10-25 09:59:14,015 INFO 40534 [egg-mysql] instance[0] status OK, rds currentTime: Fri Oct 25 2019 09:59:14 GMT+0800 (GMT+08:00)
2019-10-25 09:59:14,033 INFO 40534 [egg:core] dump config after ready, 7ms
2019-10-25 09:59:16,948 INFO 40542 [egg:logger] init all loggers with options: {"dir":"/Users/arraybuffer/my_project/xz-egg/logs/xz-egg","encoding":"utf8","env":"local","level":"INFO","consoleLevel":"INFO","disableConsoleAfterReady":false,"outputJSON":false,"buffer":true,"appLogName":"xz-egg-web.log","coreLogName":"egg-web.log","agentLogName":"egg-agent.log","errorLogName":"common-error.log","coreLogger":{"consoleLevel":"WARN"},"allowDebugAtProd":false,"type":"application"}
2019-10-25 09:59:16,981 INFO 40542 [egg-multipart] stream mode enable
2019-10-25 09:59:16,982 INFO 40542 [egg-mysql] connecting root@39.108.138.156:3306/xz
2019-10-25 09:59:17,044 INFO 40542 [egg-redis] server connecting redis://:***@39.108.138.156:6379/0
2019-10-25 09:59:17,137 INFO 40542 [egg-static] starting static serve /public/ -> /Users/arraybuffer/my_project/xz-egg/app/public
2019-10-25 09:59:17,139 INFO 40542 [egg-security] use methodnoallow middleware
2019-10-25 09:59:17,140 INFO 40542 [egg-security] use noopen middleware
2019-10-25 09:59:17,140 INFO 40542 [egg-security] use nosniff middleware
2019-10-25 09:59:17,141 INFO 40542 [egg-security] use xssProtection middleware
2019-10-25 09:59:17,141 INFO 40542 [egg-security] use xframe middleware
2019-10-25 09:59:17,141 INFO 40542 [egg-security] use dta middleware
2019-10-25 09:59:17,141 INFO 40542 [egg-security] compose 6 middlewares into one security middleware
2019-10-25 09:59:17,191 INFO 40542 [egg:core] dump config after load, 6ms
2019-10-25 09:59:17,217 INFO 40542 [egg-watcher:application] watcher start success
2019-10-25 09:59:17,219 INFO 40542 [egg-redis] client connect success
2019-10-25 09:59:17,231 INFO 40542 [egg-redis] instance[0] status OK, client ready
2019-10-25 09:59:17,244 INFO 40542 [egg-mysql] instance[0] status OK, rds currentTime: Fri Oct 25 2019 09:59:17 GMT+0800 (GMT+08:00)
2019-10-25 09:59:17,266 INFO 40542 [egg:core] dump config after ready, 9ms
2019-10-25 09:59:26,198 INFO 40569 [egg:logger] init all loggers with options: {"dir":"/Users/arraybuffer/my_project/xz-egg/logs/xz-egg","encoding":"utf8","env":"local","level":"INFO","consoleLevel":"INFO","disableConsoleAfterReady":false,"outputJSON":false,"buffer":true,"appLogName":"xz-egg-web.log","coreLogName":"egg-web.log","agentLogName":"egg-agent.log","errorLogName":"common-error.log","coreLogger":{"consoleLevel":"WARN"},"allowDebugAtProd":false,"type":"application"}
2019-10-25 09:59:26,226 INFO 40569 [egg-multipart] stream mode enable
2019-10-25 09:59:26,227 INFO 40569 [egg-mysql] connecting root@39.108.138.156:3306/xz
2019-10-25 09:59:26,287 INFO 40569 [egg-redis] server connecting redis://:***@39.108.138.156:6379/0
2019-10-25 09:59:26,372 INFO 40569 [egg-static] starting static serve /public/ -> /Users/arraybuffer/my_project/xz-egg/app/public
2019-10-25 09:59:26,375 INFO 40569 [egg-security] use methodnoallow middleware
2019-10-25 09:59:26,375 INFO 40569 [egg-security] use noopen middleware
2019-10-25 09:59:26,376 INFO 40569 [egg-security] use nosniff middleware
2019-10-25 09:59:26,376 INFO 40569 [egg-security] use xssProtection middleware
2019-10-25 09:59:26,376 INFO 40569 [egg-security] use xframe middleware
2019-10-25 09:59:26,377 INFO 40569 [egg-security] use dta middleware
2019-10-25 09:59:26,377 INFO 40569 [egg-security] compose 6 middlewares into one security middleware
2019-10-25 09:59:26,426 INFO 40569 [egg:core] dump config after load, 6ms
2019-10-25 09:59:26,451 INFO 40569 [egg-watcher:application] watcher start success
2019-10-25 09:59:26,690 INFO 40569 [egg-redis] client connect success
2019-10-25 09:59:26,714 INFO 40569 [egg-redis] instance[0] status OK, client ready
2019-10-25 09:59:26,745 INFO 40569 [egg-mysql] instance[0] status OK, rds currentTime: Fri Oct 25 2019 09:59:26 GMT+0800 (GMT+08:00)
2019-10-25 09:59:26,763 INFO 40569 [egg:core] dump config after ready, 8ms
2019-10-25 09:59:31,711 INFO 40585 [egg:logger] init all loggers with options: {"dir":"/Users/arraybuffer/my_project/xz-egg/logs/xz-egg","encoding":"utf8","env":"local","level":"INFO","consoleLevel":"INFO","disableConsoleAfterReady":false,"outputJSON":false,"buffer":true,"appLogName":"xz-egg-web.log","coreLogName":"egg-web.log","agentLogName":"egg-agent.log","errorLogName":"common-error.log","coreLogger":{"consoleLevel":"WARN"},"allowDebugAtProd":false,"type":"application"}
2019-10-25 09:59:31,740 INFO 40585 [egg-multipart] stream mode enable
2019-10-25 09:59:31,740 INFO 40585 [egg-mysql] connecting root@39.108.138.156:3306/xz
2019-10-25 09:59:31,801 INFO 40585 [egg-redis] server connecting redis://:***@39.108.138.156:6379/0
2019-10-25 09:59:31,894 INFO 40585 [egg-static] starting static serve /public/ -> /Users/arraybuffer/my_project/xz-egg/app/public
2019-10-25 09:59:31,897 INFO 40585 [egg-security] use methodnoallow middleware
2019-10-25 09:59:31,897 INFO 40585 [egg-security] use noopen middleware
2019-10-25 09:59:31,898 INFO 40585 [egg-security] use nosniff middleware
2019-10-25 09:59:31,898 INFO 40585 [egg-security] use xssProtection middleware
2019-10-25 09:59:31,898 INFO 40585 [egg-security] use xframe middleware
2019-10-25 09:59:31,899 INFO 40585 [egg-security] use dta middleware
2019-10-25 09:59:31,899 INFO 40585 [egg-security] compose 6 middlewares into one security middleware
2019-10-25 09:59:31,948 INFO 40585 [egg:core] dump config after load, 6ms
2019-10-25 09:59:31,971 INFO 40585 [egg-watcher:application] watcher start success
2019-10-25 09:59:32,077 INFO 40585 [egg-redis] client connect success
2019-10-25 09:59:32,101 INFO 40585 [egg-redis] instance[0] status OK, client ready
2019-10-25 09:59:32,117 INFO 40585 [egg-mysql] instance[0] status OK, rds currentTime: Fri Oct 25 2019 09:59:32 GMT+0800 (GMT+08:00)
2019-10-25 09:59:32,134 INFO 40585 [egg:core] dump config after ready, 7ms
