2020-01-21 11:28:49,544 INFO 25926 [egg-schedule]: register schedule /Users/arraybuffer/code/my-app/xz-egg/node_modules/_egg-multipart@2.9.0@egg-multipart/app/schedule/clean_tmpdir.js
2020-01-21 11:28:49,544 INFO 25926 [egg-schedule]: register schedule /Users/arraybuffer/code/my-app/xz-egg/node_modules/_egg-logrotator@3.1.0@egg-logrotator/app/schedule/clean_log.js
2020-01-21 11:28:49,544 INFO 25926 [egg-schedule]: register schedule /Users/arraybuffer/code/my-app/xz-egg/node_modules/_egg-logrotator@3.1.0@egg-logrotator/app/schedule/rotate_by_file.js
2020-01-21 11:28:52,621 INFO 25936 [egg-schedule]: register schedule /Users/arraybuffer/code/my-app/xz-egg/node_modules/_egg-multipart@2.9.0@egg-multipart/app/schedule/clean_tmpdir.js
2020-01-21 11:28:52,621 INFO 25936 [egg-schedule]: register schedule /Users/arraybuffer/code/my-app/xz-egg/node_modules/_egg-logrotator@3.1.0@egg-logrotator/app/schedule/clean_log.js
2020-01-21 11:28:52,621 INFO 25936 [egg-schedule]: register schedule /Users/arraybuffer/code/my-app/xz-egg/node_modules/_egg-logrotator@3.1.0@egg-logrotator/app/schedule/rotate_by_file.js
2020-01-21 11:29:10,772 INFO 25961 [egg-schedule]: register schedule /Users/arraybuffer/code/my-app/xz-egg/node_modules/_egg-multipart@2.9.0@egg-multipart/app/schedule/clean_tmpdir.js
2020-01-21 11:29:10,772 INFO 25961 [egg-schedule]: register schedule /Users/arraybuffer/code/my-app/xz-egg/node_modules/_egg-logrotator@3.1.0@egg-logrotator/app/schedule/clean_log.js
2020-01-21 11:29:10,772 INFO 25961 [egg-schedule]: register schedule /Users/arraybuffer/code/my-app/xz-egg/node_modules/_egg-logrotator@3.1.0@egg-logrotator/app/schedule/rotate_by_file.js
2020-01-21 11:29:18,459 INFO 25982 [egg-schedule]: register schedule /Users/arraybuffer/code/my-app/xz-egg/node_modules/_egg-multipart@2.9.0@egg-multipart/app/schedule/clean_tmpdir.js
2020-01-21 11:29:18,459 INFO 25982 [egg-schedule]: register schedule /Users/arraybuffer/code/my-app/xz-egg/node_modules/_egg-logrotator@3.1.0@egg-logrotator/app/schedule/clean_log.js
2020-01-21 11:29:18,459 INFO 25982 [egg-schedule]: register schedule /Users/arraybuffer/code/my-app/xz-egg/node_modules/_egg-logrotator@3.1.0@egg-logrotator/app/schedule/rotate_by_file.js
2020-01-21 11:29:37,282 INFO 26007 [egg-schedule]: register schedule /Users/arraybuffer/code/my-app/xz-egg/node_modules/_egg-multipart@2.9.0@egg-multipart/app/schedule/clean_tmpdir.js
2020-01-21 11:29:37,282 INFO 26007 [egg-schedule]: register schedule /Users/arraybuffer/code/my-app/xz-egg/node_modules/_egg-logrotator@3.1.0@egg-logrotator/app/schedule/clean_log.js
2020-01-21 11:29:37,282 INFO 26007 [egg-schedule]: register schedule /Users/arraybuffer/code/my-app/xz-egg/node_modules/_egg-logrotator@3.1.0@egg-logrotator/app/schedule/rotate_by_file.js
2020-01-21 11:31:49,938 INFO 26080 [egg-schedule]: register schedule /Users/arraybuffer/code/my-app/xz-egg/node_modules/_egg-multipart@2.9.0@egg-multipart/app/schedule/clean_tmpdir.js
2020-01-21 11:31:49,938 INFO 26080 [egg-schedule]: register schedule /Users/arraybuffer/code/my-app/xz-egg/node_modules/_egg-logrotator@3.1.0@egg-logrotator/app/schedule/clean_log.js
2020-01-21 11:31:49,938 INFO 26080 [egg-schedule]: register schedule /Users/arraybuffer/code/my-app/xz-egg/node_modules/_egg-logrotator@3.1.0@egg-logrotator/app/schedule/rotate_by_file.js
2020-01-21 11:32:28,744 INFO 26111 [egg-schedule]: register schedule /Users/arraybuffer/code/my-app/xz-egg/node_modules/_egg-multipart@2.9.0@egg-multipart/app/schedule/clean_tmpdir.js
2020-01-21 11:32:28,744 INFO 26111 [egg-schedule]: register schedule /Users/arraybuffer/code/my-app/xz-egg/node_modules/_egg-logrotator@3.1.0@egg-logrotator/app/schedule/clean_log.js
2020-01-21 11:32:28,744 INFO 26111 [egg-schedule]: register schedule /Users/arraybuffer/code/my-app/xz-egg/node_modules/_egg-logrotator@3.1.0@egg-logrotator/app/schedule/rotate_by_file.js
2020-01-21 11:32:32,096 INFO 26124 [egg-schedule]: register schedule /Users/arraybuffer/code/my-app/xz-egg/node_modules/_egg-multipart@2.9.0@egg-multipart/app/schedule/clean_tmpdir.js
2020-01-21 11:32:32,096 INFO 26124 [egg-schedule]: register schedule /Users/arraybuffer/code/my-app/xz-egg/node_modules/_egg-logrotator@3.1.0@egg-logrotator/app/schedule/clean_log.js
2020-01-21 11:32:32,096 INFO 26124 [egg-schedule]: register schedule /Users/arraybuffer/code/my-app/xz-egg/node_modules/_egg-logrotator@3.1.0@egg-logrotator/app/schedule/rotate_by_file.js
2020-01-21 11:32:36,705 INFO 26140 [egg-schedule]: register schedule /Users/arraybuffer/code/my-app/xz-egg/node_modules/_egg-multipart@2.9.0@egg-multipart/app/schedule/clean_tmpdir.js
2020-01-21 11:32:36,705 INFO 26140 [egg-schedule]: register schedule /Users/arraybuffer/code/my-app/xz-egg/node_modules/_egg-logrotator@3.1.0@egg-logrotator/app/schedule/clean_log.js
2020-01-21 11:32:36,705 INFO 26140 [egg-schedule]: register schedule /Users/arraybuffer/code/my-app/xz-egg/node_modules/_egg-logrotator@3.1.0@egg-logrotator/app/schedule/rotate_by_file.js
2020-01-21 13:59:53,752 INFO 27116 [egg-schedule]: register schedule /Users/arraybuffer/code/my-app/xz-egg/node_modules/_egg-multipart@2.9.0@egg-multipart/app/schedule/clean_tmpdir.js
2020-01-21 13:59:53,752 INFO 27116 [egg-schedule]: register schedule /Users/arraybuffer/code/my-app/xz-egg/node_modules/_egg-logrotator@3.1.0@egg-logrotator/app/schedule/clean_log.js
2020-01-21 13:59:53,752 INFO 27116 [egg-schedule]: register schedule /Users/arraybuffer/code/my-app/xz-egg/node_modules/_egg-logrotator@3.1.0@egg-logrotator/app/schedule/rotate_by_file.js
2020-01-21 14:05:16,414 INFO 27151 [egg-schedule]: register schedule /Users/arraybuffer/code/my-app/xz-egg/node_modules/_egg-multipart@2.9.0@egg-multipart/app/schedule/clean_tmpdir.js
2020-01-21 14:05:16,414 INFO 27151 [egg-schedule]: register schedule /Users/arraybuffer/code/my-app/xz-egg/node_modules/_egg-logrotator@3.1.0@egg-logrotator/app/schedule/clean_log.js
2020-01-21 14:05:16,414 INFO 27151 [egg-schedule]: register schedule /Users/arraybuffer/code/my-app/xz-egg/node_modules/_egg-logrotator@3.1.0@egg-logrotator/app/schedule/rotate_by_file.js
2020-01-21 14:05:18,079 INFO 27163 [egg-schedule]: register schedule /Users/arraybuffer/code/my-app/xz-egg/node_modules/_egg-multipart@2.9.0@egg-multipart/app/schedule/clean_tmpdir.js
2020-01-21 14:05:18,079 INFO 27163 [egg-schedule]: register schedule /Users/arraybuffer/code/my-app/xz-egg/node_modules/_egg-logrotator@3.1.0@egg-logrotator/app/schedule/clean_log.js
2020-01-21 14:05:18,079 INFO 27163 [egg-schedule]: register schedule /Users/arraybuffer/code/my-app/xz-egg/node_modules/_egg-logrotator@3.1.0@egg-logrotator/app/schedule/rotate_by_file.js
2020-01-21 14:05:55,474 INFO 27188 [egg-schedule]: register schedule /Users/arraybuffer/code/my-app/xz-egg/node_modules/_egg-multipart@2.9.0@egg-multipart/app/schedule/clean_tmpdir.js
2020-01-21 14:05:55,474 INFO 27188 [egg-schedule]: register schedule /Users/arraybuffer/code/my-app/xz-egg/node_modules/_egg-logrotator@3.1.0@egg-logrotator/app/schedule/clean_log.js
2020-01-21 14:05:55,474 INFO 27188 [egg-schedule]: register schedule /Users/arraybuffer/code/my-app/xz-egg/node_modules/_egg-logrotator@3.1.0@egg-logrotator/app/schedule/rotate_by_file.js
2020-01-21 14:05:56,415 INFO 27191 [egg-schedule]: register schedule /Users/arraybuffer/code/my-app/xz-egg/node_modules/_egg-multipart@2.9.0@egg-multipart/app/schedule/clean_tmpdir.js
2020-01-21 14:05:56,415 INFO 27191 [egg-schedule]: register schedule /Users/arraybuffer/code/my-app/xz-egg/node_modules/_egg-logrotator@3.1.0@egg-logrotator/app/schedule/clean_log.js
2020-01-21 14:05:56,415 INFO 27191 [egg-schedule]: register schedule /Users/arraybuffer/code/my-app/xz-egg/node_modules/_egg-logrotator@3.1.0@egg-logrotator/app/schedule/rotate_by_file.js
2020-01-21 14:06:23,104 INFO 27205 [egg-schedule]: register schedule /Users/arraybuffer/code/my-app/xz-egg/node_modules/_egg-multipart@2.9.0@egg-multipart/app/schedule/clean_tmpdir.js
2020-01-21 14:06:23,104 INFO 27205 [egg-schedule]: register schedule /Users/arraybuffer/code/my-app/xz-egg/node_modules/_egg-logrotator@3.1.0@egg-logrotator/app/schedule/clean_log.js
2020-01-21 14:06:23,104 INFO 27205 [egg-schedule]: register schedule /Users/arraybuffer/code/my-app/xz-egg/node_modules/_egg-logrotator@3.1.0@egg-logrotator/app/schedule/rotate_by_file.js
2020-02-20 16:59:32,565 INFO 7612 [egg-schedule]: register schedule /Users/arraybuffer/code/my-app/xz-egg/node_modules/_egg-multipart@2.9.0@egg-multipart/app/schedule/clean_tmpdir.js
2020-02-20 16:59:32,565 INFO 7612 [egg-schedule]: register schedule /Users/arraybuffer/code/my-app/xz-egg/node_modules/_egg-logrotator@3.1.0@egg-logrotator/app/schedule/clean_log.js
2020-02-20 16:59:32,565 INFO 7612 [egg-schedule]: register schedule /Users/arraybuffer/code/my-app/xz-egg/node_modules/_egg-logrotator@3.1.0@egg-logrotator/app/schedule/rotate_by_file.js
2020-02-20 16:59:33,062 INFO 7611 [Timer] /Users/arraybuffer/code/my-app/xz-egg/node_modules/_egg-multipart@2.9.0@egg-multipart/app/schedule/clean_tmpdir.js next time will execute after 41426942ms at 2020-02-21 04:30:00.004
2020-02-20 16:59:33,062 INFO 7611 [Timer] /Users/arraybuffer/code/my-app/xz-egg/node_modules/_egg-logrotator@3.1.0@egg-logrotator/app/schedule/clean_log.js next time will execute after 25226938ms at 2020-02-21 00:00:00.000
2020-02-20 16:59:33,062 INFO 7611 [Timer] /Users/arraybuffer/code/my-app/xz-egg/node_modules/_egg-logrotator@3.1.0@egg-logrotator/app/schedule/rotate_by_file.js next time will execute after 25227938ms at 2020-02-21 00:00:01.000
2020-02-20 17:06:56,193 INFO 7707 [egg-schedule]: register schedule /Users/arraybuffer/code/my-app/xz-egg/node_modules/_egg-multipart@2.9.0@egg-multipart/app/schedule/clean_tmpdir.js
2020-02-20 17:06:56,193 INFO 7707 [egg-schedule]: register schedule /Users/arraybuffer/code/my-app/xz-egg/node_modules/_egg-logrotator@3.1.0@egg-logrotator/app/schedule/clean_log.js
2020-02-20 17:06:56,193 INFO 7707 [egg-schedule]: register schedule /Users/arraybuffer/code/my-app/xz-egg/node_modules/_egg-logrotator@3.1.0@egg-logrotator/app/schedule/rotate_by_file.js
2020-02-20 17:07:22,731 INFO 7718 [egg-schedule]: register schedule /Users/arraybuffer/code/my-app/xz-egg/node_modules/_egg-multipart@2.9.0@egg-multipart/app/schedule/clean_tmpdir.js
2020-02-20 17:07:22,732 INFO 7718 [egg-schedule]: register schedule /Users/arraybuffer/code/my-app/xz-egg/node_modules/_egg-logrotator@3.1.0@egg-logrotator/app/schedule/clean_log.js
2020-02-20 17:07:22,732 INFO 7718 [egg-schedule]: register schedule /Users/arraybuffer/code/my-app/xz-egg/node_modules/_egg-logrotator@3.1.0@egg-logrotator/app/schedule/rotate_by_file.js
2020-02-20 17:08:27,800 INFO 7728 [egg-schedule]: register schedule /Users/arraybuffer/code/my-app/xz-egg/node_modules/_egg-multipart@2.9.0@egg-multipart/app/schedule/clean_tmpdir.js
2020-02-20 17:08:27,800 INFO 7728 [egg-schedule]: register schedule /Users/arraybuffer/code/my-app/xz-egg/node_modules/_egg-logrotator@3.1.0@egg-logrotator/app/schedule/clean_log.js
2020-02-20 17:08:27,800 INFO 7728 [egg-schedule]: register schedule /Users/arraybuffer/code/my-app/xz-egg/node_modules/_egg-logrotator@3.1.0@egg-logrotator/app/schedule/rotate_by_file.js
2020-02-20 17:08:43,872 INFO 7731 [egg-schedule]: register schedule /Users/arraybuffer/code/my-app/xz-egg/node_modules/_egg-multipart@2.9.0@egg-multipart/app/schedule/clean_tmpdir.js
2020-02-20 17:08:43,872 INFO 7731 [egg-schedule]: register schedule /Users/arraybuffer/code/my-app/xz-egg/node_modules/_egg-logrotator@3.1.0@egg-logrotator/app/schedule/clean_log.js
2020-02-20 17:08:43,872 INFO 7731 [egg-schedule]: register schedule /Users/arraybuffer/code/my-app/xz-egg/node_modules/_egg-logrotator@3.1.0@egg-logrotator/app/schedule/rotate_by_file.js
2020-02-20 17:08:44,749 INFO 7732 [egg-schedule]: register schedule /Users/arraybuffer/code/my-app/xz-egg/node_modules/_egg-multipart@2.9.0@egg-multipart/app/schedule/clean_tmpdir.js
2020-02-20 17:08:44,749 INFO 7732 [egg-schedule]: register schedule /Users/arraybuffer/code/my-app/xz-egg/node_modules/_egg-logrotator@3.1.0@egg-logrotator/app/schedule/clean_log.js
2020-02-20 17:08:44,749 INFO 7732 [egg-schedule]: register schedule /Users/arraybuffer/code/my-app/xz-egg/node_modules/_egg-logrotator@3.1.0@egg-logrotator/app/schedule/rotate_by_file.js
2020-02-20 17:08:52,025 INFO 7735 [egg-schedule]: register schedule /Users/arraybuffer/code/my-app/xz-egg/node_modules/_egg-multipart@2.9.0@egg-multipart/app/schedule/clean_tmpdir.js
2020-02-20 17:08:52,025 INFO 7735 [egg-schedule]: register schedule /Users/arraybuffer/code/my-app/xz-egg/node_modules/_egg-logrotator@3.1.0@egg-logrotator/app/schedule/clean_log.js
2020-02-20 17:08:52,025 INFO 7735 [egg-schedule]: register schedule /Users/arraybuffer/code/my-app/xz-egg/node_modules/_egg-logrotator@3.1.0@egg-logrotator/app/schedule/rotate_by_file.js
2020-02-20 17:12:53,673 INFO 7814 [egg-schedule]: register schedule /Users/arraybuffer/code/my-app/xz-egg/node_modules/_egg-multipart@2.9.0@egg-multipart/app/schedule/clean_tmpdir.js
2020-02-20 17:12:53,673 INFO 7814 [egg-schedule]: register schedule /Users/arraybuffer/code/my-app/xz-egg/node_modules/_egg-logrotator@3.1.0@egg-logrotator/app/schedule/clean_log.js
2020-02-20 17:12:53,673 INFO 7814 [egg-schedule]: register schedule /Users/arraybuffer/code/my-app/xz-egg/node_modules/_egg-logrotator@3.1.0@egg-logrotator/app/schedule/rotate_by_file.js
2020-02-20 17:12:54,006 INFO 7813 [Timer] /Users/arraybuffer/code/my-app/xz-egg/node_modules/_egg-multipart@2.9.0@egg-multipart/app/schedule/clean_tmpdir.js next time will execute after 40625997ms at 2020-02-21 04:30:00.003
2020-02-20 17:12:54,007 INFO 7813 [Timer] /Users/arraybuffer/code/my-app/xz-egg/node_modules/_egg-logrotator@3.1.0@egg-logrotator/app/schedule/clean_log.js next time will execute after 24425993ms at 2020-02-21 00:00:00.000
2020-02-20 17:12:54,007 INFO 7813 [Timer] /Users/arraybuffer/code/my-app/xz-egg/node_modules/_egg-logrotator@3.1.0@egg-logrotator/app/schedule/rotate_by_file.js next time will execute after 24426993ms at 2020-02-21 00:00:01.000
2020-02-20 17:13:34,710 INFO 7830 [egg-schedule]: register schedule /Users/arraybuffer/code/my-app/xz-egg/node_modules/_egg-multipart@2.9.0@egg-multipart/app/schedule/clean_tmpdir.js
2020-02-20 17:13:34,710 INFO 7830 [egg-schedule]: register schedule /Users/arraybuffer/code/my-app/xz-egg/node_modules/_egg-logrotator@3.1.0@egg-logrotator/app/schedule/clean_log.js
2020-02-20 17:13:34,710 INFO 7830 [egg-schedule]: register schedule /Users/arraybuffer/code/my-app/xz-egg/node_modules/_egg-logrotator@3.1.0@egg-logrotator/app/schedule/rotate_by_file.js
2020-02-20 17:34:01,255 INFO 8394 [egg-schedule]: register schedule /Users/arraybuffer/code/my-app/xz-egg/node_modules/_egg-multipart@2.9.0@egg-multipart/app/schedule/clean_tmpdir.js
2020-02-20 17:34:01,255 INFO 8394 [egg-schedule]: register schedule /Users/arraybuffer/code/my-app/xz-egg/node_modules/_egg-logrotator@3.1.0@egg-logrotator/app/schedule/clean_log.js
2020-02-20 17:34:01,255 INFO 8394 [egg-schedule]: register schedule /Users/arraybuffer/code/my-app/xz-egg/node_modules/_egg-logrotator@3.1.0@egg-logrotator/app/schedule/rotate_by_file.js
2020-02-20 17:34:50,896 INFO 8415 [egg-schedule]: register schedule /Users/arraybuffer/code/my-app/xz-egg/node_modules/_egg-multipart@2.9.0@egg-multipart/app/schedule/clean_tmpdir.js
2020-02-20 17:34:50,896 INFO 8415 [egg-schedule]: register schedule /Users/arraybuffer/code/my-app/xz-egg/node_modules/_egg-logrotator@3.1.0@egg-logrotator/app/schedule/clean_log.js
2020-02-20 17:34:50,896 INFO 8415 [egg-schedule]: register schedule /Users/arraybuffer/code/my-app/xz-egg/node_modules/_egg-logrotator@3.1.0@egg-logrotator/app/schedule/rotate_by_file.js
2020-02-20 17:35:07,571 INFO 8418 [egg-schedule]: register schedule /Users/arraybuffer/code/my-app/xz-egg/node_modules/_egg-multipart@2.9.0@egg-multipart/app/schedule/clean_tmpdir.js
2020-02-20 17:35:07,571 INFO 8418 [egg-schedule]: register schedule /Users/arraybuffer/code/my-app/xz-egg/node_modules/_egg-logrotator@3.1.0@egg-logrotator/app/schedule/clean_log.js
2020-02-20 17:35:07,571 INFO 8418 [egg-schedule]: register schedule /Users/arraybuffer/code/my-app/xz-egg/node_modules/_egg-logrotator@3.1.0@egg-logrotator/app/schedule/rotate_by_file.js
2020-02-20 17:35:32,218 INFO 8428 [egg-schedule]: register schedule /Users/arraybuffer/code/my-app/xz-egg/node_modules/_egg-multipart@2.9.0@egg-multipart/app/schedule/clean_tmpdir.js
2020-02-20 17:35:32,218 INFO 8428 [egg-schedule]: register schedule /Users/arraybuffer/code/my-app/xz-egg/node_modules/_egg-logrotator@3.1.0@egg-logrotator/app/schedule/clean_log.js
2020-02-20 17:35:32,218 INFO 8428 [egg-schedule]: register schedule /Users/arraybuffer/code/my-app/xz-egg/node_modules/_egg-logrotator@3.1.0@egg-logrotator/app/schedule/rotate_by_file.js
2020-02-20 17:35:47,754 INFO 8431 [egg-schedule]: register schedule /Users/arraybuffer/code/my-app/xz-egg/node_modules/_egg-multipart@2.9.0@egg-multipart/app/schedule/clean_tmpdir.js
2020-02-20 17:35:47,754 INFO 8431 [egg-schedule]: register schedule /Users/arraybuffer/code/my-app/xz-egg/node_modules/_egg-logrotator@3.1.0@egg-logrotator/app/schedule/clean_log.js
2020-02-20 17:35:47,754 INFO 8431 [egg-schedule]: register schedule /Users/arraybuffer/code/my-app/xz-egg/node_modules/_egg-logrotator@3.1.0@egg-logrotator/app/schedule/rotate_by_file.js
2020-02-20 17:35:48,691 INFO 8432 [egg-schedule]: register schedule /Users/arraybuffer/code/my-app/xz-egg/node_modules/_egg-multipart@2.9.0@egg-multipart/app/schedule/clean_tmpdir.js
2020-02-20 17:35:48,691 INFO 8432 [egg-schedule]: register schedule /Users/arraybuffer/code/my-app/xz-egg/node_modules/_egg-logrotator@3.1.0@egg-logrotator/app/schedule/clean_log.js
2020-02-20 17:35:48,691 INFO 8432 [egg-schedule]: register schedule /Users/arraybuffer/code/my-app/xz-egg/node_modules/_egg-logrotator@3.1.0@egg-logrotator/app/schedule/rotate_by_file.js
2020-02-20 17:36:19,752 INFO 8435 [egg-schedule]: register schedule /Users/arraybuffer/code/my-app/xz-egg/node_modules/_egg-multipart@2.9.0@egg-multipart/app/schedule/clean_tmpdir.js
2020-02-20 17:36:19,752 INFO 8435 [egg-schedule]: register schedule /Users/arraybuffer/code/my-app/xz-egg/node_modules/_egg-logrotator@3.1.0@egg-logrotator/app/schedule/clean_log.js
2020-02-20 17:36:19,752 INFO 8435 [egg-schedule]: register schedule /Users/arraybuffer/code/my-app/xz-egg/node_modules/_egg-logrotator@3.1.0@egg-logrotator/app/schedule/rotate_by_file.js
2020-02-20 17:36:34,174 INFO 8446 [egg-schedule]: register schedule /Users/arraybuffer/code/my-app/xz-egg/node_modules/_egg-multipart@2.9.0@egg-multipart/app/schedule/clean_tmpdir.js
2020-02-20 17:36:34,174 INFO 8446 [egg-schedule]: register schedule /Users/arraybuffer/code/my-app/xz-egg/node_modules/_egg-logrotator@3.1.0@egg-logrotator/app/schedule/clean_log.js
2020-02-20 17:36:34,174 INFO 8446 [egg-schedule]: register schedule /Users/arraybuffer/code/my-app/xz-egg/node_modules/_egg-logrotator@3.1.0@egg-logrotator/app/schedule/rotate_by_file.js
2020-02-20 17:45:20,253 INFO 8687 [egg-schedule]: register schedule /Users/arraybuffer/code/my-app/xz-egg/node_modules/_egg-multipart@2.9.0@egg-multipart/app/schedule/clean_tmpdir.js
2020-02-20 17:45:20,253 INFO 8687 [egg-schedule]: register schedule /Users/arraybuffer/code/my-app/xz-egg/node_modules/_egg-logrotator@3.1.0@egg-logrotator/app/schedule/clean_log.js
2020-02-20 17:45:20,253 INFO 8687 [egg-schedule]: register schedule /Users/arraybuffer/code/my-app/xz-egg/node_modules/_egg-logrotator@3.1.0@egg-logrotator/app/schedule/rotate_by_file.js
2020-02-20 17:45:31,330 INFO 8697 [egg-schedule]: register schedule /Users/arraybuffer/code/my-app/xz-egg/node_modules/_egg-multipart@2.9.0@egg-multipart/app/schedule/clean_tmpdir.js
2020-02-20 17:45:31,330 INFO 8697 [egg-schedule]: register schedule /Users/arraybuffer/code/my-app/xz-egg/node_modules/_egg-logrotator@3.1.0@egg-logrotator/app/schedule/clean_log.js
2020-02-20 17:45:31,330 INFO 8697 [egg-schedule]: register schedule /Users/arraybuffer/code/my-app/xz-egg/node_modules/_egg-logrotator@3.1.0@egg-logrotator/app/schedule/rotate_by_file.js
2020-02-20 18:06:59,500 INFO 9408 [egg-schedule]: register schedule /Users/arraybuffer/code/my-app/xz-egg/node_modules/_egg-multipart@2.9.0@egg-multipart/app/schedule/clean_tmpdir.js
2020-02-20 18:06:59,500 INFO 9408 [egg-schedule]: register schedule /Users/arraybuffer/code/my-app/xz-egg/node_modules/_egg-logrotator@3.1.0@egg-logrotator/app/schedule/clean_log.js
2020-02-20 18:06:59,500 INFO 9408 [egg-schedule]: register schedule /Users/arraybuffer/code/my-app/xz-egg/node_modules/_egg-logrotator@3.1.0@egg-logrotator/app/schedule/rotate_by_file.js
2020-02-20 18:07:04,860 INFO 9411 [egg-schedule]: register schedule /Users/arraybuffer/code/my-app/xz-egg/node_modules/_egg-multipart@2.9.0@egg-multipart/app/schedule/clean_tmpdir.js
2020-02-20 18:07:04,860 INFO 9411 [egg-schedule]: register schedule /Users/arraybuffer/code/my-app/xz-egg/node_modules/_egg-logrotator@3.1.0@egg-logrotator/app/schedule/clean_log.js
2020-02-20 18:07:04,860 INFO 9411 [egg-schedule]: register schedule /Users/arraybuffer/code/my-app/xz-egg/node_modules/_egg-logrotator@3.1.0@egg-logrotator/app/schedule/rotate_by_file.js
2020-02-20 18:42:36,202 INFO 10224 [egg-schedule]: register schedule /Users/arraybuffer/code/my-app/xz-egg/node_modules/_egg-multipart@2.9.0@egg-multipart/app/schedule/clean_tmpdir.js
2020-02-20 18:42:36,202 INFO 10224 [egg-schedule]: register schedule /Users/arraybuffer/code/my-app/xz-egg/node_modules/_egg-logrotator@3.1.0@egg-logrotator/app/schedule/clean_log.js
2020-02-20 18:42:36,202 INFO 10224 [egg-schedule]: register schedule /Users/arraybuffer/code/my-app/xz-egg/node_modules/_egg-logrotator@3.1.0@egg-logrotator/app/schedule/rotate_by_file.js
2020-03-13 16:44:52,186 INFO 23631 [egg-schedule]: register schedule /Users/arraybuffer/code/my-app/xz-egg/node_modules/_egg-multipart@2.9.0@egg-multipart/app/schedule/clean_tmpdir.js
2020-03-13 16:44:52,186 INFO 23631 [egg-schedule]: register schedule /Users/arraybuffer/code/my-app/xz-egg/node_modules/_egg-logrotator@3.1.0@egg-logrotator/app/schedule/clean_log.js
2020-03-13 16:44:52,186 INFO 23631 [egg-schedule]: register schedule /Users/arraybuffer/code/my-app/xz-egg/node_modules/_egg-logrotator@3.1.0@egg-logrotator/app/schedule/rotate_by_file.js
2020-03-13 16:44:52,901 INFO 23630 [Timer] /Users/arraybuffer/code/my-app/xz-egg/node_modules/_egg-multipart@2.9.0@egg-multipart/app/schedule/clean_tmpdir.js next time will execute after 42307103ms at 2020-03-14 04:30:00.004
2020-03-13 16:44:52,901 INFO 23630 [Timer] /Users/arraybuffer/code/my-app/xz-egg/node_modules/_egg-logrotator@3.1.0@egg-logrotator/app/schedule/clean_log.js next time will execute after 26107099ms at 2020-03-14 00:00:00.000
2020-03-13 16:44:52,901 INFO 23630 [Timer] /Users/arraybuffer/code/my-app/xz-egg/node_modules/_egg-logrotator@3.1.0@egg-logrotator/app/schedule/rotate_by_file.js next time will execute after 26108099ms at 2020-03-14 00:00:01.000
2020-03-13 17:56:32,875 INFO 26878 [egg-schedule]: register schedule /Users/arraybuffer/code/my-app/xz-egg/node_modules/_egg-multipart@2.9.0@egg-multipart/app/schedule/clean_tmpdir.js
2020-03-13 17:56:32,875 INFO 26878 [egg-schedule]: register schedule /Users/arraybuffer/code/my-app/xz-egg/node_modules/_egg-logrotator@3.1.0@egg-logrotator/app/schedule/clean_log.js
2020-03-13 17:56:32,875 INFO 26878 [egg-schedule]: register schedule /Users/arraybuffer/code/my-app/xz-egg/node_modules/_egg-logrotator@3.1.0@egg-logrotator/app/schedule/rotate_by_file.js
2020-03-13 17:56:44,872 INFO 26898 [egg-schedule]: register schedule /Users/arraybuffer/code/my-app/xz-egg/node_modules/_egg-multipart@2.9.0@egg-multipart/app/schedule/clean_tmpdir.js
2020-03-13 17:56:44,872 INFO 26898 [egg-schedule]: register schedule /Users/arraybuffer/code/my-app/xz-egg/node_modules/_egg-logrotator@3.1.0@egg-logrotator/app/schedule/clean_log.js
2020-03-13 17:56:44,872 INFO 26898 [egg-schedule]: register schedule /Users/arraybuffer/code/my-app/xz-egg/node_modules/_egg-logrotator@3.1.0@egg-logrotator/app/schedule/rotate_by_file.js
2020-03-13 17:56:48,204 INFO 26904 [egg-schedule]: register schedule /Users/arraybuffer/code/my-app/xz-egg/node_modules/_egg-multipart@2.9.0@egg-multipart/app/schedule/clean_tmpdir.js
2020-03-13 17:56:48,204 INFO 26904 [egg-schedule]: register schedule /Users/arraybuffer/code/my-app/xz-egg/node_modules/_egg-logrotator@3.1.0@egg-logrotator/app/schedule/clean_log.js
2020-03-13 17:56:48,204 INFO 26904 [egg-schedule]: register schedule /Users/arraybuffer/code/my-app/xz-egg/node_modules/_egg-logrotator@3.1.0@egg-logrotator/app/schedule/rotate_by_file.js
2020-03-13 17:57:11,368 INFO 26919 [egg-schedule]: register schedule /Users/arraybuffer/code/my-app/xz-egg/node_modules/_egg-multipart@2.9.0@egg-multipart/app/schedule/clean_tmpdir.js
2020-03-13 17:57:11,368 INFO 26919 [egg-schedule]: register schedule /Users/arraybuffer/code/my-app/xz-egg/node_modules/_egg-logrotator@3.1.0@egg-logrotator/app/schedule/clean_log.js
2020-03-13 17:57:11,368 INFO 26919 [egg-schedule]: register schedule /Users/arraybuffer/code/my-app/xz-egg/node_modules/_egg-logrotator@3.1.0@egg-logrotator/app/schedule/rotate_by_file.js
2020-03-13 17:57:22,434 INFO 26928 [egg-schedule]: register schedule /Users/arraybuffer/code/my-app/xz-egg/node_modules/_egg-multipart@2.9.0@egg-multipart/app/schedule/clean_tmpdir.js
2020-03-13 17:57:22,434 INFO 26928 [egg-schedule]: register schedule /Users/arraybuffer/code/my-app/xz-egg/node_modules/_egg-logrotator@3.1.0@egg-logrotator/app/schedule/clean_log.js
2020-03-13 17:57:22,434 INFO 26928 [egg-schedule]: register schedule /Users/arraybuffer/code/my-app/xz-egg/node_modules/_egg-logrotator@3.1.0@egg-logrotator/app/schedule/rotate_by_file.js
2020-03-13 17:59:32,813 INFO 27024 [egg-schedule]: register schedule /Users/arraybuffer/code/my-app/xz-egg/node_modules/_egg-multipart@2.9.0@egg-multipart/app/schedule/clean_tmpdir.js
2020-03-13 17:59:32,813 INFO 27024 [egg-schedule]: register schedule /Users/arraybuffer/code/my-app/xz-egg/node_modules/_egg-logrotator@3.1.0@egg-logrotator/app/schedule/clean_log.js
2020-03-13 17:59:32,813 INFO 27024 [egg-schedule]: register schedule /Users/arraybuffer/code/my-app/xz-egg/node_modules/_egg-logrotator@3.1.0@egg-logrotator/app/schedule/rotate_by_file.js
2020-03-13 18:00:53,711 INFO 27104 [egg-schedule]: register schedule /Users/arraybuffer/code/my-app/xz-egg/node_modules/_egg-multipart@2.9.0@egg-multipart/app/schedule/clean_tmpdir.js
2020-03-13 18:00:53,711 INFO 27104 [egg-schedule]: register schedule /Users/arraybuffer/code/my-app/xz-egg/node_modules/_egg-logrotator@3.1.0@egg-logrotator/app/schedule/clean_log.js
2020-03-13 18:00:53,711 INFO 27104 [egg-schedule]: register schedule /Users/arraybuffer/code/my-app/xz-egg/node_modules/_egg-logrotator@3.1.0@egg-logrotator/app/schedule/rotate_by_file.js
2020-03-13 18:00:56,674 INFO 27114 [egg-schedule]: register schedule /Users/arraybuffer/code/my-app/xz-egg/node_modules/_egg-multipart@2.9.0@egg-multipart/app/schedule/clean_tmpdir.js
2020-03-13 18:00:56,674 INFO 27114 [egg-schedule]: register schedule /Users/arraybuffer/code/my-app/xz-egg/node_modules/_egg-logrotator@3.1.0@egg-logrotator/app/schedule/clean_log.js
2020-03-13 18:00:56,674 INFO 27114 [egg-schedule]: register schedule /Users/arraybuffer/code/my-app/xz-egg/node_modules/_egg-logrotator@3.1.0@egg-logrotator/app/schedule/rotate_by_file.js
2020-03-13 18:01:27,988 INFO 27135 [egg-schedule]: register schedule /Users/arraybuffer/code/my-app/xz-egg/node_modules/_egg-multipart@2.9.0@egg-multipart/app/schedule/clean_tmpdir.js
2020-03-13 18:01:27,988 INFO 27135 [egg-schedule]: register schedule /Users/arraybuffer/code/my-app/xz-egg/node_modules/_egg-logrotator@3.1.0@egg-logrotator/app/schedule/clean_log.js
2020-03-13 18:01:27,988 INFO 27135 [egg-schedule]: register schedule /Users/arraybuffer/code/my-app/xz-egg/node_modules/_egg-logrotator@3.1.0@egg-logrotator/app/schedule/rotate_by_file.js
2020-03-13 18:01:51,585 INFO 27157 [egg-schedule]: register schedule /Users/arraybuffer/code/my-app/xz-egg/node_modules/_egg-multipart@2.9.0@egg-multipart/app/schedule/clean_tmpdir.js
2020-03-13 18:01:51,585 INFO 27157 [egg-schedule]: register schedule /Users/arraybuffer/code/my-app/xz-egg/node_modules/_egg-logrotator@3.1.0@egg-logrotator/app/schedule/clean_log.js
2020-03-13 18:01:51,585 INFO 27157 [egg-schedule]: register schedule /Users/arraybuffer/code/my-app/xz-egg/node_modules/_egg-logrotator@3.1.0@egg-logrotator/app/schedule/rotate_by_file.js
2020-03-13 18:02:43,017 INFO 27199 [egg-schedule]: register schedule /Users/arraybuffer/code/my-app/xz-egg/node_modules/_egg-multipart@2.9.0@egg-multipart/app/schedule/clean_tmpdir.js
2020-03-13 18:02:43,017 INFO 27199 [egg-schedule]: register schedule /Users/arraybuffer/code/my-app/xz-egg/node_modules/_egg-logrotator@3.1.0@egg-logrotator/app/schedule/clean_log.js
2020-03-13 18:02:43,017 INFO 27199 [egg-schedule]: register schedule /Users/arraybuffer/code/my-app/xz-egg/node_modules/_egg-logrotator@3.1.0@egg-logrotator/app/schedule/rotate_by_file.js
2020-03-13 18:02:53,590 INFO 27209 [egg-schedule]: register schedule /Users/arraybuffer/code/my-app/xz-egg/node_modules/_egg-multipart@2.9.0@egg-multipart/app/schedule/clean_tmpdir.js
2020-03-13 18:02:53,590 INFO 27209 [egg-schedule]: register schedule /Users/arraybuffer/code/my-app/xz-egg/node_modules/_egg-logrotator@3.1.0@egg-logrotator/app/schedule/clean_log.js
2020-03-13 18:02:53,590 INFO 27209 [egg-schedule]: register schedule /Users/arraybuffer/code/my-app/xz-egg/node_modules/_egg-logrotator@3.1.0@egg-logrotator/app/schedule/rotate_by_file.js
2020-03-13 18:02:59,423 INFO 27218 [egg-schedule]: register schedule /Users/arraybuffer/code/my-app/xz-egg/node_modules/_egg-multipart@2.9.0@egg-multipart/app/schedule/clean_tmpdir.js
2020-03-13 18:02:59,423 INFO 27218 [egg-schedule]: register schedule /Users/arraybuffer/code/my-app/xz-egg/node_modules/_egg-logrotator@3.1.0@egg-logrotator/app/schedule/clean_log.js
2020-03-13 18:02:59,423 INFO 27218 [egg-schedule]: register schedule /Users/arraybuffer/code/my-app/xz-egg/node_modules/_egg-logrotator@3.1.0@egg-logrotator/app/schedule/rotate_by_file.js
